#
# There is insufficient memory for the Java Runtime Environment to continue.
# Native memory allocation (malloc) failed to allocate 1048576 bytes. Error detail: AllocateHeap
# Possible reasons:
#   The system is out of physical RAM or swap space
#   This process is running with CompressedOops enabled, and the Java Heap may be blocking the growth of the native heap
# Possible solutions:
#   Reduce memory load on the system
#   Increase physical memory or swap space
#   Check if swap backing store is full
#   Decrease Java heap size (-Xmx/-Xms)
#   Decrease number of Java threads
#   Decrease Java thread stack sizes (-Xss)
#   Set larger code cache with -XX:ReservedCodeCacheSize=
#   JVM is running with Unscaled Compressed Oops mode in which the Java heap is
#     placed in the first 4GB address space. The Java Heap base address is the
#     maximum limit for the native heap growth. Please use -XX:HeapBaseMinAddress
#     to set the Java Heap base and to place the Java Heap above 4GB virtual address.
# This output file may be truncated or incomplete.
#
#  Out of Memory Error (allocation.cpp:44), pid=18756, tid=9976
#
# JRE version: OpenJDK Runtime Environment Temurin-21.0.9+10 (21.0.9+10) (build 21.0.9+10-LTS)
# Java VM: OpenJDK 64-Bit Server VM Temurin-21.0.9+10 (21.0.9+10-LTS, mixed mode, sharing, tiered, compressed oops, compressed class ptrs, parallel gc, windows-amd64)
# No core dump will be written. Minidumps are not enabled by default on client versions of Windows
#

---------------  S U M M A R Y ------------

Command Line: --add-modules=ALL-SYSTEM --add-opens=java.base/java.util=ALL-UNNAMED --add-opens=java.base/java.lang=ALL-UNNAMED --add-opens=java.base/sun.nio.fs=ALL-UNNAMED -Declipse.application=org.eclipse.jdt.ls.core.id1 -Dosgi.bundles.defaultStartLevel=4 -Declipse.product=org.eclipse.jdt.ls.core.product -Djava.import.generatesMetadataFilesAtProjectRoot=false -DDetectVMInstallationsJob.disabled=true -Dfile.encoding=utf8 -XX:+UseParallelGC -XX:GCTimeRatio=4 -XX:AdaptiveSizePolicyWeight=90 -Dsun.zip.disableMemoryMapping=true -Xmx2G -Xms100m -Xlog:disable -javaagent:c:\Users\CETECOM\.vscode\extensions\redhat.java-1.50.0-win32-x64\lombok\lombok-1.18.39-4050.jar -XX:+HeapDumpOnOutOfMemoryError -XX:HeapDumpPath=c:\Users\CETECOM\AppData\Roaming\Code\User\workspaceStorage\57ae672ed4960f5eec4c251ee6551935\redhat.java -Daether.dependencyCollector.impl=bf c:\Users\CETECOM\.vscode\extensions\redhat.java-1.50.0-win32-x64\server\plugins\org.eclipse.equinox.launcher_1.7.100.v20251111-0406.jar -configuration c:\Users\CETECOM\AppData\Roaming\Code\User\globalStorage\redhat.java\1.50.0\config_win -data c:\Users\CETECOM\AppData\Roaming\Code\User\workspaceStorage\57ae672ed4960f5eec4c251ee6551935\redhat.java\jdt_ws --pipe=\\.\pipe\lsp-e0d31fbc9c94e2cf0d6608351736894e-sock

Host: AMD Ryzen 5 3450U with Radeon Vega Mobile Gfx  , 8 cores, 5G,  Windows 10 , 64 bit Build 19041 (10.0.19041.5915)
Time: Wed Nov 26 17:15:58 2025 Hora estándar central (México) elapsed time: 8857.346984 seconds (0d 2h 27m 37s)

---------------  T H R E A D  ---------------

Current thread (0x000002a2e93f9430):  JavaThread "Attach Listener" daemon [_thread_in_vm, id=9976, stack(0x000000bac4100000,0x000000bac4200000) (1024K)]

Stack: [0x000000bac4100000,0x000000bac4200000]
Native frames: (J=compiled Java code, j=interpreted, Vv=VM code, C=native code)
V  [jvm.dll+0x6d6e29]
V  [jvm.dll+0x8b4b76]
V  [jvm.dll+0x8b712e]
V  [jvm.dll+0x8b7813]
V  [jvm.dll+0x283d86]
V  [jvm.dll+0xc1277]
V  [jvm.dll+0x6d76d9]
V  [jvm.dll+0x133466]
V  [jvm.dll+0x3f7ea6]
V  [jvm.dll+0x85e9ad]
V  [jvm.dll+0x6d565d]
C  [ucrtbase.dll+0x21bb2]
C  [KERNEL32.DLL+0x17374]
C  [ntdll.dll+0x4cc91]


---------------  P R O C E S S  ---------------

Threads class SMR info:
_java_thread_list=0x000002a2cf1d7cf0, length=42, elements={
0x000002a2e9480d50, 0x000002a2e953d0b0, 0x000002a2e953e210, 0x000002a2e93f6610,
0x000002a2e93f9430, 0x000002a2e93faff0, 0x000002a2e93fba40, 0x000002a2e93fca20,
0x000002a2e9412800, 0x000002a2c28d9690, 0x000002a2c2a97fe0, 0x000002a2c27ff1b0,
0x000002a2c759cac0, 0x000002a2c7480870, 0x000002a2c7480f00, 0x000002a2c7481c20,
0x000002a2c747fb50, 0x000002a2c7482940, 0x000002a2c7bc88e0, 0x000002a2c7bc6ea0,
0x000002a2c7bc5460, 0x000002a2c7bc4dd0, 0x000002a2c7bc4740, 0x000002a2c7bc3390,
0x000002a2c7bc3a20, 0x000002a2c7bc7530, 0x000002a2c7bc5af0, 0x000002a2c7bc6180,
0x000002a2c7bc2670, 0x000002a2c7bc9600, 0x000002a2c7bc2d00, 0x000002a2c7bc40b0,
0x000002a2cf2f5680, 0x000002a2cf2f6a30, 0x000002a2cf2f70c0, 0x000002a2c9c87410,
0x000002a2c9c88130, 0x000002a2c865abb0, 0x000002a2c9c87aa0, 0x000002a2c7bc1fe0,
0x000002a2c9c8a200, 0x000002a2c9c8b5b0
}

Java Threads: ( => current thread )
  0x000002a2e9480d50 JavaThread "main"                              [_thread_blocked, id=4664, stack(0x000000bac3800000,0x000000bac3900000) (1024K)]
  0x000002a2e953d0b0 JavaThread "Reference Handler"          daemon [_thread_blocked, id=17672, stack(0x000000bac3e00000,0x000000bac3f00000) (1024K)]
  0x000002a2e953e210 JavaThread "Finalizer"                  daemon [_thread_blocked, id=7212, stack(0x000000bac3f00000,0x000000bac4000000) (1024K)]
  0x000002a2e93f6610 JavaThread "Signal Dispatcher"          daemon [_thread_blocked, id=20256, stack(0x000000bac4000000,0x000000bac4100000) (1024K)]
=>0x000002a2e93f9430 JavaThread "Attach Listener"            daemon [_thread_in_vm, id=9976, stack(0x000000bac4100000,0x000000bac4200000) (1024K)]
  0x000002a2e93faff0 JavaThread "Service Thread"             daemon [_thread_blocked, id=15184, stack(0x000000bac4200000,0x000000bac4300000) (1024K)]
  0x000002a2e93fba40 JavaThread "Monitor Deflation Thread"   daemon [_thread_blocked, id=5360, stack(0x000000bac4300000,0x000000bac4400000) (1024K)]
  0x000002a2e93fca20 JavaThread "C2 CompilerThread0"         daemon [_thread_blocked, id=18060, stack(0x000000bac4400000,0x000000bac4500000) (1024K)]
  0x000002a2e9412800 JavaThread "C1 CompilerThread0"         daemon [_thread_blocked, id=8568, stack(0x000000bac4500000,0x000000bac4600000) (1024K)]
  0x000002a2c28d9690 JavaThread "Common-Cleaner"             daemon [_thread_blocked, id=1212, stack(0x000000bac4600000,0x000000bac4700000) (1024K)]
  0x000002a2c2a97fe0 JavaThread "Notification Thread"        daemon [_thread_blocked, id=20368, stack(0x000000bac4700000,0x000000bac4800000) (1024K)]
  0x000002a2c27ff1b0 JavaThread "Active Thread: Equinox Container: 3fd183bc-ce57-477b-bf38-3467968356ec"        [_thread_blocked, id=14284, stack(0x000000bac5400000,0x000000bac5500000) (1024K)]
  0x000002a2c759cac0 JavaThread "Framework Event Dispatcher: Equinox Container: 3fd183bc-ce57-477b-bf38-3467968356ec" daemon [_thread_blocked, id=6764, stack(0x000000bac5500000,0x000000bac5600000) (1024K)]
  0x000002a2c7480870 JavaThread "Start Level: Equinox Container: 3fd183bc-ce57-477b-bf38-3467968356ec" daemon [_thread_blocked, id=10424, stack(0x000000bac5600000,0x000000bac5700000) (1024K)]
  0x000002a2c7480f00 JavaThread "Refresh Thread: Equinox Container: 3fd183bc-ce57-477b-bf38-3467968356ec" daemon [_thread_blocked, id=1804, stack(0x000000bac5900000,0x000000bac5a00000) (1024K)]
  0x000002a2c7481c20 JavaThread "Bundle File Closer"         daemon [_thread_blocked, id=9352, stack(0x000000bac5800000,0x000000bac5900000) (1024K)]
  0x000002a2c747fb50 JavaThread "SCR Component Actor"        daemon [_thread_blocked, id=16124, stack(0x000000bac5c00000,0x000000bac5d00000) (1024K)]
  0x000002a2c7482940 JavaThread "Worker-JM"                         [_thread_blocked, id=13936, stack(0x000000bac5d00000,0x000000bac5e00000) (1024K)]
  0x000002a2c7bc88e0 JavaThread "Java indexing"              daemon [_thread_blocked, id=9540, stack(0x000000bac6300000,0x000000bac6400000) (1024K)]
  0x000002a2c7bc6ea0 JavaThread "JNA Cleaner"                daemon [_thread_blocked, id=10580, stack(0x000000bac4e00000,0x000000bac4f00000) (1024K)]
  0x000002a2c7bc5460 JavaThread "Thread-1"                   daemon [_thread_in_native, id=19608, stack(0x000000bac5300000,0x000000bac5400000) (1024K)]
  0x000002a2c7bc4dd0 JavaThread "Thread-2"                   daemon [_thread_in_native, id=14532, stack(0x000000bac5a00000,0x000000bac5b00000) (1024K)]
  0x000002a2c7bc4740 JavaThread "Thread-3"                   daemon [_thread_in_native, id=6880, stack(0x000000bac5b00000,0x000000bac5c00000) (1024K)]
  0x000002a2c7bc3390 JavaThread "Thread-4"                   daemon [_thread_in_native, id=18868, stack(0x000000bac6400000,0x000000bac6500000) (1024K)]
  0x000002a2c7bc3a20 JavaThread "Thread-5"                   daemon [_thread_in_native, id=17468, stack(0x000000bac6500000,0x000000bac6600000) (1024K)]
  0x000002a2c7bc7530 JavaThread "Thread-6"                   daemon [_thread_in_native, id=17376, stack(0x000000bac6600000,0x000000bac6700000) (1024K)]
  0x000002a2c7bc5af0 JavaThread "Thread-7"                   daemon [_thread_in_native, id=12984, stack(0x000000bac6700000,0x000000bac6800000) (1024K)]
  0x000002a2c7bc6180 JavaThread "Thread-8"                   daemon [_thread_in_native, id=15744, stack(0x000000bac6800000,0x000000bac6900000) (1024K)]
  0x000002a2c7bc2670 JavaThread "Thread-9"                   daemon [_thread_in_native, id=6204, stack(0x000000bac6900000,0x000000bac6a00000) (1024K)]
  0x000002a2c7bc9600 JavaThread "pool-2-thread-1"                   [_thread_blocked, id=16584, stack(0x000000bac6a00000,0x000000bac6b00000) (1024K)]
  0x000002a2c7bc2d00 JavaThread "WorkspaceEventsHandler"            [_thread_blocked, id=4484, stack(0x000000bac6c00000,0x000000bac6d00000) (1024K)]
  0x000002a2c7bc40b0 JavaThread "pool-1-thread-1"                   [_thread_blocked, id=11104, stack(0x000000bac6d00000,0x000000bac6e00000) (1024K)]
  0x000002a2cf2f5680 JavaThread "Worker-8"                          [_thread_blocked, id=5464, stack(0x000000bac3700000,0x000000bac3800000) (1024K)]
  0x000002a2cf2f6a30 JavaThread "Cleaner-0"                  daemon [_thread_blocked, id=16596, stack(0x000000bac3900000,0x000000bac3a00000) (1024K)]
  0x000002a2cf2f70c0 JavaThread "Java Debug Server"          daemon [_thread_in_native, id=7204, stack(0x000000bac5f00000,0x000000bac6000000) (1024K)]
  0x000002a2c9c87410 JavaThread "RxSchedulerPurge-1"         daemon [_thread_blocked, id=5604, stack(0x000000bac7100000,0x000000bac7200000) (1024K)]
  0x000002a2c9c88130 JavaThread "RxCachedWorkerPoolEvictor-1" daemon [_thread_blocked, id=17132, stack(0x000000bac7200000,0x000000bac7300000) (1024K)]
  0x000002a2c865abb0 JavaThread "Worker-9"                          [_thread_blocked, id=9208, stack(0x000000bac3a00000,0x000000bac3b00000) (1024K)]
  0x000002a2c9c87aa0 JavaThread "HttpClient-1-SelectorManager" daemon [_thread_in_native, id=14752, stack(0x000000bac6e00000,0x000000bac6f00000) (1024K)]
  0x000002a2c7bc1fe0 JavaThread "pool-7-thread-2"                   [_thread_in_native, id=16072, stack(0x000000bac7500000,0x000000bac7600000) (1024K)]
  0x000002a2c9c8a200 JavaThread "RxNewThreadScheduler-3"     daemon [_thread_blocked, id=17652, stack(0x000000bac7600000,0x000000bac7700000) (1024K)]
  0x000002a2c9c8b5b0 JavaThread "process reaper (pid 11056)" daemon [_thread_in_native, id=18716, stack(0x000000bac33c0000,0x000000bac33e0000) (128K)]
Total: 42

Other Threads:
  0x000002a2e93f2da0 VMThread "VM Thread"                           [id=8644, stack(0x000000bac3d00000,0x000000bac3e00000) (1024K)]
  0x000002a2e94ec280 WatcherThread "VM Periodic Task Thread"        [id=18088, stack(0x000000bac3c00000,0x000000bac3d00000) (1024K)]
  0x000002a2e949edd0 WorkerThread "GC Thread#0"                     [id=7992, stack(0x000000bac3b00000,0x000000bac3c00000) (1024K)]
  0x000002a2c704d980 WorkerThread "GC Thread#1"                     [id=5680, stack(0x000000bac4800000,0x000000bac4900000) (1024K)]
  0x000002a2c704dd20 WorkerThread "GC Thread#2"                     [id=5720, stack(0x000000bac4900000,0x000000bac4a00000) (1024K)]
  0x000002a2c704e0c0 WorkerThread "GC Thread#3"                     [id=6780, stack(0x000000bac4a00000,0x000000bac4b00000) (1024K)]
  0x000002a2c704e460 WorkerThread "GC Thread#4"                     [id=18116, stack(0x000000bac4b00000,0x000000bac4c00000) (1024K)]
  0x000002a2c72c61e0 WorkerThread "GC Thread#5"                     [id=7220, stack(0x000000bac4c00000,0x000000bac4d00000) (1024K)]
  0x000002a2c72c6580 WorkerThread "GC Thread#6"                     [id=9128, stack(0x000000bac4d00000,0x000000bac4e00000) (1024K)]
  0x000002a2c7669ac0 WorkerThread "GC Thread#7"                     [id=11632, stack(0x000000bac5700000,0x000000bac5800000) (1024K)]
Total: 10

Threads with active compile tasks:
Total: 0

VM state: not at safepoint (normal execution)

VM Mutex/Monitor currently owned by a thread: None

Heap address: 0x0000000080000000, size: 2048 MB, Compressed Oops mode: 32-bit

CDS archive(s) mapped at: [0x000002a280000000-0x000002a280ba0000-0x000002a280ba0000), size 12189696, SharedBaseAddress: 0x000002a280000000, ArchiveRelocationMode: 1.
Compressed class space mapped at: 0x000002a281000000-0x000002a2c1000000, reserved size: 1073741824
Narrow klass base: 0x000002a280000000, Narrow klass shift: 0, Narrow klass range: 0x100000000

GC Precious Log:
 CardTable entry size: 512
 CPUs: 8 total, 8 available
 Memory: 6030M
 Large Page Support: Disabled
 NUMA Support: Disabled
 Compressed Oops: Enabled (32-bit)
 Alignments: Space 512K, Generation 512K, Heap 2M
 Heap Min Capacity: 100M
 Heap Initial Capacity: 100M
 Heap Max Capacity: 2G
 Pre-touch: Disabled
 Parallel Workers: 8

Heap:
 PSYoungGen      total 3072K, used 1075K [0x00000000d5580000, 0x00000000d5980000, 0x0000000100000000)
  eden space 2560K, 32% used [0x00000000d5580000,0x00000000d564ce28,0x00000000d5800000)
  from space 512K, 50% used [0x00000000d5900000,0x00000000d5940000,0x00000000d5980000)
  to   space 512K, 0% used [0x00000000d5880000,0x00000000d5880000,0x00000000d5900000)
 ParOldGen       total 1041408K, used 701489K [0x0000000080000000, 0x00000000bf900000, 0x00000000d5580000)
  object space 1041408K, 67% used [0x0000000080000000,0x00000000aad0c4b8,0x00000000bf900000)
 Metaspace       used 90489K, committed 92032K, reserved 1179648K
  class space    used 9569K, committed 10304K, reserved 1048576K

Card table byte_map: [0x000002a2e8e20000,0x000002a2e9230000] _byte_map_base: 0x000002a2e8a20000

Marking Bits: (ParMarkBitMap*) 0x00007ff9fb9e2460
 Begin Bits: [0x000002a2fb930000, 0x000002a2fd930000)
 End Bits:   [0x000002a2fd930000, 0x000002a2ff930000)

Polling page: 0x000002a2e72b0000

Metaspace:

Usage:
  Non-class:     79.02 MB used.
      Class:      9.35 MB used.
       Both:     88.37 MB used.

Virtual space:
  Non-class space:      128.00 MB reserved,      79.81 MB ( 62%) committed,  2 nodes.
      Class space:        1.00 GB reserved,      10.06 MB ( <1%) committed,  1 nodes.
             Both:        1.12 GB reserved,      89.88 MB (  8%) committed. 

Chunk freelists:
   Non-Class:  137.00 KB
       Class:  5.77 MB
        Both:  5.90 MB

MaxMetaspaceSize: unlimited
CompressedClassSpaceSize: 1.00 GB
Initial GC threshold: 21.00 MB
Current GC threshold: 139.38 MB
CDS: on
 - commit_granule_bytes: 65536.
 - commit_granule_words: 8192.
 - virtual_space_node_default_size: 8388608.
 - enlarge_chunks_in_place: 1.
 - use_allocation_guard: 0.


Internal statistics:

num_allocs_failed_limit: 13.
num_arena_births: 1756.
num_arena_deaths: 484.
num_vsnodes_births: 3.
num_vsnodes_deaths: 0.
num_space_committed: 1438.
num_space_uncommitted: 0.
num_chunks_returned_to_freelist: 597.
num_chunks_taken_from_freelist: 6385.
num_chunk_merges: 172.
num_chunk_splits: 3584.
num_chunks_enlarged: 1959.
num_inconsistent_stats: 0.

CodeHeap 'non-profiled nmethods': size=120000Kb used=17940Kb max_used=17940Kb free=102060Kb
 bounds [0x000002a2f4150000, 0x000002a2f52e0000, 0x000002a2fb680000]
CodeHeap 'profiled nmethods': size=120000Kb used=44820Kb max_used=44820Kb free=75179Kb
 bounds [0x000002a2ec680000, 0x000002a2ef250000, 0x000002a2f3bb0000]
CodeHeap 'non-nmethods': size=5760Kb used=1541Kb max_used=1620Kb free=4219Kb
 bounds [0x000002a2f3bb0000, 0x000002a2f3e20000, 0x000002a2f4150000]
CodeCache: size=245760Kb, used=64301Kb, max_used=64380Kb, free=181458Kb
 total_blobs=19188, nmethods=18323, adapters=767, full_count=0
Compilation: enabled, stopped_count=0, restarted_count=0

Compilation events (20 events):
Event: 6721.410 Thread 0x000002a2e9412800 20187       3       java.util.logging.Logger::getLogger (7 bytes)
Event: 6721.410 Thread 0x000002a2e9412800 nmethod 20187 0x000002a2ef241210 code [0x000002a2ef2413c0, 0x000002a2ef2414e8]
Event: 6721.410 Thread 0x000002a2e9412800 20188       3       java.util.logging.Logger::demandLogger (36 bytes)
Event: 6721.435 Thread 0x000002a2e9412800 nmethod 20188 0x000002a2ef241590 code [0x000002a2ef241820, 0x000002a2ef2422d0]
Event: 6988.151 Thread 0x000002a2e93fca20 20189   !   4       java.util.concurrent.ThreadPoolExecutor::getTask (177 bytes)
Event: 6988.413 Thread 0x000002a2e93fca20 nmethod 20189 0x000002a2f52d0b90 code [0x000002a2f52d1080, 0x000002a2f52d2f10]
Event: 7418.769 Thread 0x000002a2e9412800 20190   !   3       org.eclipse.osgi.container.ModuleDatabase::getTimestamp (25 bytes)
Event: 7418.809 Thread 0x000002a2e9412800 nmethod 20190 0x000002a2ef242710 code [0x000002a2ef242960, 0x000002a2ef2432a8]
Event: 7508.802 Thread 0x000002a2e9412800 20191       3       org.eclipse.osgi.storage.Storage::isReadOnly (10 bytes)
Event: 7508.809 Thread 0x000002a2e9412800 nmethod 20191 0x000002a2ef243710 code [0x000002a2ef2438c0, 0x000002a2ef243a40]
Event: 7688.850 Thread 0x000002a2e9412800 20192   !   3       org.eclipse.osgi.internal.framework.StorageSaver$StorageSaverTask::run (31 bytes)
Event: 7688.885 Thread 0x000002a2e9412800 nmethod 20192 0x000002a2ef243b10 code [0x000002a2ef243ce0, 0x000002a2ef243f60]
Event: 7688.885 Thread 0x000002a2e9412800 20193   !   3       org.eclipse.osgi.storage.Storage::save (62 bytes)
Event: 7688.892 Thread 0x000002a2e9412800 nmethod 20193 0x000002a2ef244110 code [0x000002a2ef244300, 0x000002a2ef244670]
Event: 8194.262 Thread 0x000002a2e9412800 20195       3       java.lang.ClassLoader::getBuiltinPlatformClassLoader (4 bytes)
Event: 8194.271 Thread 0x000002a2e9412800 nmethod 20195 0x000002a2ef244810 code [0x000002a2ef2449c0, 0x000002a2ef244b10]
Event: 8415.897 Thread 0x000002a2e93fca20 20196       4       java.util.concurrent.atomic.AtomicLong::updateAndGet (59 bytes)
Event: 8415.961 Thread 0x000002a2e93fca20 nmethod 20196 0x000002a2f52d4b90 code [0x000002a2f52d4d20, 0x000002a2f52d4ea0]
Event: 8735.752 Thread 0x000002a2e9412800 20197       3       java.lang.ClassLoader::getPlatformClassLoader (21 bytes)
Event: 8735.889 Thread 0x000002a2e9412800 nmethod 20197 0x000002a2ef244b90 code [0x000002a2ef244d60, 0x000002a2ef244ff0]

GC Heap History (20 events):
Event: 2676.226 GC heap before
{Heap before GC invocations=1499 (full 4):
 PSYoungGen      total 2560K, used 2548K [0x00000000d5580000, 0x00000000d5b80000, 0x0000000100000000)
  eden space 2048K, 99% used [0x00000000d5580000,0x00000000d577fff0,0x00000000d5780000)
  from space 512K, 97% used [0x00000000d5900000,0x00000000d597d220,0x00000000d5980000)
  to   space 1536K, 0% used [0x00000000d5780000,0x00000000d5780000,0x00000000d5900000)
 ParOldGen       total 1041408K, used 700012K [0x0000000080000000, 0x00000000bf900000, 0x00000000d5580000)
  object space 1041408K, 67% used [0x0000000080000000,0x00000000aab9b228,0x00000000bf900000)
 Metaspace       used 90325K, committed 91904K, reserved 1179648K
  class space    used 9553K, committed 10304K, reserved 1048576K
}
Event: 2676.233 GC heap after
{Heap after GC invocations=1499 (full 4):
 PSYoungGen      total 3584K, used 528K [0x00000000d5580000, 0x00000000d5a00000, 0x0000000100000000)
  eden space 2048K, 0% used [0x00000000d5580000,0x00000000d5580000,0x00000000d5780000)
  from space 1536K, 34% used [0x00000000d5780000,0x00000000d5804010,0x00000000d5900000)
  to   space 1024K, 0% used [0x00000000d5900000,0x00000000d5900000,0x00000000d5a00000)
 ParOldGen       total 1041408K, used 700481K [0x0000000080000000, 0x00000000bf900000, 0x00000000d5580000)
  object space 1041408K, 67% used [0x0000000080000000,0x00000000aac10448,0x00000000bf900000)
 Metaspace       used 90325K, committed 91904K, reserved 1179648K
  class space    used 9553K, committed 10304K, reserved 1048576K
}
Event: 2676.246 GC heap before
{Heap before GC invocations=1500 (full 4):
 PSYoungGen      total 3584K, used 2575K [0x00000000d5580000, 0x00000000d5a00000, 0x0000000100000000)
  eden space 2048K, 99% used [0x00000000d5580000,0x00000000d577ffe8,0x00000000d5780000)
  from space 1536K, 34% used [0x00000000d5780000,0x00000000d5804010,0x00000000d5900000)
  to   space 1024K, 0% used [0x00000000d5900000,0x00000000d5900000,0x00000000d5a00000)
 ParOldGen       total 1041408K, used 700481K [0x0000000080000000, 0x00000000bf900000, 0x00000000d5580000)
  object space 1041408K, 67% used [0x0000000080000000,0x00000000aac10448,0x00000000bf900000)
 Metaspace       used 90327K, committed 91968K, reserved 1179648K
  class space    used 9553K, committed 10304K, reserved 1048576K
}
Event: 2676.249 GC heap after
{Heap after GC invocations=1500 (full 4):
 PSYoungGen      total 3072K, used 298K [0x00000000d5580000, 0x00000000d5980000, 0x0000000100000000)
  eden space 2560K, 0% used [0x00000000d5580000,0x00000000d5580000,0x00000000d5800000)
  from space 512K, 58% used [0x00000000d5900000,0x00000000d594a910,0x00000000d5980000)
  to   space 512K, 0% used [0x00000000d5880000,0x00000000d5880000,0x00000000d5900000)
 ParOldGen       total 1041408K, used 700601K [0x0000000080000000, 0x00000000bf900000, 0x00000000d5580000)
  object space 1041408K, 67% used [0x0000000080000000,0x00000000aac2e448,0x00000000bf900000)
 Metaspace       used 90327K, committed 91968K, reserved 1179648K
  class space    used 9553K, committed 10304K, reserved 1048576K
}
Event: 2676.428 GC heap before
{Heap before GC invocations=1501 (full 4):
 PSYoungGen      total 3072K, used 2858K [0x00000000d5580000, 0x00000000d5980000, 0x0000000100000000)
  eden space 2560K, 100% used [0x00000000d5580000,0x00000000d5800000,0x00000000d5800000)
  from space 512K, 58% used [0x00000000d5900000,0x00000000d594a910,0x00000000d5980000)
  to   space 512K, 0% used [0x00000000d5880000,0x00000000d5880000,0x00000000d5900000)
 ParOldGen       total 1041408K, used 700601K [0x0000000080000000, 0x00000000bf900000, 0x00000000d5580000)
  object space 1041408K, 67% used [0x0000000080000000,0x00000000aac2e448,0x00000000bf900000)
 Metaspace       used 90329K, committed 91968K, reserved 1179648K
  class space    used 9553K, committed 10304K, reserved 1048576K
}
Event: 2676.430 GC heap after
{Heap after GC invocations=1501 (full 4):
 PSYoungGen      total 3072K, used 224K [0x00000000d5580000, 0x00000000d5980000, 0x0000000100000000)
  eden space 2560K, 0% used [0x00000000d5580000,0x00000000d5580000,0x00000000d5800000)
  from space 512K, 43% used [0x00000000d5880000,0x00000000d58b8000,0x00000000d5900000)
  to   space 512K, 0% used [0x00000000d5900000,0x00000000d5900000,0x00000000d5980000)
 ParOldGen       total 1041408K, used 700609K [0x0000000080000000, 0x00000000bf900000, 0x00000000d5580000)
  object space 1041408K, 67% used [0x0000000080000000,0x00000000aac30448,0x00000000bf900000)
 Metaspace       used 90329K, committed 91968K, reserved 1179648K
  class space    used 9553K, committed 10304K, reserved 1048576K
}
Event: 2677.186 GC heap before
{Heap before GC invocations=1502 (full 4):
 PSYoungGen      total 3072K, used 2784K [0x00000000d5580000, 0x00000000d5980000, 0x0000000100000000)
  eden space 2560K, 100% used [0x00000000d5580000,0x00000000d5800000,0x00000000d5800000)
  from space 512K, 43% used [0x00000000d5880000,0x00000000d58b8000,0x00000000d5900000)
  to   space 512K, 0% used [0x00000000d5900000,0x00000000d5900000,0x00000000d5980000)
 ParOldGen       total 1041408K, used 700609K [0x0000000080000000, 0x00000000bf900000, 0x00000000d5580000)
  object space 1041408K, 67% used [0x0000000080000000,0x00000000aac30448,0x00000000bf900000)
 Metaspace       used 90330K, committed 91968K, reserved 1179648K
  class space    used 9553K, committed 10304K, reserved 1048576K
}
Event: 2677.189 GC heap after
{Heap after GC invocations=1502 (full 4):
 PSYoungGen      total 3072K, used 288K [0x00000000d5580000, 0x00000000d5980000, 0x0000000100000000)
  eden space 2560K, 0% used [0x00000000d5580000,0x00000000d5580000,0x00000000d5800000)
  from space 512K, 56% used [0x00000000d5900000,0x00000000d5948000,0x00000000d5980000)
  to   space 512K, 0% used [0x00000000d5880000,0x00000000d5880000,0x00000000d5900000)
 ParOldGen       total 1041408K, used 700633K [0x0000000080000000, 0x00000000bf900000, 0x00000000d5580000)
  object space 1041408K, 67% used [0x0000000080000000,0x00000000aac36448,0x00000000bf900000)
 Metaspace       used 90330K, committed 91968K, reserved 1179648K
  class space    used 9553K, committed 10304K, reserved 1048576K
}
Event: 2677.213 GC heap before
{Heap before GC invocations=1503 (full 4):
 PSYoungGen      total 3072K, used 2669K [0x00000000d5580000, 0x00000000d5980000, 0x0000000100000000)
  eden space 2560K, 93% used [0x00000000d5580000,0x00000000d57d3660,0x00000000d5800000)
  from space 512K, 56% used [0x00000000d5900000,0x00000000d5948000,0x00000000d5980000)
  to   space 512K, 0% used [0x00000000d5880000,0x00000000d5880000,0x00000000d5900000)
 ParOldGen       total 1041408K, used 700633K [0x0000000080000000, 0x00000000bf900000, 0x00000000d5580000)
  object space 1041408K, 67% used [0x0000000080000000,0x00000000aac36448,0x00000000bf900000)
 Metaspace       used 90330K, committed 91968K, reserved 1179648K
  class space    used 9553K, committed 10304K, reserved 1048576K
}
Event: 2677.219 GC heap after
{Heap after GC invocations=1503 (full 4):
 PSYoungGen      total 3072K, used 160K [0x00000000d5580000, 0x00000000d5980000, 0x0000000100000000)
  eden space 2560K, 0% used [0x00000000d5580000,0x00000000d5580000,0x00000000d5800000)
  from space 512K, 31% used [0x00000000d5880000,0x00000000d58a8000,0x00000000d5900000)
  to   space 512K, 0% used [0x00000000d5900000,0x00000000d5900000,0x00000000d5980000)
 ParOldGen       total 1041408K, used 700849K [0x0000000080000000, 0x00000000bf900000, 0x00000000d5580000)
  object space 1041408K, 67% used [0x0000000080000000,0x00000000aac6c458,0x00000000bf900000)
 Metaspace       used 90330K, committed 91968K, reserved 1179648K
  class space    used 9553K, committed 10304K, reserved 1048576K
}
Event: 2677.250 GC heap before
{Heap before GC invocations=1504 (full 4):
 PSYoungGen      total 3072K, used 2719K [0x00000000d5580000, 0x00000000d5980000, 0x0000000100000000)
  eden space 2560K, 99% used [0x00000000d5580000,0x00000000d57ffcd8,0x00000000d5800000)
  from space 512K, 31% used [0x00000000d5880000,0x00000000d58a8000,0x00000000d5900000)
  to   space 512K, 0% used [0x00000000d5900000,0x00000000d5900000,0x00000000d5980000)
 ParOldGen       total 1041408K, used 700849K [0x0000000080000000, 0x00000000bf900000, 0x00000000d5580000)
  object space 1041408K, 67% used [0x0000000080000000,0x00000000aac6c458,0x00000000bf900000)
 Metaspace       used 90330K, committed 91968K, reserved 1179648K
  class space    used 9553K, committed 10304K, reserved 1048576K
}
Event: 2677.254 GC heap after
{Heap after GC invocations=1504 (full 4):
 PSYoungGen      total 3072K, used 356K [0x00000000d5580000, 0x00000000d5980000, 0x0000000100000000)
  eden space 2560K, 0% used [0x00000000d5580000,0x00000000d5580000,0x00000000d5800000)
  from space 512K, 69% used [0x00000000d5900000,0x00000000d59591f8,0x00000000d5980000)
  to   space 512K, 0% used [0x00000000d5880000,0x00000000d5880000,0x00000000d5900000)
 ParOldGen       total 1041408K, used 700905K [0x0000000080000000, 0x00000000bf900000, 0x00000000d5580000)
  object space 1041408K, 67% used [0x0000000080000000,0x00000000aac7a458,0x00000000bf900000)
 Metaspace       used 90330K, committed 91968K, reserved 1179648K
  class space    used 9553K, committed 10304K, reserved 1048576K
}
Event: 2677.344 GC heap before
{Heap before GC invocations=1505 (full 4):
 PSYoungGen      total 3072K, used 2916K [0x00000000d5580000, 0x00000000d5980000, 0x0000000100000000)
  eden space 2560K, 100% used [0x00000000d5580000,0x00000000d5800000,0x00000000d5800000)
  from space 512K, 69% used [0x00000000d5900000,0x00000000d59591f8,0x00000000d5980000)
  to   space 512K, 0% used [0x00000000d5880000,0x00000000d5880000,0x00000000d5900000)
 ParOldGen       total 1041408K, used 700905K [0x0000000080000000, 0x00000000bf900000, 0x00000000d5580000)
  object space 1041408K, 67% used [0x0000000080000000,0x00000000aac7a458,0x00000000bf900000)
 Metaspace       used 90330K, committed 91968K, reserved 1179648K
  class space    used 9553K, committed 10304K, reserved 1048576K
}
Event: 2677.347 GC heap after
{Heap after GC invocations=1505 (full 4):
 PSYoungGen      total 3072K, used 256K [0x00000000d5580000, 0x00000000d5980000, 0x0000000100000000)
  eden space 2560K, 0% used [0x00000000d5580000,0x00000000d5580000,0x00000000d5800000)
  from space 512K, 50% used [0x00000000d5880000,0x00000000d58c0000,0x00000000d5900000)
  to   space 512K, 0% used [0x00000000d5900000,0x00000000d5900000,0x00000000d5980000)
 ParOldGen       total 1041408K, used 700961K [0x0000000080000000, 0x00000000bf900000, 0x00000000d5580000)
  object space 1041408K, 67% used [0x0000000080000000,0x00000000aac88458,0x00000000bf900000)
 Metaspace       used 90330K, committed 91968K, reserved 1179648K
  class space    used 9553K, committed 10304K, reserved 1048576K
}
Event: 2677.634 GC heap before
{Heap before GC invocations=1506 (full 4):
 PSYoungGen      total 3072K, used 2816K [0x00000000d5580000, 0x00000000d5980000, 0x0000000100000000)
  eden space 2560K, 100% used [0x00000000d5580000,0x00000000d5800000,0x00000000d5800000)
  from space 512K, 50% used [0x00000000d5880000,0x00000000d58c0000,0x00000000d5900000)
  to   space 512K, 0% used [0x00000000d5900000,0x00000000d5900000,0x00000000d5980000)
 ParOldGen       total 1041408K, used 700961K [0x0000000080000000, 0x00000000bf900000, 0x00000000d5580000)
  object space 1041408K, 67% used [0x0000000080000000,0x00000000aac88458,0x00000000bf900000)
 Metaspace       used 90331K, committed 91968K, reserved 1179648K
  class space    used 9553K, committed 10304K, reserved 1048576K
}
Event: 2677.638 GC heap after
{Heap after GC invocations=1506 (full 4):
 PSYoungGen      total 3072K, used 368K [0x00000000d5580000, 0x00000000d5980000, 0x0000000100000000)
  eden space 2560K, 0% used [0x00000000d5580000,0x00000000d5580000,0x00000000d5800000)
  from space 512K, 71% used [0x00000000d5900000,0x00000000d595c030,0x00000000d5980000)
  to   space 512K, 0% used [0x00000000d5880000,0x00000000d5880000,0x00000000d5900000)
 ParOldGen       total 1041408K, used 701033K [0x0000000080000000, 0x00000000bf900000, 0x00000000d5580000)
  object space 1041408K, 67% used [0x0000000080000000,0x00000000aac9a458,0x00000000bf900000)
 Metaspace       used 90331K, committed 91968K, reserved 1179648K
  class space    used 9553K, committed 10304K, reserved 1048576K
}
Event: 2887.770 GC heap before
{Heap before GC invocations=1507 (full 4):
 PSYoungGen      total 3072K, used 2928K [0x00000000d5580000, 0x00000000d5980000, 0x0000000100000000)
  eden space 2560K, 100% used [0x00000000d5580000,0x00000000d5800000,0x00000000d5800000)
  from space 512K, 71% used [0x00000000d5900000,0x00000000d595c030,0x00000000d5980000)
  to   space 512K, 0% used [0x00000000d5880000,0x00000000d5880000,0x00000000d5900000)
 ParOldGen       total 1041408K, used 701033K [0x0000000080000000, 0x00000000bf900000, 0x00000000d5580000)
  object space 1041408K, 67% used [0x0000000080000000,0x00000000aac9a458,0x00000000bf900000)
 Metaspace       used 90420K, committed 92032K, reserved 1179648K
  class space    used 9566K, committed 10304K, reserved 1048576K
}
Event: 2887.973 GC heap after
{Heap after GC invocations=1507 (full 4):
 PSYoungGen      total 3072K, used 416K [0x00000000d5580000, 0x00000000d5980000, 0x0000000100000000)
  eden space 2560K, 0% used [0x00000000d5580000,0x00000000d5580000,0x00000000d5800000)
  from space 512K, 81% used [0x00000000d5880000,0x00000000d58e8000,0x00000000d5900000)
  to   space 512K, 0% used [0x00000000d5900000,0x00000000d5900000,0x00000000d5980000)
 ParOldGen       total 1041408K, used 701249K [0x0000000080000000, 0x00000000bf900000, 0x00000000d5580000)
  object space 1041408K, 67% used [0x0000000080000000,0x00000000aacd04a8,0x00000000bf900000)
 Metaspace       used 90420K, committed 92032K, reserved 1179648K
  class space    used 9566K, committed 10304K, reserved 1048576K
}
Event: 6860.024 GC heap before
{Heap before GC invocations=1508 (full 4):
 PSYoungGen      total 3072K, used 2976K [0x00000000d5580000, 0x00000000d5980000, 0x0000000100000000)
  eden space 2560K, 100% used [0x00000000d5580000,0x00000000d5800000,0x00000000d5800000)
  from space 512K, 81% used [0x00000000d5880000,0x00000000d58e8000,0x00000000d5900000)
  to   space 512K, 0% used [0x00000000d5900000,0x00000000d5900000,0x00000000d5980000)
 ParOldGen       total 1041408K, used 701249K [0x0000000080000000, 0x00000000bf900000, 0x00000000d5580000)
  object space 1041408K, 67% used [0x0000000080000000,0x00000000aacd04a8,0x00000000bf900000)
 Metaspace       used 90485K, committed 92032K, reserved 1179648K
  class space    used 9569K, committed 10304K, reserved 1048576K
}
Event: 6860.214 GC heap after
{Heap after GC invocations=1508 (full 4):
 PSYoungGen      total 3072K, used 256K [0x00000000d5580000, 0x00000000d5980000, 0x0000000100000000)
  eden space 2560K, 0% used [0x00000000d5580000,0x00000000d5580000,0x00000000d5800000)
  from space 512K, 50% used [0x00000000d5900000,0x00000000d5940000,0x00000000d5980000)
  to   space 512K, 0% used [0x00000000d5880000,0x00000000d5880000,0x00000000d5900000)
 ParOldGen       total 1041408K, used 701489K [0x0000000080000000, 0x00000000bf900000, 0x00000000d5580000)
  object space 1041408K, 67% used [0x0000000080000000,0x00000000aad0c4b8,0x00000000bf900000)
 Metaspace       used 90485K, committed 92032K, reserved 1179648K
  class space    used 9569K, committed 10304K, reserved 1048576K
}

Dll operation events (14 events):
Event: 0.031 Loaded shared library c:\Users\CETECOM\.vscode\extensions\redhat.java-1.50.0-win32-x64\jre\21.0.9-win32-x86_64\bin\java.dll
Event: 0.272 Loaded shared library c:\Users\CETECOM\.vscode\extensions\redhat.java-1.50.0-win32-x64\jre\21.0.9-win32-x86_64\bin\zip.dll
Event: 0.368 Loaded shared library C:\Users\CETECOM\.vscode\extensions\redhat.java-1.50.0-win32-x64\jre\21.0.9-win32-x86_64\bin\instrument.dll
Event: 0.385 Loaded shared library C:\Users\CETECOM\.vscode\extensions\redhat.java-1.50.0-win32-x64\jre\21.0.9-win32-x86_64\bin\net.dll
Event: 0.391 Loaded shared library C:\Users\CETECOM\.vscode\extensions\redhat.java-1.50.0-win32-x64\jre\21.0.9-win32-x86_64\bin\nio.dll
Event: 0.403 Loaded shared library C:\Users\CETECOM\.vscode\extensions\redhat.java-1.50.0-win32-x64\jre\21.0.9-win32-x86_64\bin\zip.dll
Event: 0.449 Loaded shared library C:\Users\CETECOM\.vscode\extensions\redhat.java-1.50.0-win32-x64\jre\21.0.9-win32-x86_64\bin\jimage.dll
Event: 0.742 Loaded shared library c:\Users\CETECOM\.vscode\extensions\redhat.java-1.50.0-win32-x64\jre\21.0.9-win32-x86_64\bin\verify.dll
Event: 8.104 Loaded shared library C:\Users\CETECOM\AppData\Roaming\Code\User\globalStorage\redhat.java\1.50.0\config_win\org.eclipse.equinox.launcher\org.eclipse.equinox.launcher.win32.win32.x86_64_1.2.1400.v20250801-0854\eclipse_11916.dll
Event: 14.533 Loaded shared library C:\Users\CETECOM\.vscode\extensions\redhat.java-1.50.0-win32-x64\jre\21.0.9-win32-x86_64\bin\management.dll
Event: 14.539 Loaded shared library C:\Users\CETECOM\.vscode\extensions\redhat.java-1.50.0-win32-x64\jre\21.0.9-win32-x86_64\bin\management_ext.dll
Event: 19.180 Loaded shared library C:\Users\CETECOM\AppData\Local\Temp\jna-1388314158\jna8117348504995738582.dll
Event: 19.472 Loaded shared library C:\Users\CETECOM\.vscode\extensions\redhat.java-1.50.0-win32-x64\jre\21.0.9-win32-x86_64\bin\sunmscapi.dll
Event: 20.466 Loaded shared library C:\Users\CETECOM\.vscode\extensions\redhat.java-1.50.0-win32-x64\jre\21.0.9-win32-x86_64\bin\extnet.dll

Deoptimization events (20 events):
Event: 2886.546 Thread 0x000002a2c865abb0 DEOPT PACKING pc=0x000002a2f4dd71c4 sp=0x000000bac3afefe0
Event: 2886.550 Thread 0x000002a2c865abb0 DEOPT UNPACKING pc=0x000002a2f3c03aa2 sp=0x000000bac3afee68 mode 2
Event: 2887.393 Thread 0x000002a2c865abb0 DEOPT PACKING pc=0x000002a2ed998e5b sp=0x000000bac3afd980
Event: 2887.394 Thread 0x000002a2c865abb0 DEOPT UNPACKING pc=0x000002a2f3c04242 sp=0x000000bac3afce48 mode 0
Event: 4776.025 Thread 0x000002a2c9c87410 Uncommon trap: trap_request=0xffffffd6 fr.pc=0x000002a2f52ca480 relative=0x0000000000000340
Event: 4776.027 Thread 0x000002a2c9c87410 Uncommon trap: reason=array_check action=maybe_recompile pc=0x000002a2f52ca480 method=java.util.concurrent.ScheduledThreadPoolExecutor$DelayedWorkQueue.offer(Ljava/lang/Runnable;)Z @ 65 c2
Event: 4776.027 Thread 0x000002a2c9c87410 DEOPT PACKING pc=0x000002a2f52ca480 sp=0x000000bac71feeb0
Event: 4776.028 Thread 0x000002a2c9c87410 DEOPT UNPACKING pc=0x000002a2f3c03aa2 sp=0x000000bac71fed50 mode 2
Event: 4777.023 Thread 0x000002a2c9c87410 Uncommon trap: trap_request=0xffffffd6 fr.pc=0x000002a2f52ca480 relative=0x0000000000000340
Event: 4777.023 Thread 0x000002a2c9c87410 Uncommon trap: reason=array_check action=maybe_recompile pc=0x000002a2f52ca480 method=java.util.concurrent.ScheduledThreadPoolExecutor$DelayedWorkQueue.offer(Ljava/lang/Runnable;)Z @ 65 c2
Event: 4777.023 Thread 0x000002a2c9c87410 DEOPT PACKING pc=0x000002a2f52ca480 sp=0x000000bac71feeb0
Event: 4777.024 Thread 0x000002a2c9c87410 DEOPT UNPACKING pc=0x000002a2f3c03aa2 sp=0x000000bac71fed50 mode 2
Event: 4777.934 Thread 0x000002a2c27ff1b0 Uncommon trap: trap_request=0xffffffd6 fr.pc=0x000002a2f52ca480 relative=0x0000000000000340
Event: 4777.937 Thread 0x000002a2c27ff1b0 Uncommon trap: reason=array_check action=maybe_recompile pc=0x000002a2f52ca480 method=java.util.concurrent.ScheduledThreadPoolExecutor$DelayedWorkQueue.offer(Ljava/lang/Runnable;)Z @ 65 c2
Event: 4777.937 Thread 0x000002a2c27ff1b0 DEOPT PACKING pc=0x000002a2f52ca480 sp=0x000000bac54ff170
Event: 4777.938 Thread 0x000002a2c27ff1b0 DEOPT UNPACKING pc=0x000002a2f3c03aa2 sp=0x000000bac54ff010 mode 2
Event: 4778.023 Thread 0x000002a2c9c87410 Uncommon trap: trap_request=0xffffffd6 fr.pc=0x000002a2f52ca480 relative=0x0000000000000340
Event: 4778.023 Thread 0x000002a2c9c87410 Uncommon trap: reason=array_check action=maybe_recompile pc=0x000002a2f52ca480 method=java.util.concurrent.ScheduledThreadPoolExecutor$DelayedWorkQueue.offer(Ljava/lang/Runnable;)Z @ 65 c2
Event: 4778.023 Thread 0x000002a2c9c87410 DEOPT PACKING pc=0x000002a2f52ca480 sp=0x000000bac71feeb0
Event: 4778.025 Thread 0x000002a2c9c87410 DEOPT UNPACKING pc=0x000002a2f3c03aa2 sp=0x000000bac71fed50 mode 2

Classes loaded (20 events):
Event: 2616.643 Loading class sun/security/rsa/MGF1
Event: 2616.645 Loading class sun/security/rsa/MGF1 done
Event: 2616.660 Loading class sun/security/ssl/CipherSuite$1
Event: 2616.662 Loading class sun/security/ssl/CipherSuite$1 done
Event: 2616.888 Loading class java/util/stream/ReduceOps$6
Event: 2616.889 Loading class java/util/stream/ReduceOps$6 done
Event: 2616.889 Loading class java/util/stream/ReduceOps$5ReducingSink
Event: 2616.890 Loading class java/util/stream/ReduceOps$5ReducingSink done
Event: 2617.080 Loading class java/util/stream/FindOps$FindSink$OfLong
Event: 2617.082 Loading class java/util/stream/FindOps$FindSink$OfLong done
Event: 2617.082 Loading class java/util/OptionalLong
Event: 2617.083 Loading class java/util/OptionalLong done
Event: 2617.108 Loading class java/nio/HeapByteBufferR
Event: 2617.109 Loading class java/nio/HeapByteBufferR done
Event: 2637.238 Loading class java/util/Collections$EmptyListIterator
Event: 2637.242 Loading class java/util/Collections$EmptyListIterator done
Event: 2641.662 Loading class java/io/CharArrayReader
Event: 2641.669 Loading class java/io/CharArrayReader done
Event: 2641.699 Loading class java/util/regex/Pattern$Bound
Event: 2641.703 Loading class java/util/regex/Pattern$Bound done

Classes unloaded (20 events):
Event: 2577.007 Thread 0x000002a2e93f2da0 Unloading class 0x000002a281017400 'java/lang/invoke/LambdaForm$MH+0x000002a281017400'
Event: 2577.007 Thread 0x000002a2e93f2da0 Unloading class 0x000002a281016400 'java/lang/invoke/LambdaForm$MH+0x000002a281016400'
Event: 2577.007 Thread 0x000002a2e93f2da0 Unloading class 0x000002a28100d800 'java/lang/invoke/LambdaForm$MH+0x000002a28100d800'
Event: 2577.015 Thread 0x000002a2e93f2da0 Unloading class 0x000002a28100d400 'java/lang/invoke/LambdaForm$MH+0x000002a28100d400'
Event: 2577.015 Thread 0x000002a2e93f2da0 Unloading class 0x000002a28100d000 'java/lang/invoke/LambdaForm$MH+0x000002a28100d000'
Event: 2577.015 Thread 0x000002a2e93f2da0 Unloading class 0x000002a28100cc00 'java/lang/invoke/LambdaForm$MH+0x000002a28100cc00'
Event: 2577.015 Thread 0x000002a2e93f2da0 Unloading class 0x000002a28100c800 'java/lang/invoke/LambdaForm$BMH+0x000002a28100c800'
Event: 2577.015 Thread 0x000002a2e93f2da0 Unloading class 0x000002a28100c000 'java/lang/invoke/LambdaForm$DMH+0x000002a28100c000'
Event: 2577.016 Thread 0x000002a2e93f2da0 Unloading class 0x000002a281008c00 'java/lang/invoke/LambdaForm$MH+0x000002a281008c00'
Event: 2577.016 Thread 0x000002a2e93f2da0 Unloading class 0x000002a281008800 'java/lang/invoke/LambdaForm$MH+0x000002a281008800'
Event: 2577.016 Thread 0x000002a2e93f2da0 Unloading class 0x000002a281008400 'java/lang/invoke/LambdaForm$MH+0x000002a281008400'
Event: 2577.017 Thread 0x000002a2e93f2da0 Unloading class 0x000002a281007000 'java/lang/invoke/LambdaForm$MH+0x000002a281007000'
Event: 2577.017 Thread 0x000002a2e93f2da0 Unloading class 0x000002a281006800 'java/lang/invoke/LambdaForm$MH+0x000002a281006800'
Event: 2577.017 Thread 0x000002a2e93f2da0 Unloading class 0x000002a281006400 'java/lang/invoke/LambdaForm$MH+0x000002a281006400'
Event: 2577.017 Thread 0x000002a2e93f2da0 Unloading class 0x000002a281006000 'java/lang/invoke/LambdaForm$MH+0x000002a281006000'
Event: 2577.017 Thread 0x000002a2e93f2da0 Unloading class 0x000002a281005c00 'java/lang/invoke/LambdaForm$BMH+0x000002a281005c00'
Event: 2577.018 Thread 0x000002a2e93f2da0 Unloading class 0x000002a281004800 'java/lang/invoke/LambdaForm$DMH+0x000002a281004800'
Event: 2577.019 Thread 0x000002a2e93f2da0 Unloading class 0x000002a281002400 'java/lang/invoke/LambdaForm$MH+0x000002a281002400'
Event: 2577.019 Thread 0x000002a2e93f2da0 Unloading class 0x000002a281002000 'java/lang/invoke/LambdaForm$MH+0x000002a281002000'
Event: 2577.019 Thread 0x000002a2e93f2da0 Unloading class 0x000002a281001800 'java/lang/invoke/LambdaForm$MH+0x000002a281001800'

Classes redefined (0 events):
No events

Internal exceptions (20 events):
Event: 2672.326 Thread 0x000002a2c7bc40b0 Exception <a 'java/lang/IncompatibleClassChangeError'{0x00000000d5660508}: Found class java.lang.Object, but interface was expected> (0x00000000d5660508) 
thrown [s\src\hotspot\share\interpreter\linkResolver.cpp, line 840]
Event: 2672.424 Thread 0x000002a2c7bc88e0 Exception <a 'sun/nio/fs/WindowsException'{0x00000000d584f6d0}> (0x00000000d584f6d0) 
thrown [s\src\hotspot\share\prims\jni.cpp, line 520]
Event: 2674.113 Thread 0x000002a2c7bc88e0 Exception <a 'sun/nio/fs/WindowsException'{0x00000000d55c6908}> (0x00000000d55c6908) 
thrown [s\src\hotspot\share\prims\jni.cpp, line 520]
Event: 2677.137 Thread 0x000002a2c8660e20 Exception <a 'sun/nio/fs/WindowsException'{0x00000000d56dded0}> (0x00000000d56dded0) 
thrown [s\src\hotspot\share\prims\jni.cpp, line 520]
Event: 2677.137 Thread 0x000002a2c8660e20 Exception <a 'sun/nio/fs/WindowsException'{0x00000000d56de9d0}> (0x00000000d56de9d0) 
thrown [s\src\hotspot\share\prims\jni.cpp, line 520]
Event: 2677.138 Thread 0x000002a2c8660e20 Exception <a 'sun/nio/fs/WindowsException'{0x00000000d56e00e0}> (0x00000000d56e00e0) 
thrown [s\src\hotspot\share\prims\jni.cpp, line 520]
Event: 2677.139 Thread 0x000002a2c8660e20 Exception <a 'sun/nio/fs/WindowsException'{0x00000000d56e0be0}> (0x00000000d56e0be0) 
thrown [s\src\hotspot\share\prims\jni.cpp, line 520]
Event: 2677.143 Thread 0x000002a2c8660e20 Exception <a 'sun/nio/fs/WindowsException'{0x00000000d56e2ab0}> (0x00000000d56e2ab0) 
thrown [s\src\hotspot\share\prims\jni.cpp, line 520]
Event: 2677.143 Thread 0x000002a2c8660e20 Exception <a 'sun/nio/fs/WindowsException'{0x00000000d56e3300}> (0x00000000d56e3300) 
thrown [s\src\hotspot\share\prims\jni.cpp, line 520]
Event: 2677.154 Thread 0x000002a2c8660e20 Exception <a 'sun/nio/fs/WindowsException'{0x00000000d57068f0}> (0x00000000d57068f0) 
thrown [s\src\hotspot\share\prims\jni.cpp, line 520]
Event: 2677.154 Thread 0x000002a2c8660e20 Exception <a 'sun/nio/fs/WindowsException'{0x00000000d57073f0}> (0x00000000d57073f0) 
thrown [s\src\hotspot\share\prims\jni.cpp, line 520]
Event: 2677.313 Thread 0x000002a2c865cc80 Exception <a 'java/lang/ArrayIndexOutOfBoundsException'{0x00000000d57ef368}: Index 343 out of bounds for length 342> (0x00000000d57ef368) 
thrown [s\src\hotspot\share\interpreter\interpreterRuntime.cpp, line 439]
Event: 2677.668 Thread 0x000002a2c9c8a200 Exception <a 'sun/nio/fs/WindowsException'{0x00000000d55c58f8}> (0x00000000d55c58f8) 
thrown [s\src\hotspot\share\prims\jni.cpp, line 520]
Event: 2677.668 Thread 0x000002a2c9c8a200 Exception <a 'sun/nio/fs/WindowsException'{0x00000000d55c5f68}> (0x00000000d55c5f68) 
thrown [s\src\hotspot\share\prims\jni.cpp, line 520]
Event: 2886.413 Thread 0x000002a2c865abb0 Exception <a 'sun/nio/fs/WindowsException'{0x00000000d5664ba8}> (0x00000000d5664ba8) 
thrown [s\src\hotspot\share\prims\jni.cpp, line 520]
Event: 2886.421 Thread 0x000002a2c865abb0 Exception <a 'sun/nio/fs/WindowsException'{0x00000000d5665938}> (0x00000000d5665938) 
thrown [s\src\hotspot\share\prims\jni.cpp, line 520]
Event: 2887.986 Thread 0x000002a2c865abb0 Exception <a 'java/lang/NoSuchMethodError'{0x00000000d5585138}: static Lorg/eclipse/m2e/core/internal/lifecyclemapping/model/PluginExecutionMetadata;.<clinit>()V> (0x00000000d5585138) 
thrown [s\src\hotspot\share\prims\jni.cpp, line 1111]
Event: 2888.038 Thread 0x000002a2c865abb0 Exception <a 'java/lang/NoSuchMethodError'{0x00000000d55a91d8}: static Lorg/eclipse/m2e/core/internal/lifecyclemapping/model/PluginExecutionFilter;.<clinit>()V> (0x00000000d55a91d8) 
thrown [s\src\hotspot\share\prims\jni.cpp, line 1111]
Event: 2888.047 Thread 0x000002a2c865abb0 Exception <a 'java/lang/NoSuchMethodError'{0x00000000d55c3bb8}: static Lorg/eclipse/m2e/core/internal/project/registry/MavenProjectFacade$MavenProjectConfiguration;.<clinit>()V> (0x00000000d55c3bb8) 
thrown [s\src\hotspot\share\prims\jni.cpp, line 1111]
Event: 2888.059 Thread 0x000002a2c865abb0 Exception <a 'java/lang/NoSuchMethodError'{0x00000000d55e0190}: static [J.<clinit>()V> (0x00000000d55e0190) 
thrown [s\src\hotspot\share\prims\jni.cpp, line 1111]

ZGC Phase Switch (0 events):
No events

VM Operations (20 events):
Event: 8357.097 Executing VM operation: HandshakeAllThreads (HandshakeForDeflation)
Event: 8357.104 Executing VM operation: HandshakeAllThreads (HandshakeForDeflation) done
Event: 8357.104 Executing VM operation: RendezvousGCThreads
Event: 8357.104 Executing VM operation: RendezvousGCThreads done
Event: 8417.280 Executing VM operation: HandshakeAllThreads (HandshakeForDeflation)
Event: 8417.303 Executing VM operation: HandshakeAllThreads (HandshakeForDeflation) done
Event: 8417.303 Executing VM operation: RendezvousGCThreads
Event: 8417.304 Executing VM operation: RendezvousGCThreads done
Event: 8657.930 Executing VM operation: HandshakeAllThreads (HandshakeForDeflation)
Event: 8657.956 Executing VM operation: HandshakeAllThreads (HandshakeForDeflation) done
Event: 8657.956 Executing VM operation: RendezvousGCThreads
Event: 8657.956 Executing VM operation: RendezvousGCThreads done
Event: 8718.017 Executing VM operation: HandshakeAllThreads (HandshakeForDeflation)
Event: 8718.022 Executing VM operation: HandshakeAllThreads (HandshakeForDeflation) done
Event: 8718.022 Executing VM operation: RendezvousGCThreads
Event: 8718.022 Executing VM operation: RendezvousGCThreads done
Event: 8778.281 Executing VM operation: HandshakeAllThreads (HandshakeForDeflation)
Event: 8778.292 Executing VM operation: HandshakeAllThreads (HandshakeForDeflation) done
Event: 8778.294 Executing VM operation: RendezvousGCThreads
Event: 8778.295 Executing VM operation: RendezvousGCThreads done

Memory protections (0 events):
No events

Nmethod flushes (20 events):
Event: 2578.945 Thread 0x000002a2e93f2da0 flushing  nmethod 0x000002a2ed928290
Event: 2578.945 Thread 0x000002a2e93f2da0 flushing  nmethod 0x000002a2ed932190
Event: 2578.945 Thread 0x000002a2e93f2da0 flushing  nmethod 0x000002a2ed945690
Event: 2578.945 Thread 0x000002a2e93f2da0 flushing  nmethod 0x000002a2ed949310
Event: 2578.945 Thread 0x000002a2e93f2da0 flushing  nmethod 0x000002a2ed94a690
Event: 2578.945 Thread 0x000002a2e93f2da0 flushing  nmethod 0x000002a2ed950610
Event: 2578.945 Thread 0x000002a2e93f2da0 flushing  nmethod 0x000002a2ed951b10
Event: 2578.945 Thread 0x000002a2e93f2da0 flushing  nmethod 0x000002a2ed954d10
Event: 2578.945 Thread 0x000002a2e93f2da0 flushing  nmethod 0x000002a2ed95d590
Event: 2578.945 Thread 0x000002a2e93f2da0 flushing  nmethod 0x000002a2ed95df10
Event: 2578.945 Thread 0x000002a2e93f2da0 flushing  nmethod 0x000002a2ed95ec10
Event: 2578.945 Thread 0x000002a2e93f2da0 flushing  nmethod 0x000002a2ed95ff90
Event: 2578.945 Thread 0x000002a2e93f2da0 flushing  nmethod 0x000002a2ed960610
Event: 2578.945 Thread 0x000002a2e93f2da0 flushing  nmethod 0x000002a2ed960b90
Event: 2578.945 Thread 0x000002a2e93f2da0 flushing  nmethod 0x000002a2ed9a4690
Event: 2578.946 Thread 0x000002a2e93f2da0 flushing  nmethod 0x000002a2ed9da090
Event: 2578.946 Thread 0x000002a2e93f2da0 flushing  nmethod 0x000002a2ed9e9c10
Event: 2578.946 Thread 0x000002a2e93f2da0 flushing  nmethod 0x000002a2eda16f10
Event: 2578.946 Thread 0x000002a2e93f2da0 flushing osr nmethod 0x000002a2eda3f490
Event: 2578.946 Thread 0x000002a2e93f2da0 flushing  nmethod 0x000002a2eda42590

Events (20 events):
Event: 2736.277 Thread 0x000002a2c747f4c0 Thread exited: 0x000002a2c747f4c0
Event: 2736.278 Thread 0x000002a2c7481590 Thread exited: 0x000002a2c7481590
Event: 2737.916 Thread 0x000002a2c8660e20 Thread exited: 0x000002a2c8660e20
Event: 2797.928 Thread 0x000002a2c865cc80 Thread exited: 0x000002a2c865cc80
Event: 2857.938 Thread 0x000002a2c865ed50 Thread exited: 0x000002a2c865ed50
Event: 2886.041 Thread 0x000002a2c865c5f0 Thread exited: 0x000002a2c865c5f0
Event: 2886.487 Thread 0x000002a2c865abb0 Thread added: 0x000002a2c865f3e0
Event: 2886.511 Thread 0x000002a2c865f3e0 Thread exited: 0x000002a2c865f3e0
Event: 2887.436 Thread 0x000002a2e93fca20 Thread added: 0x000002a2cb1153f0
Event: 2888.191 Thread 0x000002a2cb1153f0 Thread exited: 0x000002a2cb1153f0
Event: 2888.213 Thread 0x000002a2c865abb0 Thread added: 0x000002a2c865e6c0
Event: 2888.215 Thread 0x000002a2c865e6c0 Thread exited: 0x000002a2c865e6c0
Event: 2901.759 Thread 0x000002a2c9c85340 Thread exited: 0x000002a2c9c85340
Event: 2917.968 Thread 0x000002a2c865b8d0 Thread exited: 0x000002a2c865b8d0
Event: 2952.698 Thread 0x000002a2cf2f4960 Thread exited: 0x000002a2cf2f4960
Event: 2964.042 Thread 0x000002a2c74822b0 Thread exited: 0x000002a2c74822b0
Event: 2972.563 Thread 0x000002a2c7bc7bc0 Thread exited: 0x000002a2c7bc7bc0
Event: 2977.953 Thread 0x000002a2c865a520 Thread exited: 0x000002a2c865a520
Event: 3037.973 Thread 0x000002a2c86614b0 Thread exited: 0x000002a2c86614b0
Event: 3097.980 Thread 0x000002a2c865b240 Thread exited: 0x000002a2c865b240


Dynamic libraries:
0x00007ff61bdc0000 - 0x00007ff61bdce000 	c:\Users\CETECOM\.vscode\extensions\redhat.java-1.50.0-win32-x64\jre\21.0.9-win32-x86_64\bin\java.exe
0x00007ffa51590000 - 0x00007ffa51788000 	C:\WINDOWS\SYSTEM32\ntdll.dll
0x00007ffa4fbd0000 - 0x00007ffa4fc92000 	C:\WINDOWS\System32\KERNEL32.DLL
0x00007ffa4efa0000 - 0x00007ffa4f296000 	C:\WINDOWS\System32\KERNELBASE.dll
0x00007ffa4b080000 - 0x00007ffa4b114000 	C:\WINDOWS\SYSTEM32\apphelp.dll
0x00007ffa4f4b0000 - 0x00007ffa4f5b0000 	C:\WINDOWS\System32\ucrtbase.dll
0x00007ffa08950000 - 0x00007ffa08968000 	c:\Users\CETECOM\.vscode\extensions\redhat.java-1.50.0-win32-x64\jre\21.0.9-win32-x86_64\bin\jli.dll
0x00007ffa512e0000 - 0x00007ffa51481000 	C:\WINDOWS\System32\USER32.dll
0x00007ffa4f480000 - 0x00007ffa4f4a2000 	C:\WINDOWS\System32\win32u.dll
0x00007ffa4f5b0000 - 0x00007ffa4f5db000 	C:\WINDOWS\System32\GDI32.dll
0x00007ffa4f2a0000 - 0x00007ffa4f3b9000 	C:\WINDOWS\System32\gdi32full.dll
0x00007ffa4ec20000 - 0x00007ffa4ecbd000 	C:\WINDOWS\System32\msvcp_win.dll
0x00007ffa08930000 - 0x00007ffa0894e000 	c:\Users\CETECOM\.vscode\extensions\redhat.java-1.50.0-win32-x64\jre\21.0.9-win32-x86_64\bin\VCRUNTIME140.dll
0x00007ffa3f490000 - 0x00007ffa3f72b000 	C:\WINDOWS\WinSxS\amd64_microsoft.windows.common-controls_6595b64144ccf1df_6.0.19041.6456_none_60b8a6cb71f64256\COMCTL32.dll
0x00007ffa510d0000 - 0x00007ffa5116e000 	C:\WINDOWS\System32\msvcrt.dll
0x00007ffa512b0000 - 0x00007ffa512df000 	C:\WINDOWS\System32\IMM32.DLL
0x00007ffa3b420000 - 0x00007ffa3b42c000 	c:\Users\CETECOM\.vscode\extensions\redhat.java-1.50.0-win32-x64\jre\21.0.9-win32-x86_64\bin\vcruntime140_1.dll
0x00007ffa01e50000 - 0x00007ffa01edd000 	c:\Users\CETECOM\.vscode\extensions\redhat.java-1.50.0-win32-x64\jre\21.0.9-win32-x86_64\bin\msvcp140.dll
0x00007ff9fad20000 - 0x00007ff9fbac0000 	c:\Users\CETECOM\.vscode\extensions\redhat.java-1.50.0-win32-x64\jre\21.0.9-win32-x86_64\bin\server\jvm.dll
0x00007ffa51490000 - 0x00007ffa51541000 	C:\WINDOWS\System32\ADVAPI32.dll
0x00007ffa4fca0000 - 0x00007ffa4fd3f000 	C:\WINDOWS\System32\sechost.dll
0x00007ffa4fa20000 - 0x00007ffa4fb40000 	C:\WINDOWS\System32\RPCRT4.dll
0x00007ffa4f450000 - 0x00007ffa4f477000 	C:\WINDOWS\System32\bcrypt.dll
0x00007ffa50650000 - 0x00007ffa506bb000 	C:\WINDOWS\System32\WS2_32.dll
0x00007ffa4e9d0000 - 0x00007ffa4ea1b000 	C:\WINDOWS\SYSTEM32\POWRPROF.dll
0x00007ffa437d0000 - 0x00007ffa437f7000 	C:\WINDOWS\SYSTEM32\WINMM.dll
0x00007ffa45810000 - 0x00007ffa4581a000 	C:\WINDOWS\SYSTEM32\VERSION.dll
0x00007ffa4e9b0000 - 0x00007ffa4e9c2000 	C:\WINDOWS\SYSTEM32\UMPDC.dll
0x00007ffa4ca50000 - 0x00007ffa4ca62000 	C:\WINDOWS\SYSTEM32\kernel.appcore.dll
0x00007ffa3a270000 - 0x00007ffa3a27a000 	c:\Users\CETECOM\.vscode\extensions\redhat.java-1.50.0-win32-x64\jre\21.0.9-win32-x86_64\bin\jimage.dll
0x00007ffa44200000 - 0x00007ffa44401000 	C:\WINDOWS\SYSTEM32\DBGHELP.DLL
0x00007ffa27fb0000 - 0x00007ffa27fe4000 	C:\WINDOWS\SYSTEM32\dbgcore.DLL
0x00007ffa4f3c0000 - 0x00007ffa4f442000 	C:\WINDOWS\System32\bcryptPrimitives.dll
0x00007ffa24f50000 - 0x00007ffa24f5f000 	c:\Users\CETECOM\.vscode\extensions\redhat.java-1.50.0-win32-x64\jre\21.0.9-win32-x86_64\bin\instrument.dll
0x00007ffa050c0000 - 0x00007ffa050e0000 	c:\Users\CETECOM\.vscode\extensions\redhat.java-1.50.0-win32-x64\jre\21.0.9-win32-x86_64\bin\java.dll
0x00007ffa4fee0000 - 0x00007ffa50650000 	C:\WINDOWS\System32\SHELL32.dll
0x00007ffa4cc50000 - 0x00007ffa4d3f5000 	C:\WINDOWS\SYSTEM32\windows.storage.dll
0x00007ffa507f0000 - 0x00007ffa50b44000 	C:\WINDOWS\System32\combase.dll
0x00007ffa4e490000 - 0x00007ffa4e4bb000 	C:\WINDOWS\SYSTEM32\Wldp.dll
0x00007ffa506c0000 - 0x00007ffa5078d000 	C:\WINDOWS\System32\OLEAUT32.dll
0x00007ffa4f970000 - 0x00007ffa4fa1d000 	C:\WINDOWS\System32\SHCORE.dll
0x00007ffa50fc0000 - 0x00007ffa5101b000 	C:\WINDOWS\System32\shlwapi.dll
0x00007ffa4eb50000 - 0x00007ffa4eb74000 	C:\WINDOWS\SYSTEM32\profapi.dll
0x00007ffa03970000 - 0x00007ffa03988000 	c:\Users\CETECOM\.vscode\extensions\redhat.java-1.50.0-win32-x64\jre\21.0.9-win32-x86_64\bin\zip.dll
0x00007ffa1f790000 - 0x00007ffa1f7a0000 	C:\Users\CETECOM\.vscode\extensions\redhat.java-1.50.0-win32-x64\jre\21.0.9-win32-x86_64\bin\net.dll
0x00007ffa46b30000 - 0x00007ffa46c3a000 	C:\WINDOWS\SYSTEM32\WINHTTP.dll
0x00007ffa4e270000 - 0x00007ffa4e2da000 	C:\WINDOWS\system32\mswsock.dll
0x00007ffa03950000 - 0x00007ffa03966000 	C:\Users\CETECOM\.vscode\extensions\redhat.java-1.50.0-win32-x64\jre\21.0.9-win32-x86_64\bin\nio.dll
0x00007ffa1f060000 - 0x00007ffa1f070000 	c:\Users\CETECOM\.vscode\extensions\redhat.java-1.50.0-win32-x64\jre\21.0.9-win32-x86_64\bin\verify.dll
0x00007ffa022b0000 - 0x00007ffa022f4000 	C:\Users\CETECOM\AppData\Roaming\Code\User\globalStorage\redhat.java\1.50.0\config_win\org.eclipse.equinox.launcher\org.eclipse.equinox.launcher.win32.win32.x86_64_1.2.1400.v20250801-0854\eclipse_11916.dll
0x00007ffa51170000 - 0x00007ffa5129b000 	C:\WINDOWS\System32\ole32.dll
0x00007ffa1cee0000 - 0x00007ffa1ceea000 	C:\Users\CETECOM\.vscode\extensions\redhat.java-1.50.0-win32-x64\jre\21.0.9-win32-x86_64\bin\management.dll
0x00007ffa1c530000 - 0x00007ffa1c53c000 	C:\Users\CETECOM\.vscode\extensions\redhat.java-1.50.0-win32-x64\jre\21.0.9-win32-x86_64\bin\management_ext.dll
0x00007ffa512a0000 - 0x00007ffa512a8000 	C:\WINDOWS\System32\PSAPI.DLL
0x00007ffa4e4d0000 - 0x00007ffa4e4e8000 	C:\WINDOWS\SYSTEM32\CRYPTSP.dll
0x00007ffa4dbb0000 - 0x00007ffa4dbe8000 	C:\WINDOWS\system32\rsaenh.dll
0x00007ffa4ead0000 - 0x00007ffa4eafe000 	C:\WINDOWS\SYSTEM32\USERENV.dll
0x00007ffa4e400000 - 0x00007ffa4e40c000 	C:\WINDOWS\SYSTEM32\CRYPTBASE.dll
0x00007ffa4df70000 - 0x00007ffa4dfab000 	C:\WINDOWS\SYSTEM32\IPHLPAPI.DLL
0x00007ffa4fdb0000 - 0x00007ffa4fdb8000 	C:\WINDOWS\System32\NSI.dll
0x00007ffa01be0000 - 0x00007ffa01c29000 	C:\Users\CETECOM\AppData\Local\Temp\jna-1388314158\jna8117348504995738582.dll
0x00007ffa45910000 - 0x00007ffa45927000 	C:\WINDOWS\SYSTEM32\dhcpcsvc6.DLL
0x00007ffa46480000 - 0x00007ffa4649d000 	C:\WINDOWS\SYSTEM32\dhcpcsvc.DLL
0x00007ffa1bba0000 - 0x00007ffa1bbae000 	C:\Users\CETECOM\.vscode\extensions\redhat.java-1.50.0-win32-x64\jre\21.0.9-win32-x86_64\bin\sunmscapi.dll
0x00007ffa4ed90000 - 0x00007ffa4eeed000 	C:\WINDOWS\System32\CRYPT32.dll
0x00007ffa4e650000 - 0x00007ffa4e677000 	C:\WINDOWS\SYSTEM32\ncrypt.dll
0x00007ffa4e610000 - 0x00007ffa4e64b000 	C:\WINDOWS\SYSTEM32\NTASN1.dll
0x00007ffa4dfb0000 - 0x00007ffa4e07a000 	C:\WINDOWS\SYSTEM32\DNSAPI.dll
0x0000000076260000 - 0x0000000076286000 	C:\Program Files\Bonjour\mdnsNSP.dll
0x00007ffa45880000 - 0x00007ffa4588a000 	C:\Windows\System32\rasadhlp.dll
0x00007ffa41020000 - 0x00007ffa410a0000 	C:\WINDOWS\System32\fwpuclnt.dll
0x00007ffa1ae10000 - 0x00007ffa1ae19000 	C:\Users\CETECOM\.vscode\extensions\redhat.java-1.50.0-win32-x64\jre\21.0.9-win32-x86_64\bin\extnet.dll
0x00007ffa3f990000 - 0x00007ffa3f997000 	C:\WINDOWS\system32\wshunix.dll

JVMTI agents:
c:\Users\CETECOM\.vscode\extensions\redhat.java-1.50.0-win32-x64\lombok\lombok-1.18.39-4050.jar path:c:\Users\CETECOM\.vscode\extensions\redhat.java-1.50.0-win32-x64\jre\21.0.9-win32-x86_64\bin\instrument.dll, loaded, initialized, instrumentlib options:none

dbghelp: loaded successfully - version: 4.0.5 - missing functions: none
symbol engine: initialized successfully - sym options: 0x614 - pdb path: .;c:\Users\CETECOM\.vscode\extensions\redhat.java-1.50.0-win32-x64\jre\21.0.9-win32-x86_64\bin;C:\WINDOWS\SYSTEM32;C:\WINDOWS\WinSxS\amd64_microsoft.windows.common-controls_6595b64144ccf1df_6.0.19041.6456_none_60b8a6cb71f64256;c:\Users\CETECOM\.vscode\extensions\redhat.java-1.50.0-win32-x64\jre\21.0.9-win32-x86_64\bin\server;C:\Users\CETECOM\AppData\Roaming\Code\User\globalStorage\redhat.java\1.50.0\config_win\org.eclipse.equinox.launcher\org.eclipse.equinox.launcher.win32.win32.x86_64_1.2.1400.v20250801-0854;C:\Users\CETECOM\AppData\Local\Temp\jna-1388314158;C:\Program Files\Bonjour

VM Arguments:
jvm_args: --add-modules=ALL-SYSTEM --add-opens=java.base/java.util=ALL-UNNAMED --add-opens=java.base/java.lang=ALL-UNNAMED --add-opens=java.base/sun.nio.fs=ALL-UNNAMED -Declipse.application=org.eclipse.jdt.ls.core.id1 -Dosgi.bundles.defaultStartLevel=4 -Declipse.product=org.eclipse.jdt.ls.core.product -Djava.import.generatesMetadataFilesAtProjectRoot=false -DDetectVMInstallationsJob.disabled=true -Dfile.encoding=utf8 -XX:+UseParallelGC -XX:GCTimeRatio=4 -XX:AdaptiveSizePolicyWeight=90 -Dsun.zip.disableMemoryMapping=true -Xmx2G -Xms100m -Xlog:disable -javaagent:c:\Users\CETECOM\.vscode\extensions\redhat.java-1.50.0-win32-x64\lombok\lombok-1.18.39-4050.jar -XX:+HeapDumpOnOutOfMemoryError -XX:HeapDumpPath=c:\Users\CETECOM\AppData\Roaming\Code\User\workspaceStorage\57ae672ed4960f5eec4c251ee6551935\redhat.java -Daether.dependencyCollector.impl=bf 
java_command: c:\Users\CETECOM\.vscode\extensions\redhat.java-1.50.0-win32-x64\server\plugins\org.eclipse.equinox.launcher_1.7.100.v20251111-0406.jar -configuration c:\Users\CETECOM\AppData\Roaming\Code\User\globalStorage\redhat.java\1.50.0\config_win -data c:\Users\CETECOM\AppData\Roaming\Code\User\workspaceStorage\57ae672ed4960f5eec4c251ee6551935\redhat.java\jdt_ws --pipe=\\.\pipe\lsp-e0d31fbc9c94e2cf0d6608351736894e-sock
java_class_path (initial): c:\Users\CETECOM\.vscode\extensions\redhat.java-1.50.0-win32-x64\server\plugins\org.eclipse.equinox.launcher_1.7.100.v20251111-0406.jar
Launcher Type: SUN_STANDARD

[Global flags]
    uintx AdaptiveSizePolicyWeight                 = 90                                        {product} {command line}
     intx CICompilerCount                          = 4                                         {product} {ergonomic}
    uintx GCTimeRatio                              = 4                                         {product} {command line}
     bool HeapDumpOnOutOfMemoryError               = true                                   {manageable} {command line}
    ccstr HeapDumpPath                             = c:\Users\CETECOM\AppData\Roaming\Code\User\workspaceStorage\57ae672ed4960f5eec4c251ee6551935\redhat.java         {manageable} {command line}
   size_t InitialHeapSize                          = 104857600                                 {product} {command line}
   size_t MaxHeapSize                              = 2147483648                                {product} {command line}
   size_t MaxNewSize                               = 715653120                                 {product} {ergonomic}
   size_t MinHeapDeltaBytes                        = 524288                                    {product} {ergonomic}
   size_t MinHeapSize                              = 104857600                                 {product} {command line}
   size_t NewSize                                  = 34603008                                  {product} {ergonomic}
    uintx NonNMethodCodeHeapSize                   = 5839372                                {pd product} {ergonomic}
    uintx NonProfiledCodeHeapSize                  = 122909434                              {pd product} {ergonomic}
   size_t OldSize                                  = 70254592                                  {product} {ergonomic}
    uintx ProfiledCodeHeapSize                     = 122909434                              {pd product} {ergonomic}
    uintx ReservedCodeCacheSize                    = 251658240                              {pd product} {ergonomic}
     bool SegmentedCodeCache                       = true                                      {product} {ergonomic}
   size_t SoftMaxHeapSize                          = 2147483648                             {manageable} {ergonomic}
     bool UseCompressedOops                        = true                           {product lp64_product} {ergonomic}
     bool UseLargePagesIndividualAllocation        = false                                  {pd product} {ergonomic}
     bool UseParallelGC                            = true                                      {product} {command line}

Logging:
Log output configuration:
 #0: stdout all=off uptime,level,tags foldmultilines=false
 #1: stderr all=off uptime,level,tags foldmultilines=false

Release file:
JAVA_VERSION="21.0.9" 
MODULES="java.base java.compiler java.datatransfer java.xml java.prefs java.desktop java.instrument java.logging java.management java.security.sasl java.naming java.rmi java.management.rmi java.net.http java.scripting java.security.jgss java.transaction.xa java.sql java.sql.rowset java.xml.crypto java.se java.smartcardio jdk.accessibility jdk.internal.jvmstat jdk.attach jdk.charsets jdk.internal.opt jdk.zipfs jdk.compiler jdk.crypto.ec jdk.crypto.cryptoki jdk.crypto.mscapi jdk.dynalink jdk.internal.ed jdk.editpad jdk.hotspot.agent jdk.httpserver jdk.internal.le jdk.internal.vm.ci jdk.internal.vm.compiler jdk.internal.vm.compiler.management jdk.jartool jdk.javadoc jdk.jcmd jdk.management jdk.management.agent jdk.jconsole jdk.jdeps jdk.jdwp.agent jdk.jdi jdk.jfr jdk.jshell jdk.jsobject jdk.jstatd jdk.localedata jdk.management.jfr jdk.naming.dns jdk.naming.rmi jdk.net jdk.nio.mapmode jdk.random jdk.sctp jdk.security.auth jdk.security.jgss jdk.unsupported jdk.unsupported.desktop jdk.xml.dom" 

Environment Variables:
PATH=C:\Program Files\Common Files\Oracle\Java\javapath;C:\app\CETECOM\product\21c\dbhomeXE\bin;C:\WINDOWS\system32;C:\WINDOWS;C:\WINDOWS\System32\Wbem;C:\WINDOWS\System32\WindowsPowerShell\v1.0\;C:\WINDOWS\System32\OpenSSH\;C:\Program Files\WezTerm;C:\Program Files\Git\cmd;C:\Users\CETECOM\scoop\shims;C:\Users\CETECOM\AppData\Local\Microsoft\WindowsApps;C:\Users\CETECOM\AppData\Local\Programs\Microsoft VS Code\bin;C:\Program Files (x86)\MongoDB Atlas CLI\
USERNAME=CETECOM
OS=Windows_NT
PROCESSOR_IDENTIFIER=AMD64 Family 23 Model 24 Stepping 1, AuthenticAMD
TMP=C:\Users\CETECOM\AppData\Local\Temp
TEMP=C:\Users\CETECOM\AppData\Local\Temp




Periodic native trim disabled

---------------  S Y S T E M  ---------------

OS:
 Windows 10 , 64 bit Build 19041 (10.0.19041.5915)
OS uptime: 6 days 18:14 hours
Hyper-V role detected

CPU: total 8 (initial active 8) (8 cores per cpu, 2 threads per core) family 23 model 24 stepping 1 microcode 0x0, cx8, cmov, fxsr, ht, mmx, 3dnowpref, sse, sse2, sse3, ssse3, sse4a, sse4.1, sse4.2, popcnt, lzcnt, tsc, tscinvbit, avx, avx2, aes, clmul, bmi1, bmi2, adx, sha, fma, vzeroupper, clflush, clflushopt, hv, rdtscp, f16c
Processor Information for the first 8 processors :
  Max Mhz: 2100, Current Mhz: 2100, Mhz Limit: 2100

Memory: 4k page, system-wide physical 6030M (328M free)
TotalPageFile size 24462M (AvailPageFile size 95M)
current process WorkingSet (physical memory assigned to process): 8M, peak: 752M
current process commit charge ("private bytes"): 1390M, peak: 1431M

vm_info: OpenJDK 64-Bit Server VM (21.0.9+10-LTS) for windows-amd64 JRE (21.0.9+10-LTS), built on 2025-10-21T00:00:00Z by "admin" with unknown MS VC++:1942

END.
