#
# There is insufficient memory for the Java Runtime Environment to continue.
# Native memory allocation (malloc) failed to allocate 1048576 bytes. Error detail: AllocateHeap
# Possible reasons:
#   The system is out of physical RAM or swap space
#   This process is running with CompressedOops enabled, and the Java Heap may be blocking the growth of the native heap
# Possible solutions:
#   Reduce memory load on the system
#   Increase physical memory or swap space
#   Check if swap backing store is full
#   Decrease Java heap size (-Xmx/-Xms)
#   Decrease number of Java threads
#   Decrease Java thread stack sizes (-Xss)
#   Set larger code cache with -XX:ReservedCodeCacheSize=
#   JVM is running with Unscaled Compressed Oops mode in which the Java heap is
#     placed in the first 4GB address space. The Java Heap base address is the
#     maximum limit for the native heap growth. Please use -XX:HeapBaseMinAddress
#     to set the Java Heap base and to place the Java Heap above 4GB virtual address.
# This output file may be truncated or incomplete.
#
#  Out of Memory Error (allocation.cpp:44), pid=22424, tid=12876
#
# JRE version: OpenJDK Runtime Environment Temurin-21.0.9+10 (21.0.9+10) (build 21.0.9+10-LTS)
# Java VM: OpenJDK 64-Bit Server VM Temurin-21.0.9+10 (21.0.9+10-LTS, mixed mode, sharing, tiered, compressed oops, compressed class ptrs, parallel gc, windows-amd64)
# No core dump will be written. Minidumps are not enabled by default on client versions of Windows
#

---------------  S U M M A R Y ------------

Command Line: --add-modules=ALL-SYSTEM --add-opens=java.base/java.util=ALL-UNNAMED --add-opens=java.base/java.lang=ALL-UNNAMED --add-opens=java.base/sun.nio.fs=ALL-UNNAMED -Declipse.application=org.eclipse.jdt.ls.core.id1 -Dosgi.bundles.defaultStartLevel=4 -Declipse.product=org.eclipse.jdt.ls.core.product -Djava.import.generatesMetadataFilesAtProjectRoot=false -DDetectVMInstallationsJob.disabled=true -Dfile.encoding=utf8 -XX:+UseParallelGC -XX:GCTimeRatio=4 -XX:AdaptiveSizePolicyWeight=90 -Dsun.zip.disableMemoryMapping=true -Xmx2G -Xms100m -Xlog:disable -javaagent:c:\Users\CETECOM\.vscode\extensions\redhat.java-1.50.0-win32-x64\lombok\lombok-1.18.39-4050.jar -XX:+HeapDumpOnOutOfMemoryError -XX:HeapDumpPath=c:\Users\CETECOM\AppData\Roaming\Code\User\workspaceStorage\57ae672ed4960f5eec4c251ee6551935\redhat.java -Daether.dependencyCollector.impl=bf c:\Users\CETECOM\.vscode\extensions\redhat.java-1.50.0-win32-x64\server\plugins\org.eclipse.equinox.launcher_1.7.100.v20251111-0406.jar -configuration c:\Users\CETECOM\AppData\Roaming\Code\User\globalStorage\redhat.java\1.50.0\config_win -data c:\Users\CETECOM\AppData\Roaming\Code\User\workspaceStorage\57ae672ed4960f5eec4c251ee6551935\redhat.java\jdt_ws --pipe=\\.\pipe\lsp-3bc1e6996a0bff18ee541b5e263ae54f-sock

Host: AMD Ryzen 5 3450U with Radeon Vega Mobile Gfx  , 8 cores, 5G,  Windows 10 , 64 bit Build 19041 (10.0.19041.5915)
Time: Fri Nov 28 13:19:41 2025 Hora estándar central (México) elapsed time: 1026.338018 seconds (0d 0h 17m 6s)

---------------  T H R E A D  ---------------

Current thread (0x0000026db5fe1720):  JavaThread "Attach Listener" daemon [_thread_in_vm, id=12876, stack(0x000000709fb00000,0x000000709fc00000) (1024K)]

Stack: [0x000000709fb00000,0x000000709fc00000]
Native frames: (J=compiled Java code, j=interpreted, Vv=VM code, C=native code)
V  [jvm.dll+0x6d6e29]
V  [jvm.dll+0x8b4b76]
V  [jvm.dll+0x8b712e]
V  [jvm.dll+0x8b7813]
V  [jvm.dll+0x283d86]
V  [jvm.dll+0xc1277]
V  [jvm.dll+0x6d76d9]
V  [jvm.dll+0x133466]
V  [jvm.dll+0x3f7ea6]
V  [jvm.dll+0x85e9ad]
V  [jvm.dll+0x6d565d]
C  [ucrtbase.dll+0x21bb2]
C  [KERNEL32.DLL+0x17374]
C  [ntdll.dll+0x4cc91]


---------------  P R O C E S S  ---------------

Threads class SMR info:
_java_thread_list=0x0000026e1b07f200, length=49, elements={
0x0000026db3df4ee0, 0x0000026db5fdbe80, 0x0000026db5fdd310, 0x0000026db5fe0a30,
0x0000026db5fe1720, 0x0000026db5fe6bc0, 0x0000026db5ff0bd0, 0x0000026db5ff3bd0,
0x0000026db5ff5330, 0x0000026e0f4e9270, 0x0000026e0f60fdc0, 0x0000026e0fa8a410,
0x0000026e0fa8b020, 0x0000026e0fb187f0, 0x0000026e0f413cd0, 0x0000026e0f5f7960,
0x0000026e1467c010, 0x0000026e0f89e170, 0x0000026e0fea1040, 0x0000026e0fda4c50,
0x0000026e0fda6000, 0x0000026e0fda52e0, 0x0000026e0fda5970, 0x0000026e159ab2b0,
0x0000026e159ab940, 0x0000026e159abfd0, 0x0000026e159ac660, 0x0000026e159accf0,
0x0000026e159ad380, 0x0000026e159a9f00, 0x0000026e159aa590, 0x0000026e159aac20,
0x0000026e1610d880, 0x0000026e1610df10, 0x0000026e1610be40, 0x0000026e1610b7b0,
0x0000026e16112dd0, 0x0000026e1610c4d0, 0x0000026e1610d1f0, 0x0000026e1610ec30,
0x0000026e1610e5a0, 0x0000026e1610f2c0, 0x0000026e1610f950, 0x0000026e1610ffe0,
0x0000026e16110670, 0x0000026e16110d00, 0x0000026e16111390, 0x0000026e0fda3f30,
0x0000026e0f7d3d20
}

Java Threads: ( => current thread )
  0x0000026db3df4ee0 JavaThread "main"                              [_thread_blocked, id=18144, stack(0x000000709f400000,0x000000709f500000) (1024K)]
  0x0000026db5fdbe80 JavaThread "Reference Handler"          daemon [_thread_blocked, id=20836, stack(0x000000709f800000,0x000000709f900000) (1024K)]
  0x0000026db5fdd310 JavaThread "Finalizer"                  daemon [_thread_blocked, id=18496, stack(0x000000709f900000,0x000000709fa00000) (1024K)]
  0x0000026db5fe0a30 JavaThread "Signal Dispatcher"          daemon [_thread_blocked, id=6600, stack(0x000000709fa00000,0x000000709fb00000) (1024K)]
=>0x0000026db5fe1720 JavaThread "Attach Listener"            daemon [_thread_in_vm, id=12876, stack(0x000000709fb00000,0x000000709fc00000) (1024K)]
  0x0000026db5fe6bc0 JavaThread "Service Thread"             daemon [_thread_blocked, id=21032, stack(0x000000709fc00000,0x000000709fd00000) (1024K)]
  0x0000026db5ff0bd0 JavaThread "Monitor Deflation Thread"   daemon [_thread_blocked, id=19360, stack(0x000000709fd00000,0x000000709fe00000) (1024K)]
  0x0000026db5ff3bd0 JavaThread "C2 CompilerThread0"         daemon [_thread_blocked, id=20240, stack(0x000000709fe00000,0x000000709ff00000) (1024K)]
  0x0000026db5ff5330 JavaThread "C1 CompilerThread0"         daemon [_thread_blocked, id=11296, stack(0x000000709ff00000,0x00000070a0000000) (1024K)]
  0x0000026e0f4e9270 JavaThread "Common-Cleaner"             daemon [_thread_blocked, id=9424, stack(0x00000070a0000000,0x00000070a0100000) (1024K)]
  0x0000026e0f60fdc0 JavaThread "Notification Thread"        daemon [_thread_blocked, id=19532, stack(0x00000070a0100000,0x00000070a0200000) (1024K)]
  0x0000026e0fa8a410 JavaThread "Active Thread: Equinox Container: 9d42adc9-f009-45b9-be5b-b076a705938c"        [_thread_blocked, id=2156, stack(0x00000070a0800000,0x00000070a0900000) (1024K)]
  0x0000026e0fa8b020 JavaThread "Refresh Thread: Equinox Container: 9d42adc9-f009-45b9-be5b-b076a705938c" daemon [_thread_blocked, id=13988, stack(0x00000070a0900000,0x00000070a0a00000) (1024K)]
  0x0000026e0fb187f0 JavaThread "Framework Event Dispatcher: Equinox Container: 9d42adc9-f009-45b9-be5b-b076a705938c" daemon [_thread_blocked, id=20060, stack(0x00000070a0b00000,0x00000070a0c00000) (1024K)]
  0x0000026e0f413cd0 JavaThread "Start Level: Equinox Container: 9d42adc9-f009-45b9-be5b-b076a705938c" daemon [_thread_blocked, id=2712, stack(0x00000070a0c00000,0x00000070a0d00000) (1024K)]
  0x0000026e0f5f7960 JavaThread "Bundle File Closer"         daemon [_thread_blocked, id=21100, stack(0x00000070a0d00000,0x00000070a0e00000) (1024K)]
  0x0000026e1467c010 JavaThread "SCR Component Actor"        daemon [_thread_blocked, id=7340, stack(0x00000070a0e00000,0x00000070a0f00000) (1024K)]
  0x0000026e0f89e170 JavaThread "Worker-JM"                         [_thread_blocked, id=11944, stack(0x00000070a0f00000,0x00000070a1000000) (1024K)]
  0x0000026e0fea1040 JavaThread "JNA Cleaner"                daemon [_thread_blocked, id=5452, stack(0x00000070a1000000,0x00000070a1100000) (1024K)]
  0x0000026e0fda4c50 JavaThread "Java indexing"              daemon [_thread_blocked, id=21720, stack(0x00000070a1400000,0x00000070a1500000) (1024K)]
  0x0000026e0fda6000 JavaThread "Worker-3"                          [_thread_blocked, id=17220, stack(0x00000070a1700000,0x00000070a1800000) (1024K)]
  0x0000026e0fda52e0 JavaThread "Worker-4"                          [_thread_blocked, id=8916, stack(0x00000070a1800000,0x00000070a1900000) (1024K)]
  0x0000026e0fda5970 JavaThread "Thread-1"                   daemon [_thread_in_native, id=20192, stack(0x00000070a1900000,0x00000070a1a00000) (1024K)]
  0x0000026e159ab2b0 JavaThread "Thread-2"                   daemon [_thread_in_native, id=13360, stack(0x00000070a1a00000,0x00000070a1b00000) (1024K)]
  0x0000026e159ab940 JavaThread "Thread-3"                   daemon [_thread_in_native, id=15120, stack(0x00000070a1b00000,0x00000070a1c00000) (1024K)]
  0x0000026e159abfd0 JavaThread "Thread-4"                   daemon [_thread_in_native, id=20600, stack(0x00000070a1c00000,0x00000070a1d00000) (1024K)]
  0x0000026e159ac660 JavaThread "Thread-5"                   daemon [_thread_in_native, id=5484, stack(0x00000070a1d00000,0x00000070a1e00000) (1024K)]
  0x0000026e159accf0 JavaThread "Thread-6"                   daemon [_thread_in_native, id=15900, stack(0x00000070a1e00000,0x00000070a1f00000) (1024K)]
  0x0000026e159ad380 JavaThread "Thread-7"                   daemon [_thread_in_native, id=11320, stack(0x00000070a1f00000,0x00000070a2000000) (1024K)]
  0x0000026e159a9f00 JavaThread "Thread-8"                   daemon [_thread_in_native, id=20432, stack(0x00000070a2000000,0x00000070a2100000) (1024K)]
  0x0000026e159aa590 JavaThread "Thread-9"                   daemon [_thread_in_native, id=4276, stack(0x00000070a2100000,0x00000070a2200000) (1024K)]
  0x0000026e159aac20 JavaThread "pool-2-thread-1"                   [_thread_blocked, id=17692, stack(0x00000070a2200000,0x00000070a2300000) (1024K)]
  0x0000026e1610d880 JavaThread "WorkspaceEventsHandler"            [_thread_blocked, id=10016, stack(0x00000070a2300000,0x00000070a2400000) (1024K)]
  0x0000026e1610df10 JavaThread "pool-1-thread-1"                   [_thread_blocked, id=8420, stack(0x00000070a2400000,0x00000070a2500000) (1024K)]
  0x0000026e1610be40 JavaThread "Java Debug Server"          daemon [_thread_in_native, id=18696, stack(0x000000709f200000,0x000000709f300000) (1024K)]
  0x0000026e1610b7b0 JavaThread "pool-4-thread-1"                   [_thread_in_native, id=8712, stack(0x000000709f300000,0x000000709f400000) (1024K)]
  0x0000026e16112dd0 JavaThread "RxSchedulerPurge-1"         daemon [_thread_blocked, id=15324, stack(0x00000070a1100000,0x00000070a1200000) (1024K)]
  0x0000026e1610c4d0 JavaThread "RxCachedWorkerPoolEvictor-1" daemon [_thread_blocked, id=19788, stack(0x00000070a1500000,0x00000070a1600000) (1024K)]
  0x0000026e1610d1f0 JavaThread "RxNewThreadScheduler-1"     daemon [_thread_blocked, id=10916, stack(0x00000070a2c00000,0x00000070a2d00000) (1024K)]
  0x0000026e1610ec30 JavaThread "process reaper (pid 7076)"  daemon [_thread_in_native, id=16508, stack(0x00000070a2d00000,0x00000070a2d20000) (128K)]
  0x0000026e1610e5a0 JavaThread "Worker-5"                          [_thread_blocked, id=5372, stack(0x000000709f100000,0x000000709f200000) (1024K)]
  0x0000026e1610f2c0 JavaThread "ForkJoinPool.commonPool-worker-8" daemon [_thread_blocked, id=16524, stack(0x00000070a1200000,0x00000070a1300000) (1024K)]
  0x0000026e1610f950 JavaThread "ForkJoinPool.commonPool-worker-9" daemon [_thread_blocked, id=16180, stack(0x00000070a1300000,0x00000070a1400000) (1024K)]
  0x0000026e1610ffe0 JavaThread "ForkJoinPool.commonPool-worker-10" daemon [_thread_blocked, id=19752, stack(0x00000070a1600000,0x00000070a1700000) (1024K)]
  0x0000026e16110670 JavaThread "ForkJoinPool.commonPool-worker-11" daemon [_thread_blocked, id=11476, stack(0x00000070a2500000,0x00000070a2600000) (1024K)]
  0x0000026e16110d00 JavaThread "ForkJoinPool.commonPool-worker-12" daemon [_thread_blocked, id=13200, stack(0x00000070a2600000,0x00000070a2700000) (1024K)]
  0x0000026e16111390 JavaThread "ForkJoinPool.commonPool-worker-13" daemon [_thread_blocked, id=11536, stack(0x00000070a2700000,0x00000070a2800000) (1024K)]
  0x0000026e0fda3f30 JavaThread "Cleaner-0"                  daemon [_thread_blocked, id=19352, stack(0x00000070a2900000,0x00000070a2a00000) (1024K)]
  0x0000026e0f7d3d20 JavaThread "Worker-6"                          [_thread_blocked, id=2500, stack(0x00000070a2800000,0x00000070a2900000) (1024K)]
Total: 49

Other Threads:
  0x0000026db5fd2510 VMThread "VM Thread"                           [id=7188, stack(0x000000709f700000,0x000000709f800000) (1024K)]
  0x0000026db60dc7b0 WatcherThread "VM Periodic Task Thread"        [id=9036, stack(0x000000709f600000,0x000000709f700000) (1024K)]
  0x0000026db608f8c0 WorkerThread "GC Thread#0"                     [id=10348, stack(0x000000709f500000,0x000000709f600000) (1024K)]
  0x0000026e0fa27260 WorkerThread "GC Thread#1"                     [id=7684, stack(0x00000070a0200000,0x00000070a0300000) (1024K)]
  0x0000026e0fa2d750 WorkerThread "GC Thread#2"                     [id=18332, stack(0x00000070a0300000,0x00000070a0400000) (1024K)]
  0x0000026e0f7f7270 WorkerThread "GC Thread#3"                     [id=15240, stack(0x00000070a0400000,0x00000070a0500000) (1024K)]
  0x0000026e0fa44aa0 WorkerThread "GC Thread#4"                     [id=6408, stack(0x00000070a0500000,0x00000070a0600000) (1024K)]
  0x0000026e0fbab350 WorkerThread "GC Thread#5"                     [id=9416, stack(0x00000070a0600000,0x00000070a0700000) (1024K)]
  0x0000026e0fbab6f0 WorkerThread "GC Thread#6"                     [id=20208, stack(0x00000070a0700000,0x00000070a0800000) (1024K)]
  0x0000026e0f417e70 WorkerThread "GC Thread#7"                     [id=17732, stack(0x00000070a0a00000,0x00000070a0b00000) (1024K)]
Total: 10

Threads with active compile tasks:
Total: 0

VM state: not at safepoint (normal execution)

VM Mutex/Monitor currently owned by a thread: None

Heap address: 0x0000000080000000, size: 2048 MB, Compressed Oops mode: 32-bit

CDS archive(s) mapped at: [0x0000026dcd000000-0x0000026dcdba0000-0x0000026dcdba0000), size 12189696, SharedBaseAddress: 0x0000026dcd000000, ArchiveRelocationMode: 1.
Compressed class space mapped at: 0x0000026dce000000-0x0000026e0e000000, reserved size: 1073741824
Narrow klass base: 0x0000026dcd000000, Narrow klass shift: 0, Narrow klass range: 0x100000000

GC Precious Log:
 CardTable entry size: 512
 CPUs: 8 total, 8 available
 Memory: 6030M
 Large Page Support: Disabled
 NUMA Support: Disabled
 Compressed Oops: Enabled (32-bit)
 Alignments: Space 512K, Generation 512K, Heap 2M
 Heap Min Capacity: 100M
 Heap Initial Capacity: 100M
 Heap Max Capacity: 2G
 Pre-touch: Disabled
 Parallel Workers: 8

Heap:
 PSYoungGen      total 3072K, used 2850K [0x00000000d5580000, 0x00000000d5980000, 0x0000000100000000)
  eden space 2560K, 91% used [0x00000000d5580000,0x00000000d57cc830,0x00000000d5800000)
  from space 512K, 96% used [0x00000000d5900000,0x00000000d597c010,0x00000000d5980000)
  to   space 512K, 0% used [0x00000000d5880000,0x00000000d5880000,0x00000000d5900000)
 ParOldGen       total 160256K, used 131485K [0x0000000080000000, 0x0000000089c80000, 0x00000000d5580000)
  object space 160256K, 82% used [0x0000000080000000,0x0000000088067498,0x0000000089c80000)
 Metaspace       used 72110K, committed 73728K, reserved 1179648K
  class space    used 7529K, committed 8192K, reserved 1048576K

Card table byte_map: [0x0000026db5a20000,0x0000026db5e30000] _byte_map_base: 0x0000026db5620000

Marking Bits: (ParMarkBitMap*) 0x00007ff9f39a2460
 Begin Bits: [0x0000026dc8530000, 0x0000026dca530000)
 End Bits:   [0x0000026dca530000, 0x0000026dcc530000)

Polling page: 0x0000026db3f00000

Metaspace:

Usage:
  Non-class:     63.07 MB used.
      Class:      7.35 MB used.
       Both:     70.42 MB used.

Virtual space:
  Non-class space:      128.00 MB reserved,      64.00 MB ( 50%) committed,  2 nodes.
      Class space:        1.00 GB reserved,       8.00 MB ( <1%) committed,  1 nodes.
             Both:        1.12 GB reserved,      72.00 MB (  6%) committed. 

Chunk freelists:
   Non-Class:  15.83 MB
       Class:  8.02 MB
        Both:  23.85 MB

MaxMetaspaceSize: unlimited
CompressedClassSpaceSize: 1.00 GB
Initial GC threshold: 21.00 MB
Current GC threshold: 97.31 MB
CDS: on
 - commit_granule_bytes: 65536.
 - commit_granule_words: 8192.
 - virtual_space_node_default_size: 8388608.
 - enlarge_chunks_in_place: 1.
 - use_allocation_guard: 0.


Internal statistics:

num_allocs_failed_limit: 11.
num_arena_births: 1402.
num_arena_deaths: 28.
num_vsnodes_births: 3.
num_vsnodes_deaths: 0.
num_space_committed: 1152.
num_space_uncommitted: 0.
num_chunks_returned_to_freelist: 46.
num_chunks_taken_from_freelist: 4890.
num_chunk_merges: 15.
num_chunk_splits: 2981.
num_chunks_enlarged: 1618.
num_inconsistent_stats: 0.

CodeHeap 'non-profiled nmethods': size=120000Kb used=8394Kb max_used=8394Kb free=111605Kb
 bounds [0x0000026dc0d50000, 0x0000026dc1590000, 0x0000026dc8280000]
CodeHeap 'profiled nmethods': size=120000Kb used=29053Kb max_used=29053Kb free=90946Kb
 bounds [0x0000026db9280000, 0x0000026dbaee0000, 0x0000026dc07b0000]
CodeHeap 'non-nmethods': size=5760Kb used=1470Kb max_used=1540Kb free=4289Kb
 bounds [0x0000026dc07b0000, 0x0000026dc0a20000, 0x0000026dc0d50000]
CodeCache: size=245760Kb, used=38917Kb, max_used=38987Kb, free=206840Kb
 total_blobs=13258, nmethods=12464, adapters=698, full_count=0
Compilation: enabled, stopped_count=0, restarted_count=0

Compilation events (20 events):
Event: 1021.945 Thread 0x0000026db5ff5330 13233       3       java.util.AbstractCollection::containsAll (38 bytes)
Event: 1021.946 Thread 0x0000026db5ff3bd0 13231       4       org.eclipse.jdt.internal.compiler.lookup.TypeBinding::substituteInferenceVariable (2 bytes)
Event: 1021.946 Thread 0x0000026db5ff5330 nmethod 13233 0x0000026dbaedd810 code [0x0000026dbaedda00, 0x0000026dbaeddf38]
Event: 1021.946 Thread 0x0000026db5ff3bd0 nmethod 13231 0x0000026dc157fb10 code [0x0000026dc157fca0, 0x0000026dc157fd28]
Event: 1021.946 Thread 0x0000026db5ff3bd0 13221       4       org.eclipse.jdt.internal.core.JavaElement::getChildren (26 bytes)
Event: 1021.948 Thread 0x0000026db5ff3bd0 nmethod 13221 0x0000026dc157fe10 code [0x0000026dc157ffa0, 0x0000026dc15800b8]
Event: 1021.948 Thread 0x0000026db5ff3bd0 13205       4       org.eclipse.jdt.internal.compiler.lookup.BinaryTypeBinding::resolveType (207 bytes)
Event: 1021.956 Thread 0x0000026db5ff3bd0 nmethod 13205 0x0000026dc1580210 code [0x0000026dc1580420, 0x0000026dc1580788]
Event: 1021.956 Thread 0x0000026db5ff3bd0 13216       4       java.util.LinkedHashMap::afterNodeAccess (266 bytes)
Event: 1021.960 Thread 0x0000026db5ff5330 13234       3       sun.util.calendar.ZoneInfo::getOffsets (342 bytes)
Event: 1021.961 Thread 0x0000026db5ff3bd0 nmethod 13216 0x0000026dc1580b10 code [0x0000026dc1580ca0, 0x0000026dc1580ea8]
Event: 1021.961 Thread 0x0000026db5ff3bd0 13185       4       org.eclipse.jdt.internal.compiler.parser.Parser::pushOnTypeAnnotationLengthStack (53 bytes)
Event: 1021.962 Thread 0x0000026db5ff5330 nmethod 13234 0x0000026dbaede090 code [0x0000026dbaede320, 0x0000026dbaedeed8]
Event: 1021.963 Thread 0x0000026db5ff3bd0 nmethod 13185 0x0000026dc1581010 code [0x0000026dc15811a0, 0x0000026dc15812a0]
Event: 1021.963 Thread 0x0000026db5ff3bd0 13186       4       org.eclipse.jdt.internal.compiler.lookup.PackageBinding::<init> (96 bytes)
Event: 1021.988 Thread 0x0000026db5ff3bd0 nmethod 13186 0x0000026dc1581390 code [0x0000026dc1581560, 0x0000026dc1581d00]
Event: 1021.988 Thread 0x0000026db5ff3bd0 13184       4       org.eclipse.jdt.internal.core.JarPackageFragmentRoot::getModuleDescription (25 bytes)
Event: 1021.990 Thread 0x0000026db5ff3bd0 nmethod 13184 0x0000026dc1582190 code [0x0000026dc1582320, 0x0000026dc1582448]
Event: 1021.990 Thread 0x0000026db5ff3bd0 13204       4       org.eclipse.jdt.internal.compiler.lookup.ModuleBinding$UnNamedModule::nameForLookup (4 bytes)
Event: 1021.991 Thread 0x0000026db5ff3bd0 nmethod 13204 0x0000026dc1582590 code [0x0000026dc1582720, 0x0000026dc15827b0]

GC Heap History (20 events):
Event: 1009.122 GC heap before
{Heap before GC invocations=170 (full 3):
 PSYoungGen      total 3072K, used 3060K [0x00000000d5580000, 0x00000000d5a00000, 0x0000000100000000)
  eden space 2560K, 100% used [0x00000000d5580000,0x00000000d5800000,0x00000000d5800000)
  from space 512K, 97% used [0x00000000d5900000,0x00000000d597d200,0x00000000d5980000)
  to   space 1024K, 0% used [0x00000000d5800000,0x00000000d5800000,0x00000000d5900000)
 ParOldGen       total 160256K, used 128041K [0x0000000080000000, 0x0000000089c80000, 0x00000000d5580000)
  object space 160256K, 79% used [0x0000000080000000,0x0000000087d0a400,0x0000000089c80000)
 Metaspace       used 71949K, committed 73536K, reserved 1179648K
  class space    used 7524K, committed 8192K, reserved 1048576K
}
Event: 1009.128 GC heap after
{Heap after GC invocations=170 (full 3):
 PSYoungGen      total 3584K, used 544K [0x00000000d5580000, 0x00000000d5a00000, 0x0000000100000000)
  eden space 2560K, 0% used [0x00000000d5580000,0x00000000d5580000,0x00000000d5800000)
  from space 1024K, 53% used [0x00000000d5800000,0x00000000d5888000,0x00000000d5900000)
  to   space 1024K, 0% used [0x00000000d5900000,0x00000000d5900000,0x00000000d5a00000)
 ParOldGen       total 160256K, used 128518K [0x0000000080000000, 0x0000000089c80000, 0x00000000d5580000)
  object space 160256K, 80% used [0x0000000080000000,0x0000000087d819e0,0x0000000089c80000)
 Metaspace       used 71949K, committed 73536K, reserved 1179648K
  class space    used 7524K, committed 8192K, reserved 1048576K
}
Event: 1009.238 GC heap before
{Heap before GC invocations=171 (full 3):
 PSYoungGen      total 3584K, used 3095K [0x00000000d5580000, 0x00000000d5a00000, 0x0000000100000000)
  eden space 2560K, 99% used [0x00000000d5580000,0x00000000d57fdf88,0x00000000d5800000)
  from space 1024K, 53% used [0x00000000d5800000,0x00000000d5888000,0x00000000d5900000)
  to   space 1024K, 0% used [0x00000000d5900000,0x00000000d5900000,0x00000000d5a00000)
 ParOldGen       total 160256K, used 128518K [0x0000000080000000, 0x0000000089c80000, 0x00000000d5580000)
  object space 160256K, 80% used [0x0000000080000000,0x0000000087d819e0,0x0000000089c80000)
 Metaspace       used 71980K, committed 73536K, reserved 1179648K
  class space    used 7524K, committed 8192K, reserved 1048576K
}
Event: 1009.243 GC heap after
{Heap after GC invocations=171 (full 3):
 PSYoungGen      total 3584K, used 480K [0x00000000d5580000, 0x00000000d5a00000, 0x0000000100000000)
  eden space 2560K, 0% used [0x00000000d5580000,0x00000000d5580000,0x00000000d5800000)
  from space 1024K, 46% used [0x00000000d5900000,0x00000000d5978000,0x00000000d5a00000)
  to   space 1024K, 0% used [0x00000000d5800000,0x00000000d5800000,0x00000000d5900000)
 ParOldGen       total 160256K, used 128974K [0x0000000080000000, 0x0000000089c80000, 0x00000000d5580000)
  object space 160256K, 80% used [0x0000000080000000,0x0000000087df39e0,0x0000000089c80000)
 Metaspace       used 71980K, committed 73536K, reserved 1179648K
  class space    used 7524K, committed 8192K, reserved 1048576K
}
Event: 1019.151 GC heap before
{Heap before GC invocations=172 (full 3):
 PSYoungGen      total 3584K, used 3039K [0x00000000d5580000, 0x00000000d5a00000, 0x0000000100000000)
  eden space 2560K, 99% used [0x00000000d5580000,0x00000000d57fffc0,0x00000000d5800000)
  from space 1024K, 46% used [0x00000000d5900000,0x00000000d5978000,0x00000000d5a00000)
  to   space 1024K, 0% used [0x00000000d5800000,0x00000000d5800000,0x00000000d5900000)
 ParOldGen       total 160256K, used 128974K [0x0000000080000000, 0x0000000089c80000, 0x00000000d5580000)
  object space 160256K, 80% used [0x0000000080000000,0x0000000087df39e0,0x0000000089c80000)
 Metaspace       used 72011K, committed 73664K, reserved 1179648K
  class space    used 7525K, committed 8192K, reserved 1048576K
}
Event: 1019.156 GC heap after
{Heap after GC invocations=172 (full 3):
 PSYoungGen      total 3584K, used 224K [0x00000000d5580000, 0x00000000d5980000, 0x0000000100000000)
  eden space 2560K, 0% used [0x00000000d5580000,0x00000000d5580000,0x00000000d5800000)
  from space 1024K, 21% used [0x00000000d5800000,0x00000000d5838000,0x00000000d5900000)
  to   space 512K, 0% used [0x00000000d5900000,0x00000000d5900000,0x00000000d5980000)
 ParOldGen       total 160256K, used 129326K [0x0000000080000000, 0x0000000089c80000, 0x00000000d5580000)
  object space 160256K, 80% used [0x0000000080000000,0x0000000087e4b9e0,0x0000000089c80000)
 Metaspace       used 72011K, committed 73664K, reserved 1179648K
  class space    used 7525K, committed 8192K, reserved 1048576K
}
Event: 1019.660 GC heap before
{Heap before GC invocations=173 (full 3):
 PSYoungGen      total 3584K, used 2784K [0x00000000d5580000, 0x00000000d5980000, 0x0000000100000000)
  eden space 2560K, 100% used [0x00000000d5580000,0x00000000d5800000,0x00000000d5800000)
  from space 1024K, 21% used [0x00000000d5800000,0x00000000d5838000,0x00000000d5900000)
  to   space 512K, 0% used [0x00000000d5900000,0x00000000d5900000,0x00000000d5980000)
 ParOldGen       total 160256K, used 129326K [0x0000000080000000, 0x0000000089c80000, 0x00000000d5580000)
  object space 160256K, 80% used [0x0000000080000000,0x0000000087e4b9e0,0x0000000089c80000)
 Metaspace       used 72024K, committed 73664K, reserved 1179648K
  class space    used 7526K, committed 8192K, reserved 1048576K
}
Event: 1019.663 GC heap after
{Heap after GC invocations=173 (full 3):
 PSYoungGen      total 3072K, used 484K [0x00000000d5580000, 0x00000000d5a00000, 0x0000000100000000)
  eden space 2560K, 0% used [0x00000000d5580000,0x00000000d5580000,0x00000000d5800000)
  from space 512K, 94% used [0x00000000d5900000,0x00000000d5979230,0x00000000d5980000)
  to   space 1024K, 0% used [0x00000000d5800000,0x00000000d5800000,0x00000000d5900000)
 ParOldGen       total 160256K, used 129394K [0x0000000080000000, 0x0000000089c80000, 0x00000000d5580000)
  object space 160256K, 80% used [0x0000000080000000,0x0000000087e5cbc8,0x0000000089c80000)
 Metaspace       used 72024K, committed 73664K, reserved 1179648K
  class space    used 7526K, committed 8192K, reserved 1048576K
}
Event: 1019.689 GC heap before
{Heap before GC invocations=174 (full 3):
 PSYoungGen      total 3072K, used 3044K [0x00000000d5580000, 0x00000000d5a00000, 0x0000000100000000)
  eden space 2560K, 100% used [0x00000000d5580000,0x00000000d5800000,0x00000000d5800000)
  from space 512K, 94% used [0x00000000d5900000,0x00000000d5979230,0x00000000d5980000)
  to   space 1024K, 0% used [0x00000000d5800000,0x00000000d5800000,0x00000000d5900000)
 ParOldGen       total 160256K, used 129394K [0x0000000080000000, 0x0000000089c80000, 0x00000000d5580000)
  object space 160256K, 80% used [0x0000000080000000,0x0000000087e5cbc8,0x0000000089c80000)
 Metaspace       used 72024K, committed 73664K, reserved 1179648K
  class space    used 7526K, committed 8192K, reserved 1048576K
}
Event: 1019.693 GC heap after
{Heap after GC invocations=174 (full 3):
 PSYoungGen      total 3584K, used 320K [0x00000000d5580000, 0x00000000d5980000, 0x0000000100000000)
  eden space 2560K, 0% used [0x00000000d5580000,0x00000000d5580000,0x00000000d5800000)
  from space 1024K, 31% used [0x00000000d5800000,0x00000000d5850000,0x00000000d5900000)
  to   space 512K, 0% used [0x00000000d5900000,0x00000000d5900000,0x00000000d5980000)
 ParOldGen       total 160256K, used 129807K [0x0000000080000000, 0x0000000089c80000, 0x00000000d5580000)
  object space 160256K, 81% used [0x0000000080000000,0x0000000087ec3df8,0x0000000089c80000)
 Metaspace       used 72024K, committed 73664K, reserved 1179648K
  class space    used 7526K, committed 8192K, reserved 1048576K
}
Event: 1020.255 GC heap before
{Heap before GC invocations=175 (full 3):
 PSYoungGen      total 3584K, used 2880K [0x00000000d5580000, 0x00000000d5980000, 0x0000000100000000)
  eden space 2560K, 100% used [0x00000000d5580000,0x00000000d5800000,0x00000000d5800000)
  from space 1024K, 31% used [0x00000000d5800000,0x00000000d5850000,0x00000000d5900000)
  to   space 512K, 0% used [0x00000000d5900000,0x00000000d5900000,0x00000000d5980000)
 ParOldGen       total 160256K, used 129807K [0x0000000080000000, 0x0000000089c80000, 0x00000000d5580000)
  object space 160256K, 81% used [0x0000000080000000,0x0000000087ec3df8,0x0000000089c80000)
 Metaspace       used 72042K, committed 73664K, reserved 1179648K
  class space    used 7526K, committed 8192K, reserved 1048576K
}
Event: 1020.259 GC heap after
{Heap after GC invocations=175 (full 3):
 PSYoungGen      total 3072K, used 512K [0x00000000d5580000, 0x00000000d5a00000, 0x0000000100000000)
  eden space 2560K, 0% used [0x00000000d5580000,0x00000000d5580000,0x00000000d5800000)
  from space 512K, 100% used [0x00000000d5900000,0x00000000d5980000,0x00000000d5980000)
  to   space 1024K, 0% used [0x00000000d5800000,0x00000000d5800000,0x00000000d5900000)
 ParOldGen       total 160256K, used 130063K [0x0000000080000000, 0x0000000089c80000, 0x00000000d5580000)
  object space 160256K, 81% used [0x0000000080000000,0x0000000087f03df8,0x0000000089c80000)
 Metaspace       used 72042K, committed 73664K, reserved 1179648K
  class space    used 7526K, committed 8192K, reserved 1048576K
}
Event: 1021.649 GC heap before
{Heap before GC invocations=176 (full 3):
 PSYoungGen      total 3072K, used 3071K [0x00000000d5580000, 0x00000000d5a00000, 0x0000000100000000)
  eden space 2560K, 99% used [0x00000000d5580000,0x00000000d57ffff0,0x00000000d5800000)
  from space 512K, 100% used [0x00000000d5900000,0x00000000d5980000,0x00000000d5980000)
  to   space 1024K, 0% used [0x00000000d5800000,0x00000000d5800000,0x00000000d5900000)
 ParOldGen       total 160256K, used 130063K [0x0000000080000000, 0x0000000089c80000, 0x00000000d5580000)
  object space 160256K, 81% used [0x0000000080000000,0x0000000087f03df8,0x0000000089c80000)
 Metaspace       used 72057K, committed 73664K, reserved 1179648K
  class space    used 7528K, committed 8192K, reserved 1048576K
}
Event: 1021.668 GC heap after
{Heap after GC invocations=176 (full 3):
 PSYoungGen      total 3584K, used 580K [0x00000000d5580000, 0x00000000d5a00000, 0x0000000100000000)
  eden space 2560K, 0% used [0x00000000d5580000,0x00000000d5580000,0x00000000d5800000)
  from space 1024K, 56% used [0x00000000d5800000,0x00000000d5891210,0x00000000d5900000)
  to   space 1024K, 0% used [0x00000000d5900000,0x00000000d5900000,0x00000000d5a00000)
 ParOldGen       total 160256K, used 130444K [0x0000000080000000, 0x0000000089c80000, 0x00000000d5580000)
  object space 160256K, 81% used [0x0000000080000000,0x0000000087f63088,0x0000000089c80000)
 Metaspace       used 72057K, committed 73664K, reserved 1179648K
  class space    used 7528K, committed 8192K, reserved 1048576K
}
Event: 1021.711 GC heap before
{Heap before GC invocations=177 (full 3):
 PSYoungGen      total 3584K, used 3140K [0x00000000d5580000, 0x00000000d5a00000, 0x0000000100000000)
  eden space 2560K, 100% used [0x00000000d5580000,0x00000000d5800000,0x00000000d5800000)
  from space 1024K, 56% used [0x00000000d5800000,0x00000000d5891210,0x00000000d5900000)
  to   space 1024K, 0% used [0x00000000d5900000,0x00000000d5900000,0x00000000d5a00000)
 ParOldGen       total 160256K, used 130444K [0x0000000080000000, 0x0000000089c80000, 0x00000000d5580000)
  object space 160256K, 81% used [0x0000000080000000,0x0000000087f63088,0x0000000089c80000)
 Metaspace       used 72059K, committed 73664K, reserved 1179648K
  class space    used 7528K, committed 8192K, reserved 1048576K
}
Event: 1021.729 GC heap after
{Heap after GC invocations=177 (full 3):
 PSYoungGen      total 3072K, used 352K [0x00000000d5580000, 0x00000000d5980000, 0x0000000100000000)
  eden space 2560K, 0% used [0x00000000d5580000,0x00000000d5580000,0x00000000d5800000)
  from space 512K, 68% used [0x00000000d5900000,0x00000000d5958000,0x00000000d5980000)
  to   space 512K, 0% used [0x00000000d5880000,0x00000000d5880000,0x00000000d5900000)
 ParOldGen       total 160256K, used 130856K [0x0000000080000000, 0x0000000089c80000, 0x00000000d5580000)
  object space 160256K, 81% used [0x0000000080000000,0x0000000087fca298,0x0000000089c80000)
 Metaspace       used 72059K, committed 73664K, reserved 1179648K
  class space    used 7528K, committed 8192K, reserved 1048576K
}
Event: 1021.795 GC heap before
{Heap before GC invocations=178 (full 3):
 PSYoungGen      total 3072K, used 2912K [0x00000000d5580000, 0x00000000d5980000, 0x0000000100000000)
  eden space 2560K, 100% used [0x00000000d5580000,0x00000000d5800000,0x00000000d5800000)
  from space 512K, 68% used [0x00000000d5900000,0x00000000d5958000,0x00000000d5980000)
  to   space 512K, 0% used [0x00000000d5880000,0x00000000d5880000,0x00000000d5900000)
 ParOldGen       total 160256K, used 130856K [0x0000000080000000, 0x0000000089c80000, 0x00000000d5580000)
  object space 160256K, 81% used [0x0000000080000000,0x0000000087fca298,0x0000000089c80000)
 Metaspace       used 72083K, committed 73728K, reserved 1179648K
  class space    used 7528K, committed 8192K, reserved 1048576K
}
Event: 1021.802 GC heap after
{Heap after GC invocations=178 (full 3):
 PSYoungGen      total 3072K, used 468K [0x00000000d5580000, 0x00000000d5980000, 0x0000000100000000)
  eden space 2560K, 0% used [0x00000000d5580000,0x00000000d5580000,0x00000000d5800000)
  from space 512K, 91% used [0x00000000d5880000,0x00000000d58f5200,0x00000000d5900000)
  to   space 512K, 0% used [0x00000000d5900000,0x00000000d5900000,0x00000000d5980000)
 ParOldGen       total 160256K, used 131104K [0x0000000080000000, 0x0000000089c80000, 0x00000000d5580000)
  object space 160256K, 81% used [0x0000000080000000,0x0000000088008298,0x0000000089c80000)
 Metaspace       used 72083K, committed 73728K, reserved 1179648K
  class space    used 7528K, committed 8192K, reserved 1048576K
}
Event: 1021.867 GC heap before
{Heap before GC invocations=179 (full 3):
 PSYoungGen      total 3072K, used 3028K [0x00000000d5580000, 0x00000000d5980000, 0x0000000100000000)
  eden space 2560K, 100% used [0x00000000d5580000,0x00000000d5800000,0x00000000d5800000)
  from space 512K, 91% used [0x00000000d5880000,0x00000000d58f5200,0x00000000d5900000)
  to   space 512K, 0% used [0x00000000d5900000,0x00000000d5900000,0x00000000d5980000)
 ParOldGen       total 160256K, used 131104K [0x0000000080000000, 0x0000000089c80000, 0x00000000d5580000)
  object space 160256K, 81% used [0x0000000080000000,0x0000000088008298,0x0000000089c80000)
 Metaspace       used 72083K, committed 73728K, reserved 1179648K
  class space    used 7528K, committed 8192K, reserved 1048576K
}
Event: 1021.876 GC heap after
{Heap after GC invocations=179 (full 3):
 PSYoungGen      total 3072K, used 496K [0x00000000d5580000, 0x00000000d5980000, 0x0000000100000000)
  eden space 2560K, 0% used [0x00000000d5580000,0x00000000d5580000,0x00000000d5800000)
  from space 512K, 96% used [0x00000000d5900000,0x00000000d597c010,0x00000000d5980000)
  to   space 512K, 0% used [0x00000000d5880000,0x00000000d5880000,0x00000000d5900000)
 ParOldGen       total 160256K, used 131485K [0x0000000080000000, 0x0000000089c80000, 0x00000000d5580000)
  object space 160256K, 82% used [0x0000000080000000,0x0000000088067498,0x0000000089c80000)
 Metaspace       used 72083K, committed 73728K, reserved 1179648K
  class space    used 7528K, committed 8192K, reserved 1048576K
}

Dll operation events (12 events):
Event: 0.219 Loaded shared library c:\Users\CETECOM\.vscode\extensions\redhat.java-1.50.0-win32-x64\jre\21.0.9-win32-x86_64\bin\java.dll
Event: 0.474 Loaded shared library c:\Users\CETECOM\.vscode\extensions\redhat.java-1.50.0-win32-x64\jre\21.0.9-win32-x86_64\bin\zip.dll
Event: 0.560 Loaded shared library C:\Users\CETECOM\.vscode\extensions\redhat.java-1.50.0-win32-x64\jre\21.0.9-win32-x86_64\bin\instrument.dll
Event: 0.714 Loaded shared library C:\Users\CETECOM\.vscode\extensions\redhat.java-1.50.0-win32-x64\jre\21.0.9-win32-x86_64\bin\net.dll
Event: 0.737 Loaded shared library C:\Users\CETECOM\.vscode\extensions\redhat.java-1.50.0-win32-x64\jre\21.0.9-win32-x86_64\bin\nio.dll
Event: 0.771 Loaded shared library C:\Users\CETECOM\.vscode\extensions\redhat.java-1.50.0-win32-x64\jre\21.0.9-win32-x86_64\bin\zip.dll
Event: 1.052 Loaded shared library C:\Users\CETECOM\.vscode\extensions\redhat.java-1.50.0-win32-x64\jre\21.0.9-win32-x86_64\bin\jimage.dll
Event: 1.593 Loaded shared library c:\Users\CETECOM\.vscode\extensions\redhat.java-1.50.0-win32-x64\jre\21.0.9-win32-x86_64\bin\verify.dll
Event: 18.566 Loaded shared library C:\Users\CETECOM\AppData\Roaming\Code\User\globalStorage\redhat.java\1.50.0\config_win\org.eclipse.equinox.launcher\org.eclipse.equinox.launcher.win32.win32.x86_64_1.2.1400.v20250801-0854\eclipse_11916.dll
Event: 31.688 Loaded shared library C:\Users\CETECOM\AppData\Local\Temp\jna-1388314158\jna8332632527853129318.dll
Event: 70.777 Loaded shared library C:\Users\CETECOM\.vscode\extensions\redhat.java-1.50.0-win32-x64\jre\21.0.9-win32-x86_64\bin\sunmscapi.dll
Event: 148.406 Loaded shared library C:\Users\CETECOM\.vscode\extensions\redhat.java-1.50.0-win32-x64\jre\21.0.9-win32-x86_64\bin\extnet.dll

Deoptimization events (20 events):
Event: 1009.401 Thread 0x0000026e1610f950 Uncommon trap: trap_request=0xffffffde fr.pc=0x0000026dc1089718 relative=0x0000000000000078
Event: 1009.401 Thread 0x0000026e1610f950 Uncommon trap: reason=class_check action=maybe_recompile pc=0x0000026dc1089718 method=java.util.LinkedHashMap.afterNodeInsertion(Z)V @ 15 c2
Event: 1009.401 Thread 0x0000026e1610f950 DEOPT PACKING pc=0x0000026dc1089718 sp=0x00000070a13fec30
Event: 1009.401 Thread 0x0000026e1610f950 DEOPT UNPACKING pc=0x0000026dc0803aa2 sp=0x00000070a13feba8 mode 2
Event: 1021.819 Thread 0x0000026e0fda6000 Uncommon trap: trap_request=0xffffffbe fr.pc=0x0000026dc157ca34 relative=0x0000000000000194
Event: 1021.824 Thread 0x0000026e0fda6000 Uncommon trap: reason=profile_predicate action=maybe_recompile pc=0x0000026dc157ca34 method=java.util.HashMap.keysToArray([Ljava/lang/Object;)[Ljava/lang/Object; @ 36 c2
Event: 1021.824 Thread 0x0000026e0fda6000 DEOPT PACKING pc=0x0000026dc157ca34 sp=0x00000070a17fe290
Event: 1021.824 Thread 0x0000026e0fda6000 DEOPT UNPACKING pc=0x0000026dc0803aa2 sp=0x00000070a17fe210 mode 2
Event: 1021.824 Thread 0x0000026e0fda6000 Uncommon trap: trap_request=0xffffffbe fr.pc=0x0000026dc157ca34 relative=0x0000000000000194
Event: 1021.824 Thread 0x0000026e0fda6000 Uncommon trap: reason=profile_predicate action=maybe_recompile pc=0x0000026dc157ca34 method=java.util.HashMap.keysToArray([Ljava/lang/Object;)[Ljava/lang/Object; @ 36 c2
Event: 1021.824 Thread 0x0000026e0fda6000 DEOPT PACKING pc=0x0000026dc157ca34 sp=0x00000070a17fe290
Event: 1021.824 Thread 0x0000026e0fda6000 DEOPT UNPACKING pc=0x0000026dc0803aa2 sp=0x00000070a17fe210 mode 2
Event: 1021.824 Thread 0x0000026e0fda6000 Uncommon trap: trap_request=0xffffffbe fr.pc=0x0000026dc157ca34 relative=0x0000000000000194
Event: 1021.824 Thread 0x0000026e0fda6000 Uncommon trap: reason=profile_predicate action=maybe_recompile pc=0x0000026dc157ca34 method=java.util.HashMap.keysToArray([Ljava/lang/Object;)[Ljava/lang/Object; @ 36 c2
Event: 1021.824 Thread 0x0000026e0fda6000 DEOPT PACKING pc=0x0000026dc157ca34 sp=0x00000070a17fe290
Event: 1021.826 Thread 0x0000026e0fda6000 DEOPT UNPACKING pc=0x0000026dc0803aa2 sp=0x00000070a17fe210 mode 2
Event: 1021.826 Thread 0x0000026e0fda6000 Uncommon trap: trap_request=0xffffffbe fr.pc=0x0000026dc157ca34 relative=0x0000000000000194
Event: 1021.826 Thread 0x0000026e0fda6000 Uncommon trap: reason=profile_predicate action=maybe_recompile pc=0x0000026dc157ca34 method=java.util.HashMap.keysToArray([Ljava/lang/Object;)[Ljava/lang/Object; @ 36 c2
Event: 1021.826 Thread 0x0000026e0fda6000 DEOPT PACKING pc=0x0000026dc157ca34 sp=0x00000070a17fe290
Event: 1021.849 Thread 0x0000026e0fda6000 DEOPT UNPACKING pc=0x0000026dc0803aa2 sp=0x00000070a17fe210 mode 2

Classes loaded (20 events):
Event: 149.037 Loading class java/util/Timer$ThreadReaper
Event: 149.037 Loading class java/util/Timer$ThreadReaper done
Event: 149.042 Loading class java/util/concurrent/CompletableFuture$UniWhenComplete
Event: 149.042 Loading class java/util/concurrent/CompletableFuture$UniWhenComplete done
Event: 149.043 Loading class java/util/concurrent/CompletableFuture$UniCompose
Event: 149.044 Loading class java/util/concurrent/CompletableFuture$UniCompose done
Event: 149.044 Loading class java/util/concurrent/CompletableFuture$UniRelay
Event: 149.044 Loading class java/util/concurrent/CompletableFuture$UniRelay done
Event: 149.734 Loading class java/util/concurrent/ScheduledThreadPoolExecutor$DelayedWorkQueue$Itr
Event: 149.734 Loading class java/util/concurrent/ScheduledThreadPoolExecutor$DelayedWorkQueue$Itr done
Event: 155.165 Loading class java/lang/ProcessHandleImpl$ExitCompletion
Event: 155.165 Loading class java/lang/ProcessHandleImpl$ExitCompletion done
Event: 155.165 Loading class java/lang/ProcessHandleImpl$1
Event: 155.166 Loading class java/lang/ProcessHandleImpl$1 done
Event: 155.167 Loading class java/util/concurrent/CompletableFuture$UniHandle
Event: 155.167 Loading class java/util/concurrent/CompletableFuture$UniHandle done
Event: 990.456 Loading class jdk/internal/ref/CleanerImpl$InnocuousThreadFactory
Event: 990.458 Loading class jdk/internal/ref/CleanerImpl$InnocuousThreadFactory done
Event: 1009.381 Loading class java/lang/StringLatin1$CharsSpliterator
Event: 1009.382 Loading class java/lang/StringLatin1$CharsSpliterator done

Classes unloaded (14 events):
Event: 34.767 Thread 0x0000026db5fd2510 Unloading class 0x0000026dce1ac000 'java/lang/invoke/LambdaForm$MH+0x0000026dce1ac000'
Event: 34.767 Thread 0x0000026db5fd2510 Unloading class 0x0000026dce1abc00 'java/lang/invoke/LambdaForm$MH+0x0000026dce1abc00'
Event: 34.767 Thread 0x0000026db5fd2510 Unloading class 0x0000026dce1ab800 'java/lang/invoke/LambdaForm$MH+0x0000026dce1ab800'
Event: 34.767 Thread 0x0000026db5fd2510 Unloading class 0x0000026dce1ab400 'java/lang/invoke/LambdaForm$MH+0x0000026dce1ab400'
Event: 34.767 Thread 0x0000026db5fd2510 Unloading class 0x0000026dce1ab000 'java/lang/invoke/LambdaForm$BMH+0x0000026dce1ab000'
Event: 34.767 Thread 0x0000026db5fd2510 Unloading class 0x0000026dce1aac00 'java/lang/invoke/LambdaForm$DMH+0x0000026dce1aac00'
Event: 34.767 Thread 0x0000026db5fd2510 Unloading class 0x0000026dce1a9800 'java/lang/invoke/LambdaForm$DMH+0x0000026dce1a9800'
Event: 74.858 Thread 0x0000026db5fd2510 Unloading class 0x0000026dce567c00 'java/lang/invoke/LambdaForm$MH+0x0000026dce567c00'
Event: 74.858 Thread 0x0000026db5fd2510 Unloading class 0x0000026dce567000 'java/lang/invoke/LambdaForm$MH+0x0000026dce567000'
Event: 74.858 Thread 0x0000026db5fd2510 Unloading class 0x0000026dce566c00 'java/lang/invoke/LambdaForm$MH+0x0000026dce566c00'
Event: 74.859 Thread 0x0000026db5fd2510 Unloading class 0x0000026dce566000 'java/lang/invoke/LambdaForm$MH+0x0000026dce566000'
Event: 74.859 Thread 0x0000026db5fd2510 Unloading class 0x0000026dce565800 'java/lang/invoke/LambdaForm$MH+0x0000026dce565800'
Event: 74.859 Thread 0x0000026db5fd2510 Unloading class 0x0000026dce565400 'java/lang/invoke/LambdaForm$DMH+0x0000026dce565400'
Event: 74.859 Thread 0x0000026db5fd2510 Unloading class 0x0000026dce564800 'java/lang/invoke/LambdaForm$MH+0x0000026dce564800'

Classes redefined (0 events):
No events

Internal exceptions (20 events):
Event: 139.105 Thread 0x0000026e1610df10 Exception <a 'java/lang/IncompatibleClassChangeError'{0x00000000d58a7b00}: Found class java.lang.Object, but interface was expected> (0x00000000d58a7b00) 
thrown [s\src\hotspot\share\interpreter\linkResolver.cpp, line 840]
Event: 147.796 Thread 0x0000026e1610f2c0 Exception <a 'sun/nio/fs/WindowsException'{0x00000000d57df5d8}> (0x00000000d57df5d8) 
thrown [s\src\hotspot\share\prims\jni.cpp, line 520]
Event: 147.796 Thread 0x0000026e1610f2c0 Exception <a 'sun/nio/fs/WindowsException'{0x00000000d57e00f0}> (0x00000000d57e00f0) 
thrown [s\src\hotspot\share\prims\jni.cpp, line 520]
Event: 147.797 Thread 0x0000026e1610f2c0 Exception <a 'sun/nio/fs/WindowsException'{0x00000000d57e15a0}> (0x00000000d57e15a0) 
thrown [s\src\hotspot\share\prims\jni.cpp, line 520]
Event: 147.797 Thread 0x0000026e1610f2c0 Exception <a 'sun/nio/fs/WindowsException'{0x00000000d57e20b8}> (0x00000000d57e20b8) 
thrown [s\src\hotspot\share\prims\jni.cpp, line 520]
Event: 147.798 Thread 0x0000026e1610f2c0 Exception <a 'sun/nio/fs/WindowsException'{0x00000000d57e3fb8}> (0x00000000d57e3fb8) 
thrown [s\src\hotspot\share\prims\jni.cpp, line 520]
Event: 147.798 Thread 0x0000026e1610f2c0 Exception <a 'sun/nio/fs/WindowsException'{0x00000000d57e4820}> (0x00000000d57e4820) 
thrown [s\src\hotspot\share\prims\jni.cpp, line 520]
Event: 147.814 Thread 0x0000026e1610f2c0 Exception <a 'sun/nio/fs/WindowsException'{0x00000000d5804098}> (0x00000000d5804098) 
thrown [s\src\hotspot\share\prims\jni.cpp, line 520]
Event: 147.814 Thread 0x0000026e1610f2c0 Exception <a 'sun/nio/fs/WindowsException'{0x00000000d5804e50}> (0x00000000d5804e50) 
thrown [s\src\hotspot\share\prims\jni.cpp, line 520]
Event: 148.503 Thread 0x0000026e1610b7b0 Exception <a 'java/io/FileNotFoundException'{0x00000000d5610310}> (0x00000000d5610310) 
thrown [s\src\hotspot\share\prims\jni.cpp, line 520]
Event: 148.851 Thread 0x0000026e1610b7b0 Exception <a 'java/lang/NoSuchMethodError'{0x00000000d58c9768}: 'java.lang.Object java.lang.invoke.DirectMethodHandle$Holder.invokeVirtual(java.lang.Object, java.lang.Object, java.lang.Object, java.lang.Object)'> (0x00000000d58c9768) 
thrown [s\src\hotspot\share\interpreter\linkResolver.cpp, line 773]
Event: 148.939 Thread 0x0000026e1610d1f0 Exception <a 'java/lang/NoSuchMethodError'{0x00000000d58de960}: 'java.lang.Object java.lang.invoke.DirectMethodHandle$Holder.invokeStatic(java.lang.Object, long, java.lang.Object, java.lang.Object)'> (0x00000000d58de960) 
thrown [s\src\hotspot\share\interpreter\linkResolver.cpp, line 773]
Event: 148.997 Thread 0x0000026e1610d1f0 Exception <a 'sun/nio/fs/WindowsException'{0x00000000d5584d88}> (0x00000000d5584d88) 
thrown [s\src\hotspot\share\prims\jni.cpp, line 520]
Event: 148.998 Thread 0x0000026e1610d1f0 Exception <a 'sun/nio/fs/WindowsException'{0x00000000d5585d88}> (0x00000000d5585d88) 
thrown [s\src\hotspot\share\prims\jni.cpp, line 520]
Event: 151.954 Thread 0x0000026e1610f950 Exception <a 'java/lang/NoSuchMethodError'{0x00000000d56e6c30}: 'long java.lang.invoke.DelegatingMethodHandle$Holder.reinvoke_L(java.lang.Object, java.lang.Object)'> (0x00000000d56e6c30) 
thrown [s\src\hotspot\share\interpreter\linkResolver.cpp, line 773]
Event: 151.956 Thread 0x0000026e1610f950 Exception <a 'java/lang/NoSuchMethodError'{0x00000000d56f0b40}: 'void java.lang.invoke.DelegatingMethodHandle$Holder.reinvoke_L(java.lang.Object, java.lang.Object, long)'> (0x00000000d56f0b40) 
thrown [s\src\hotspot\share\interpreter\linkResolver.cpp, line 773]
Event: 155.169 Thread 0x0000026e1610f950 Exception <a 'java/lang/NoSuchMethodError'{0x00000000d585afc8}: 'long java.lang.invoke.Invokers$Holder.invokeExact_MT(java.lang.Object, java.lang.Object, java.lang.Object)'> (0x00000000d585afc8) 
thrown [s\src\hotspot\share\interpreter\linkResolver.cpp, line 773]
Event: 162.135 Thread 0x0000026e1610f2c0 Exception <a 'java/lang/ArrayIndexOutOfBoundsException'{0x00000000d587c000}> (0x00000000d587c000) 
thrown [s\src\hotspot\share\runtime\sharedRuntime.cpp, line 625]
Event: 988.780 Thread 0x0000026e16110670 Implicit null exception at 0x0000026dc13158bf to 0x0000026dc131648c
Event: 993.877 Thread 0x0000026e16110670 Exception <a 'java/lang/ArrayIndexOutOfBoundsException'{0x00000000d5763998}> (0x00000000d5763998) 
thrown [s\src\hotspot\share\runtime\sharedRuntime.cpp, line 625]

ZGC Phase Switch (0 events):
No events

VM Operations (20 events):
Event: 1019.660 Executing VM operation: ParallelGCFailedAllocation (Allocation Failure)
Event: 1019.663 Executing VM operation: ParallelGCFailedAllocation (Allocation Failure) done
Event: 1019.689 Executing VM operation: ParallelGCFailedAllocation (Allocation Failure)
Event: 1019.693 Executing VM operation: ParallelGCFailedAllocation (Allocation Failure) done
Event: 1020.255 Executing VM operation: ParallelGCFailedAllocation (Allocation Failure)
Event: 1020.259 Executing VM operation: ParallelGCFailedAllocation (Allocation Failure) done
Event: 1021.649 Executing VM operation: ParallelGCFailedAllocation (Allocation Failure)
Event: 1021.668 Executing VM operation: ParallelGCFailedAllocation (Allocation Failure) done
Event: 1021.711 Executing VM operation: ParallelGCFailedAllocation (Allocation Failure)
Event: 1021.729 Executing VM operation: ParallelGCFailedAllocation (Allocation Failure) done
Event: 1021.795 Executing VM operation: ParallelGCFailedAllocation (Allocation Failure)
Event: 1021.802 Executing VM operation: ParallelGCFailedAllocation (Allocation Failure) done
Event: 1021.867 Executing VM operation: ParallelGCFailedAllocation (Allocation Failure)
Event: 1021.876 Executing VM operation: ParallelGCFailedAllocation (Allocation Failure) done
Event: 1022.558 Executing VM operation: HandshakeAllThreads (HandshakeForDeflation)
Event: 1022.558 Executing VM operation: HandshakeAllThreads (HandshakeForDeflation) done
Event: 1022.558 Executing VM operation: RendezvousGCThreads
Event: 1022.558 Executing VM operation: RendezvousGCThreads done
Event: 1023.562 Executing VM operation: Cleanup
Event: 1023.562 Executing VM operation: Cleanup done

Memory protections (0 events):
No events

Nmethod flushes (20 events):
Event: 74.948 Thread 0x0000026db5fd2510 flushing  nmethod 0x0000026db9baf210
Event: 74.948 Thread 0x0000026db5fd2510 flushing  nmethod 0x0000026db9bbd090
Event: 74.948 Thread 0x0000026db5fd2510 flushing  nmethod 0x0000026db9bbd510
Event: 74.948 Thread 0x0000026db5fd2510 flushing  nmethod 0x0000026db9bbdb10
Event: 74.948 Thread 0x0000026db5fd2510 flushing  nmethod 0x0000026db9bbe910
Event: 74.948 Thread 0x0000026db5fd2510 flushing  nmethod 0x0000026db9bcc890
Event: 74.948 Thread 0x0000026db5fd2510 flushing  nmethod 0x0000026db9bcd290
Event: 74.948 Thread 0x0000026db5fd2510 flushing  nmethod 0x0000026db9bce490
Event: 74.948 Thread 0x0000026db5fd2510 flushing  nmethod 0x0000026db9bcfa10
Event: 74.948 Thread 0x0000026db5fd2510 flushing  nmethod 0x0000026db9bcff90
Event: 74.948 Thread 0x0000026db5fd2510 flushing  nmethod 0x0000026db9bd0890
Event: 74.948 Thread 0x0000026db5fd2510 flushing  nmethod 0x0000026db9bd0c10
Event: 74.948 Thread 0x0000026db5fd2510 flushing  nmethod 0x0000026db9bd1990
Event: 74.948 Thread 0x0000026db5fd2510 flushing  nmethod 0x0000026db9bd4510
Event: 74.948 Thread 0x0000026db5fd2510 flushing  nmethod 0x0000026db9bdc910
Event: 74.948 Thread 0x0000026db5fd2510 flushing  nmethod 0x0000026db9bdda90
Event: 74.948 Thread 0x0000026db5fd2510 flushing  nmethod 0x0000026db9bde690
Event: 74.948 Thread 0x0000026db5fd2510 flushing  nmethod 0x0000026db9c02890
Event: 74.948 Thread 0x0000026db5fd2510 flushing  nmethod 0x0000026db9c04e90
Event: 74.948 Thread 0x0000026db5fd2510 flushing  nmethod 0x0000026db9c1e390

Events (20 events):
Event: 582.231 Thread 0x0000026e16110d00 Thread exited: 0x0000026e16110d00
Event: 983.488 Thread 0x0000026e0fda6000 Thread added: 0x0000026e1610e5a0
Event: 986.144 Thread 0x0000026e1610df10 Thread added: 0x0000026e1610f2c0
Event: 986.665 Thread 0x0000026e1610df10 Thread added: 0x0000026e1610f950
Event: 986.882 Thread 0x0000026e1610f950 Thread added: 0x0000026e1610ffe0
Event: 986.997 Thread 0x0000026e1610df10 Thread added: 0x0000026e16110670
Event: 987.030 Thread 0x0000026e16110670 Thread added: 0x0000026e16110d00
Event: 987.160 Thread 0x0000026e1610df10 Thread added: 0x0000026e16111390
Event: 987.947 Thread 0x0000026db5ff5330 Thread added: 0x0000026e175c8c40
Event: 988.623 Thread 0x0000026e175c8c40 Thread exited: 0x0000026e175c8c40
Event: 988.761 Thread 0x0000026db5ff5330 Thread added: 0x0000026e175c8c40
Event: 989.097 Thread 0x0000026e175c8c40 Thread exited: 0x0000026e175c8c40
Event: 989.109 Thread 0x0000026db5ff5330 Thread added: 0x0000026e175c8c40
Event: 990.459 Thread 0x0000026e1610f2c0 Thread added: 0x0000026e0fda3f30
Event: 993.871 Thread 0x0000026e175c8c40 Thread exited: 0x0000026e175c8c40
Event: 1006.275 Thread 0x0000026e1610e5a0 Thread added: 0x0000026e0f7d3d20
Event: 1006.557 Thread 0x0000026db5ff5330 Thread added: 0x0000026e1be958b0
Event: 1006.935 Thread 0x0000026e1be958b0 Thread exited: 0x0000026e1be958b0
Event: 1006.989 Thread 0x0000026db5ff5330 Thread added: 0x0000026e1be958b0
Event: 1010.417 Thread 0x0000026e1be958b0 Thread exited: 0x0000026e1be958b0


Dynamic libraries:
0x00007ff6023d0000 - 0x00007ff6023de000 	c:\Users\CETECOM\.vscode\extensions\redhat.java-1.50.0-win32-x64\jre\21.0.9-win32-x86_64\bin\java.exe
0x00007ffa51590000 - 0x00007ffa51788000 	C:\WINDOWS\SYSTEM32\ntdll.dll
0x00007ffa4fbd0000 - 0x00007ffa4fc92000 	C:\WINDOWS\System32\KERNEL32.DLL
0x00007ffa4efa0000 - 0x00007ffa4f296000 	C:\WINDOWS\System32\KERNELBASE.dll
0x00007ffa4f4b0000 - 0x00007ffa4f5b0000 	C:\WINDOWS\System32\ucrtbase.dll
0x00007ffa3cb30000 - 0x00007ffa3cb48000 	c:\Users\CETECOM\.vscode\extensions\redhat.java-1.50.0-win32-x64\jre\21.0.9-win32-x86_64\bin\jli.dll
0x00007ffa25de0000 - 0x00007ffa25dfe000 	c:\Users\CETECOM\.vscode\extensions\redhat.java-1.50.0-win32-x64\jre\21.0.9-win32-x86_64\bin\VCRUNTIME140.dll
0x00007ffa512e0000 - 0x00007ffa51481000 	C:\WINDOWS\System32\USER32.dll
0x00007ffa4f480000 - 0x00007ffa4f4a2000 	C:\WINDOWS\System32\win32u.dll
0x00007ffa4f5b0000 - 0x00007ffa4f5db000 	C:\WINDOWS\System32\GDI32.dll
0x00007ffa4f2a0000 - 0x00007ffa4f3b9000 	C:\WINDOWS\System32\gdi32full.dll
0x00007ffa4ec20000 - 0x00007ffa4ecbd000 	C:\WINDOWS\System32\msvcp_win.dll
0x00007ffa3f490000 - 0x00007ffa3f72b000 	C:\WINDOWS\WinSxS\amd64_microsoft.windows.common-controls_6595b64144ccf1df_6.0.19041.6456_none_60b8a6cb71f64256\COMCTL32.dll
0x00007ffa510d0000 - 0x00007ffa5116e000 	C:\WINDOWS\System32\msvcrt.dll
0x00007ffa512b0000 - 0x00007ffa512df000 	C:\WINDOWS\System32\IMM32.DLL
0x00007ffa3f440000 - 0x00007ffa3f44c000 	c:\Users\CETECOM\.vscode\extensions\redhat.java-1.50.0-win32-x64\jre\21.0.9-win32-x86_64\bin\vcruntime140_1.dll
0x00007ffa11a70000 - 0x00007ffa11afd000 	c:\Users\CETECOM\.vscode\extensions\redhat.java-1.50.0-win32-x64\jre\21.0.9-win32-x86_64\bin\msvcp140.dll
0x00007ff9f2ce0000 - 0x00007ff9f3a80000 	c:\Users\CETECOM\.vscode\extensions\redhat.java-1.50.0-win32-x64\jre\21.0.9-win32-x86_64\bin\server\jvm.dll
0x00007ffa51490000 - 0x00007ffa51541000 	C:\WINDOWS\System32\ADVAPI32.dll
0x00007ffa4fca0000 - 0x00007ffa4fd3f000 	C:\WINDOWS\System32\sechost.dll
0x00007ffa4fa20000 - 0x00007ffa4fb40000 	C:\WINDOWS\System32\RPCRT4.dll
0x00007ffa4f450000 - 0x00007ffa4f477000 	C:\WINDOWS\System32\bcrypt.dll
0x00007ffa50650000 - 0x00007ffa506bb000 	C:\WINDOWS\System32\WS2_32.dll
0x00007ffa4e9d0000 - 0x00007ffa4ea1b000 	C:\WINDOWS\SYSTEM32\POWRPROF.dll
0x00007ffa45810000 - 0x00007ffa4581a000 	C:\WINDOWS\SYSTEM32\VERSION.dll
0x00007ffa437d0000 - 0x00007ffa437f7000 	C:\WINDOWS\SYSTEM32\WINMM.dll
0x00007ffa4e9b0000 - 0x00007ffa4e9c2000 	C:\WINDOWS\SYSTEM32\UMPDC.dll
0x00007ffa4ca50000 - 0x00007ffa4ca62000 	C:\WINDOWS\SYSTEM32\kernel.appcore.dll
0x00007ffa3e270000 - 0x00007ffa3e27a000 	c:\Users\CETECOM\.vscode\extensions\redhat.java-1.50.0-win32-x64\jre\21.0.9-win32-x86_64\bin\jimage.dll
0x00007ffa44200000 - 0x00007ffa44401000 	C:\WINDOWS\SYSTEM32\DBGHELP.DLL
0x00007ffa27fb0000 - 0x00007ffa27fe4000 	C:\WINDOWS\SYSTEM32\dbgcore.DLL
0x00007ffa4f3c0000 - 0x00007ffa4f442000 	C:\WINDOWS\System32\bcryptPrimitives.dll
0x00007ffa4a580000 - 0x00007ffa4a58f000 	c:\Users\CETECOM\.vscode\extensions\redhat.java-1.50.0-win32-x64\jre\21.0.9-win32-x86_64\bin\instrument.dll
0x00007ffa25dc0000 - 0x00007ffa25de0000 	c:\Users\CETECOM\.vscode\extensions\redhat.java-1.50.0-win32-x64\jre\21.0.9-win32-x86_64\bin\java.dll
0x00007ffa4fee0000 - 0x00007ffa50650000 	C:\WINDOWS\System32\SHELL32.dll
0x00007ffa4cc50000 - 0x00007ffa4d3f5000 	C:\WINDOWS\SYSTEM32\windows.storage.dll
0x00007ffa507f0000 - 0x00007ffa50b44000 	C:\WINDOWS\System32\combase.dll
0x00007ffa4e490000 - 0x00007ffa4e4bb000 	C:\WINDOWS\SYSTEM32\Wldp.dll
0x00007ffa506c0000 - 0x00007ffa5078d000 	C:\WINDOWS\System32\OLEAUT32.dll
0x00007ffa4f970000 - 0x00007ffa4fa1d000 	C:\WINDOWS\System32\SHCORE.dll
0x00007ffa50fc0000 - 0x00007ffa5101b000 	C:\WINDOWS\System32\shlwapi.dll
0x00007ffa4eb50000 - 0x00007ffa4eb74000 	C:\WINDOWS\SYSTEM32\profapi.dll
0x00007ffa25d30000 - 0x00007ffa25d48000 	c:\Users\CETECOM\.vscode\extensions\redhat.java-1.50.0-win32-x64\jre\21.0.9-win32-x86_64\bin\zip.dll
0x00007ffa3d3f0000 - 0x00007ffa3d400000 	C:\Users\CETECOM\.vscode\extensions\redhat.java-1.50.0-win32-x64\jre\21.0.9-win32-x86_64\bin\net.dll
0x00007ffa46b30000 - 0x00007ffa46c3a000 	C:\WINDOWS\SYSTEM32\WINHTTP.dll
0x00007ffa4e270000 - 0x00007ffa4e2da000 	C:\WINDOWS\system32\mswsock.dll
0x00007ffa1e330000 - 0x00007ffa1e346000 	C:\Users\CETECOM\.vscode\extensions\redhat.java-1.50.0-win32-x64\jre\21.0.9-win32-x86_64\bin\nio.dll
0x00007ffa4b270000 - 0x00007ffa4b280000 	c:\Users\CETECOM\.vscode\extensions\redhat.java-1.50.0-win32-x64\jre\21.0.9-win32-x86_64\bin\verify.dll
0x00007ffa12f90000 - 0x00007ffa12fd4000 	C:\Users\CETECOM\AppData\Roaming\Code\User\globalStorage\redhat.java\1.50.0\config_win\org.eclipse.equinox.launcher\org.eclipse.equinox.launcher.win32.win32.x86_64_1.2.1400.v20250801-0854\eclipse_11916.dll
0x00007ffa51170000 - 0x00007ffa5129b000 	C:\WINDOWS\System32\ole32.dll
0x00007ffa4e4d0000 - 0x00007ffa4e4e8000 	C:\WINDOWS\SYSTEM32\CRYPTSP.dll
0x00007ffa4dbb0000 - 0x00007ffa4dbe8000 	C:\WINDOWS\system32\rsaenh.dll
0x00007ffa4ead0000 - 0x00007ffa4eafe000 	C:\WINDOWS\SYSTEM32\USERENV.dll
0x00007ffa4e400000 - 0x00007ffa4e40c000 	C:\WINDOWS\SYSTEM32\CRYPTBASE.dll
0x00007ffa4df70000 - 0x00007ffa4dfab000 	C:\WINDOWS\SYSTEM32\IPHLPAPI.DLL
0x00007ffa4fdb0000 - 0x00007ffa4fdb8000 	C:\WINDOWS\System32\NSI.dll
0x00007ffa127b0000 - 0x00007ffa127f9000 	C:\Users\CETECOM\AppData\Local\Temp\jna-1388314158\jna8332632527853129318.dll
0x00007ffa512a0000 - 0x00007ffa512a8000 	C:\WINDOWS\System32\PSAPI.DLL
0x00007ffa45910000 - 0x00007ffa45927000 	C:\WINDOWS\SYSTEM32\dhcpcsvc6.DLL
0x00007ffa46480000 - 0x00007ffa4649d000 	C:\WINDOWS\SYSTEM32\dhcpcsvc.DLL
0x00007ffa25c90000 - 0x00007ffa25c9e000 	C:\Users\CETECOM\.vscode\extensions\redhat.java-1.50.0-win32-x64\jre\21.0.9-win32-x86_64\bin\sunmscapi.dll
0x00007ffa4ed90000 - 0x00007ffa4eeed000 	C:\WINDOWS\System32\CRYPT32.dll
0x00007ffa4e650000 - 0x00007ffa4e677000 	C:\WINDOWS\SYSTEM32\ncrypt.dll
0x00007ffa4e610000 - 0x00007ffa4e64b000 	C:\WINDOWS\SYSTEM32\NTASN1.dll
0x00007ffa25aa0000 - 0x00007ffa25aa9000 	C:\Users\CETECOM\.vscode\extensions\redhat.java-1.50.0-win32-x64\jre\21.0.9-win32-x86_64\bin\extnet.dll

JVMTI agents:
c:\Users\CETECOM\.vscode\extensions\redhat.java-1.50.0-win32-x64\lombok\lombok-1.18.39-4050.jar path:c:\Users\CETECOM\.vscode\extensions\redhat.java-1.50.0-win32-x64\jre\21.0.9-win32-x86_64\bin\instrument.dll, loaded, initialized, instrumentlib options:none

dbghelp: loaded successfully - version: 4.0.5 - missing functions: none
symbol engine: initialized successfully - sym options: 0x614 - pdb path: .;c:\Users\CETECOM\.vscode\extensions\redhat.java-1.50.0-win32-x64\jre\21.0.9-win32-x86_64\bin;C:\WINDOWS\SYSTEM32;C:\WINDOWS\WinSxS\amd64_microsoft.windows.common-controls_6595b64144ccf1df_6.0.19041.6456_none_60b8a6cb71f64256;c:\Users\CETECOM\.vscode\extensions\redhat.java-1.50.0-win32-x64\jre\21.0.9-win32-x86_64\bin\server;C:\Users\CETECOM\AppData\Roaming\Code\User\globalStorage\redhat.java\1.50.0\config_win\org.eclipse.equinox.launcher\org.eclipse.equinox.launcher.win32.win32.x86_64_1.2.1400.v20250801-0854;C:\Users\CETECOM\AppData\Local\Temp\jna-1388314158

VM Arguments:
jvm_args: --add-modules=ALL-SYSTEM --add-opens=java.base/java.util=ALL-UNNAMED --add-opens=java.base/java.lang=ALL-UNNAMED --add-opens=java.base/sun.nio.fs=ALL-UNNAMED -Declipse.application=org.eclipse.jdt.ls.core.id1 -Dosgi.bundles.defaultStartLevel=4 -Declipse.product=org.eclipse.jdt.ls.core.product -Djava.import.generatesMetadataFilesAtProjectRoot=false -DDetectVMInstallationsJob.disabled=true -Dfile.encoding=utf8 -XX:+UseParallelGC -XX:GCTimeRatio=4 -XX:AdaptiveSizePolicyWeight=90 -Dsun.zip.disableMemoryMapping=true -Xmx2G -Xms100m -Xlog:disable -javaagent:c:\Users\CETECOM\.vscode\extensions\redhat.java-1.50.0-win32-x64\lombok\lombok-1.18.39-4050.jar -XX:+HeapDumpOnOutOfMemoryError -XX:HeapDumpPath=c:\Users\CETECOM\AppData\Roaming\Code\User\workspaceStorage\57ae672ed4960f5eec4c251ee6551935\redhat.java -Daether.dependencyCollector.impl=bf 
java_command: c:\Users\CETECOM\.vscode\extensions\redhat.java-1.50.0-win32-x64\server\plugins\org.eclipse.equinox.launcher_1.7.100.v20251111-0406.jar -configuration c:\Users\CETECOM\AppData\Roaming\Code\User\globalStorage\redhat.java\1.50.0\config_win -data c:\Users\CETECOM\AppData\Roaming\Code\User\workspaceStorage\57ae672ed4960f5eec4c251ee6551935\redhat.java\jdt_ws --pipe=\\.\pipe\lsp-3bc1e6996a0bff18ee541b5e263ae54f-sock
java_class_path (initial): c:\Users\CETECOM\.vscode\extensions\redhat.java-1.50.0-win32-x64\server\plugins\org.eclipse.equinox.launcher_1.7.100.v20251111-0406.jar
Launcher Type: SUN_STANDARD

[Global flags]
    uintx AdaptiveSizePolicyWeight                 = 90                                        {product} {command line}
     intx CICompilerCount                          = 4                                         {product} {ergonomic}
    uintx GCTimeRatio                              = 4                                         {product} {command line}
     bool HeapDumpOnOutOfMemoryError               = true                                   {manageable} {command line}
    ccstr HeapDumpPath                             = c:\Users\CETECOM\AppData\Roaming\Code\User\workspaceStorage\57ae672ed4960f5eec4c251ee6551935\redhat.java         {manageable} {command line}
   size_t InitialHeapSize                          = 104857600                                 {product} {command line}
   size_t MaxHeapSize                              = 2147483648                                {product} {command line}
   size_t MaxNewSize                               = 715653120                                 {product} {ergonomic}
   size_t MinHeapDeltaBytes                        = 524288                                    {product} {ergonomic}
   size_t MinHeapSize                              = 104857600                                 {product} {command line}
   size_t NewSize                                  = 34603008                                  {product} {ergonomic}
    uintx NonNMethodCodeHeapSize                   = 5839372                                {pd product} {ergonomic}
    uintx NonProfiledCodeHeapSize                  = 122909434                              {pd product} {ergonomic}
   size_t OldSize                                  = 70254592                                  {product} {ergonomic}
    uintx ProfiledCodeHeapSize                     = 122909434                              {pd product} {ergonomic}
    uintx ReservedCodeCacheSize                    = 251658240                              {pd product} {ergonomic}
     bool SegmentedCodeCache                       = true                                      {product} {ergonomic}
   size_t SoftMaxHeapSize                          = 2147483648                             {manageable} {ergonomic}
     bool UseCompressedOops                        = true                           {product lp64_product} {ergonomic}
     bool UseLargePagesIndividualAllocation        = false                                  {pd product} {ergonomic}
     bool UseParallelGC                            = true                                      {product} {command line}

Logging:
Log output configuration:
 #0: stdout all=off uptime,level,tags foldmultilines=false
 #1: stderr all=off uptime,level,tags foldmultilines=false

Release file:
JAVA_VERSION="21.0.9" 
MODULES="java.base java.compiler java.datatransfer java.xml java.prefs java.desktop java.instrument java.logging java.management java.security.sasl java.naming java.rmi java.management.rmi java.net.http java.scripting java.security.jgss java.transaction.xa java.sql java.sql.rowset java.xml.crypto java.se java.smartcardio jdk.accessibility jdk.internal.jvmstat jdk.attach jdk.charsets jdk.internal.opt jdk.zipfs jdk.compiler jdk.crypto.ec jdk.crypto.cryptoki jdk.crypto.mscapi jdk.dynalink jdk.internal.ed jdk.editpad jdk.hotspot.agent jdk.httpserver jdk.internal.le jdk.internal.vm.ci jdk.internal.vm.compiler jdk.internal.vm.compiler.management jdk.jartool jdk.javadoc jdk.jcmd jdk.management jdk.management.agent jdk.jconsole jdk.jdeps jdk.jdwp.agent jdk.jdi jdk.jfr jdk.jshell jdk.jsobject jdk.jstatd jdk.localedata jdk.management.jfr jdk.naming.dns jdk.naming.rmi jdk.net jdk.nio.mapmode jdk.random jdk.sctp jdk.security.auth jdk.security.jgss jdk.unsupported jdk.unsupported.desktop jdk.xml.dom" 

Environment Variables:
PATH=C:\Program Files\Common Files\Oracle\Java\javapath;C:\app\CETECOM\product\21c\dbhomeXE\bin;C:\WINDOWS\system32;C:\WINDOWS;C:\WINDOWS\System32\Wbem;C:\WINDOWS\System32\WindowsPowerShell\v1.0\;C:\WINDOWS\System32\OpenSSH\;C:\Program Files\WezTerm;C:\Program Files\Git\cmd;C:\Users\CETECOM\scoop\shims;C:\Users\CETECOM\AppData\Local\Microsoft\WindowsApps;C:\Users\CETECOM\AppData\Local\Programs\Microsoft VS Code\bin;C:\Program Files (x86)\MongoDB Atlas CLI\
USERNAME=CETECOM
OS=Windows_NT
PROCESSOR_IDENTIFIER=AMD64 Family 23 Model 24 Stepping 1, AuthenticAMD
TMP=C:\Users\CETECOM\AppData\Local\Temp
TEMP=C:\Users\CETECOM\AppData\Local\Temp




Periodic native trim disabled

---------------  S Y S T E M  ---------------

OS:
 Windows 10 , 64 bit Build 19041 (10.0.19041.5915)
OS uptime: 8 days 14:17 hours
Hyper-V role detected

CPU: total 8 (initial active 8) (8 cores per cpu, 2 threads per core) family 23 model 24 stepping 1 microcode 0x0, cx8, cmov, fxsr, ht, mmx, 3dnowpref, sse, sse2, sse3, ssse3, sse4a, sse4.1, sse4.2, popcnt, lzcnt, tsc, tscinvbit, avx, avx2, aes, clmul, bmi1, bmi2, adx, sha, fma, vzeroupper, clflush, clflushopt, hv, rdtscp, f16c
Processor Information for the first 8 processors :
  Max Mhz: 2100, Current Mhz: 2100, Mhz Limit: 2100

Memory: 4k page, system-wide physical 6030M (309M free)
TotalPageFile size 24462M (AvailPageFile size 0M)
current process WorkingSet (physical memory assigned to process): 181M, peak: 330M
current process commit charge ("private bytes"): 461M, peak: 492M

vm_info: OpenJDK 64-Bit Server VM (21.0.9+10-LTS) for windows-amd64 JRE (21.0.9+10-LTS), built on 2025-10-21T00:00:00Z by "admin" with unknown MS VC++:1942

END.
