#
# There is insufficient memory for the Java Runtime Environment to continue.
# Native memory allocation (malloc) failed to allocate 1026448 bytes. Error detail: Chunk::new
# Possible reasons:
#   The system is out of physical RAM or swap space
#   This process is running with CompressedOops enabled, and the Java Heap may be blocking the growth of the native heap
# Possible solutions:
#   Reduce memory load on the system
#   Increase physical memory or swap space
#   Check if swap backing store is full
#   Decrease Java heap size (-Xmx/-Xms)
#   Decrease number of Java threads
#   Decrease Java thread stack sizes (-Xss)
#   Set larger code cache with -XX:ReservedCodeCacheSize=
#   JVM is running with Unscaled Compressed Oops mode in which the Java heap is
#     placed in the first 4GB address space. The Java Heap base address is the
#     maximum limit for the native heap growth. Please use -XX:HeapBaseMinAddress
#     to set the Java Heap base and to place the Java Heap above 4GB virtual address.
# This output file may be truncated or incomplete.
#
#  Out of Memory Error (arena.cpp:168), pid=11748, tid=19476
#
# JRE version: OpenJDK Runtime Environment Temurin-21.0.8+9 (21.0.8+9) (build 21.0.8+9-LTS)
# Java VM: OpenJDK 64-Bit Server VM Temurin-21.0.8+9 (21.0.8+9-LTS, mixed mode, sharing, tiered, compressed oops, compressed class ptrs, parallel gc, windows-amd64)
# No core dump will be written. Minidumps are not enabled by default on client versions of Windows
#

---------------  S U M M A R Y ------------

Command Line: --add-modules=ALL-SYSTEM --add-opens=java.base/java.util=ALL-UNNAMED --add-opens=java.base/java.lang=ALL-UNNAMED --add-opens=java.base/sun.nio.fs=ALL-UNNAMED -Declipse.application=org.eclipse.jdt.ls.core.id1 -Dosgi.bundles.defaultStartLevel=4 -Declipse.product=org.eclipse.jdt.ls.core.product -Djava.import.generatesMetadataFilesAtProjectRoot=false -DDetectVMInstallationsJob.disabled=true -Dfile.encoding=utf8 -XX:+UseParallelGC -XX:GCTimeRatio=4 -XX:AdaptiveSizePolicyWeight=90 -Dsun.zip.disableMemoryMapping=true -Xmx2G -Xms100m -Xlog:disable -javaagent:c:\Users\CETECOM\.vscode\extensions\redhat.java-1.47.0-win32-x64\lombok\lombok-1.18.39-4050.jar -XX:+HeapDumpOnOutOfMemoryError -XX:HeapDumpPath=c:\Users\CETECOM\AppData\Roaming\Code\User\workspaceStorage\438abb12451724bc9da75856e9f568c6\redhat.java -Daether.dependencyCollector.impl=bf c:\Users\CETECOM\.vscode\extensions\redhat.java-1.47.0-win32-x64\server\plugins\org.eclipse.equinox.launcher_1.7.100.v20251014-1222.jar -configuration c:\Users\CETECOM\AppData\Roaming\Code\User\globalStorage\redhat.java\1.47.0\config_win -data c:\Users\CETECOM\AppData\Roaming\Code\User\workspaceStorage\438abb12451724bc9da75856e9f568c6\redhat.java\jdt_ws --pipe=\\.\pipe\lsp-3221361d37ba1fb1d69ae3d05a4bd110-sock

Host: AMD Ryzen 5 3450U with Radeon Vega Mobile Gfx  , 8 cores, 5G,  Windows 10 , 64 bit Build 19041 (10.0.19041.5915)
Time: Sun Nov  2 15:49:56 2025 Hora estándar central (México) elapsed time: 1724.063412 seconds (0d 0h 28m 44s)

---------------  T H R E A D  ---------------

Current thread (0x000002c5bea59ee0):  JavaThread "C2 CompilerThread0" daemon [_thread_in_native, id=19476, stack(0x000000fd4a700000,0x000000fd4a800000) (1024K)]


Current CompileTask:
C2:1724063 20129       4       lombok.eclipse.EclipseAST::buildTypeUse (294 bytes)

Stack: [0x000000fd4a700000,0x000000fd4a800000]
Native frames: (J=compiled Java code, j=interpreted, Vv=VM code, C=native code)
V  [jvm.dll+0x6d2449]
V  [jvm.dll+0x8ae341]
V  [jvm.dll+0x8b08be]
V  [jvm.dll+0x8b0fa3]
V  [jvm.dll+0x280c96]
V  [jvm.dll+0xc581d]
V  [jvm.dll+0xc5d53]
V  [jvm.dll+0x3b919c]
V  [jvm.dll+0x385315]
V  [jvm.dll+0x38477a]
V  [jvm.dll+0x248ed0]
V  [jvm.dll+0x2484af]
V  [jvm.dll+0x1c89ee]
V  [jvm.dll+0x257d4d]
V  [jvm.dll+0x2562ea]
V  [jvm.dll+0x3f2d16]
V  [jvm.dll+0x857e6b]
V  [jvm.dll+0x6d0b0d]
C  [ucrtbase.dll+0x21bb2]
C  [KERNEL32.DLL+0x17374]
C  [ntdll.dll+0x4cc91]


---------------  P R O C E S S  ---------------

Threads class SMR info:
_java_thread_list=0x000002c6099b6fd0, length=57, elements={
0x000002c5a7ff20e0, 0x000002c5bea4be90, 0x000002c5bea4d4d0, 0x000002c5bea54db0,
0x000002c5bea55a00, 0x000002c5bea56650, 0x000002c5bea590b0, 0x000002c5bea59ee0,
0x000002c5bea9d400, 0x000002c5a805e290, 0x000002c6016330c0, 0x000002c6016a13c0,
0x000002c60171ade0, 0x000002c6016cfe50, 0x000002c60194c840, 0x000002c601f00f20,
0x000002c6064f8f10, 0x000002c6016f9240, 0x000002c601c36960, 0x000002c601c34f20,
0x000002c601af5a80, 0x000002c601af0530, 0x000002c601aeeaf0, 0x000002c601aef180,
0x000002c601aefea0, 0x000002c601aef810, 0x000002c601af0bc0, 0x000002c601af1250,
0x000002c601af39b0, 0x000002c601af18e0, 0x000002c601af2600, 0x000002c601af1f70,
0x000002c606c99f80, 0x000002c601c362d0, 0x000002c60785bfb0, 0x000002c607860150,
0x000002c607861b90, 0x000002c60785b290, 0x000002c60785d360, 0x000002c6070437b0,
0x000002c6070465a0, 0x000002c6070472c0, 0x000002c6070416e0, 0x000002c607042a90,
0x000002c607041d70, 0x000002c607048670, 0x000002c607047950, 0x000002c607043e40,
0x000002c607047fe0, 0x000002c607046c30, 0x000002c6070444d0, 0x000002c607043120,
0x000002c607044b60, 0x000002c607045f10, 0x000002c6094660d0, 0x000002c609464d20,
0x000002c609465a40
}

Java Threads: ( => current thread )
  0x000002c5a7ff20e0 JavaThread "main"                              [_thread_blocked, id=10936, stack(0x000000fd49d00000,0x000000fd49e00000) (1024K)]
  0x000002c5bea4be90 JavaThread "Reference Handler"          daemon [_thread_blocked, id=17200, stack(0x000000fd4a100000,0x000000fd4a200000) (1024K)]
  0x000002c5bea4d4d0 JavaThread "Finalizer"                  daemon [_thread_blocked, id=9600, stack(0x000000fd4a200000,0x000000fd4a300000) (1024K)]
  0x000002c5bea54db0 JavaThread "Signal Dispatcher"          daemon [_thread_blocked, id=17988, stack(0x000000fd4a300000,0x000000fd4a400000) (1024K)]
  0x000002c5bea55a00 JavaThread "Attach Listener"            daemon [_thread_blocked, id=10752, stack(0x000000fd4a400000,0x000000fd4a500000) (1024K)]
  0x000002c5bea56650 JavaThread "Service Thread"             daemon [_thread_blocked, id=8996, stack(0x000000fd4a500000,0x000000fd4a600000) (1024K)]
  0x000002c5bea590b0 JavaThread "Monitor Deflation Thread"   daemon [_thread_blocked, id=14580, stack(0x000000fd4a600000,0x000000fd4a700000) (1024K)]
=>0x000002c5bea59ee0 JavaThread "C2 CompilerThread0"         daemon [_thread_in_native, id=19476, stack(0x000000fd4a700000,0x000000fd4a800000) (1024K)]
  0x000002c5bea9d400 JavaThread "C1 CompilerThread0"         daemon [_thread_blocked, id=8616, stack(0x000000fd4a800000,0x000000fd4a900000) (1024K)]
  0x000002c5a805e290 JavaThread "Common-Cleaner"             daemon [_thread_blocked, id=22384, stack(0x000000fd4a900000,0x000000fd4aa00000) (1024K)]
  0x000002c6016330c0 JavaThread "Notification Thread"        daemon [_thread_blocked, id=8508, stack(0x000000fd4aa00000,0x000000fd4ab00000) (1024K)]
  0x000002c6016a13c0 JavaThread "Active Thread: Equinox Container: 404b679d-925f-493b-a943-e09cb8e324cc"        [_thread_blocked, id=6340, stack(0x000000fd4b100000,0x000000fd4b200000) (1024K)]
  0x000002c60171ade0 JavaThread "Refresh Thread: Equinox Container: 404b679d-925f-493b-a943-e09cb8e324cc" daemon [_thread_blocked, id=16832, stack(0x000000fd4b200000,0x000000fd4b300000) (1024K)]
  0x000002c6016cfe50 JavaThread "Framework Event Dispatcher: Equinox Container: 404b679d-925f-493b-a943-e09cb8e324cc" daemon [_thread_blocked, id=10004, stack(0x000000fd4b400000,0x000000fd4b500000) (1024K)]
  0x000002c60194c840 JavaThread "Start Level: Equinox Container: 404b679d-925f-493b-a943-e09cb8e324cc" daemon [_thread_blocked, id=15040, stack(0x000000fd4b500000,0x000000fd4b600000) (1024K)]
  0x000002c601f00f20 JavaThread "Bundle File Closer"         daemon [_thread_blocked, id=22056, stack(0x000000fd4b600000,0x000000fd4b700000) (1024K)]
  0x000002c6064f8f10 JavaThread "SCR Component Actor"        daemon [_thread_blocked, id=7804, stack(0x000000fd4b700000,0x000000fd4b800000) (1024K)]
  0x000002c6016f9240 JavaThread "Worker-JM"                         [_thread_blocked, id=18676, stack(0x000000fd4b800000,0x000000fd4b900000) (1024K)]
  0x000002c601c36960 JavaThread "Java indexing"              daemon [_thread_blocked, id=14084, stack(0x000000fd4bd00000,0x000000fd4be00000) (1024K)]
  0x000002c601c34f20 JavaThread "JNA Cleaner"                daemon [_thread_blocked, id=13892, stack(0x000000fd4be00000,0x000000fd4bf00000) (1024K)]
  0x000002c601af5a80 JavaThread "Thread-1"                   daemon [_thread_in_native, id=4416, stack(0x000000fd4c300000,0x000000fd4c400000) (1024K)]
  0x000002c601af0530 JavaThread "Thread-2"                   daemon [_thread_in_native, id=9624, stack(0x000000fd4c400000,0x000000fd4c500000) (1024K)]
  0x000002c601aeeaf0 JavaThread "Thread-3"                   daemon [_thread_in_native, id=16852, stack(0x000000fd4c500000,0x000000fd4c600000) (1024K)]
  0x000002c601aef180 JavaThread "Thread-4"                   daemon [_thread_in_native, id=16400, stack(0x000000fd4c600000,0x000000fd4c700000) (1024K)]
  0x000002c601aefea0 JavaThread "Thread-5"                   daemon [_thread_in_native, id=21064, stack(0x000000fd4c700000,0x000000fd4c800000) (1024K)]
  0x000002c601aef810 JavaThread "Thread-6"                   daemon [_thread_in_native, id=12276, stack(0x000000fd4c800000,0x000000fd4c900000) (1024K)]
  0x000002c601af0bc0 JavaThread "Thread-7"                   daemon [_thread_in_native, id=12064, stack(0x000000fd4c900000,0x000000fd4ca00000) (1024K)]
  0x000002c601af1250 JavaThread "Thread-8"                   daemon [_thread_in_native, id=2668, stack(0x000000fd4ca00000,0x000000fd4cb00000) (1024K)]
  0x000002c601af39b0 JavaThread "Thread-9"                   daemon [_thread_in_native, id=22288, stack(0x000000fd4cb00000,0x000000fd4cc00000) (1024K)]
  0x000002c601af18e0 JavaThread "pool-2-thread-1"                   [_thread_blocked, id=19332, stack(0x000000fd4cc00000,0x000000fd4cd00000) (1024K)]
  0x000002c601af2600 JavaThread "WorkspaceEventsHandler"            [_thread_blocked, id=14212, stack(0x000000fd4ce00000,0x000000fd4cf00000) (1024K)]
  0x000002c601af1f70 JavaThread "pool-1-thread-1"                   [_thread_blocked, id=1088, stack(0x000000fd4cf00000,0x000000fd4d000000) (1024K)]
  0x000002c606c99f80 JavaThread "Java Debug Server"          daemon [_thread_in_native, id=16308, stack(0x000000fd4e800000,0x000000fd4e900000) (1024K)]
  0x000002c601c362d0 JavaThread "RxSchedulerPurge-1"         daemon [_thread_blocked, id=5616, stack(0x000000fd4ea00000,0x000000fd4eb00000) (1024K)]
  0x000002c60785bfb0 JavaThread "RxCachedWorkerPoolEvictor-1" daemon [_thread_blocked, id=7764, stack(0x000000fd4eb00000,0x000000fd4ec00000) (1024K)]
  0x000002c607860150 JavaThread "Cleaner-0"                  daemon [_thread_blocked, id=1528, stack(0x000000fd4c100000,0x000000fd4c200000) (1024K)]
  0x000002c607861b90 JavaThread "Worker-10"                         [_thread_blocked, id=6388, stack(0x000000fd4bb00000,0x000000fd4bc00000) (1024K)]
  0x000002c60785b290 JavaThread "pool-9-thread-2"                   [_thread_in_native, id=2824, stack(0x000000fd4cd00000,0x000000fd4ce00000) (1024K)]
  0x000002c60785d360 JavaThread "RxNewThreadScheduler-3"     daemon [_thread_blocked, id=3232, stack(0x000000fd4d100000,0x000000fd4d200000) (1024K)]
  0x000002c6070437b0 JavaThread "process reaper (pid 21360)" daemon [_thread_in_native, id=2100, stack(0x000000fd49750000,0x000000fd49770000) (128K)]
  0x000002c6070465a0 JavaThread "Worker-14"                         [_thread_blocked, id=21180, stack(0x000000fd4b900000,0x000000fd4ba00000) (1024K)]
  0x000002c6070472c0 JavaThread "ForkJoinPool.commonPool-worker-11" daemon [_thread_blocked, id=17992, stack(0x000000fd49a00000,0x000000fd49b00000) (1024K)]
  0x000002c6070416e0 JavaThread "ForkJoinPool.commonPool-worker-12" daemon [_thread_blocked, id=19824, stack(0x000000fd49b00000,0x000000fd49c00000) (1024K)]
  0x000002c607042a90 JavaThread "ForkJoinPool.commonPool-worker-13" daemon [_thread_blocked, id=3592, stack(0x000000fd49c00000,0x000000fd49d00000) (1024K)]
  0x000002c607041d70 JavaThread "ForkJoinPool.commonPool-worker-14" daemon [_thread_blocked, id=9488, stack(0x000000fd4ba00000,0x000000fd4bb00000) (1024K)]
  0x000002c607048670 JavaThread "ForkJoinPool.commonPool-worker-15" daemon [_thread_blocked, id=23216, stack(0x000000fd4bc00000,0x000000fd4bd00000) (1024K)]
  0x000002c607047950 JavaThread "ForkJoinPool.commonPool-worker-16" daemon [_thread_blocked, id=1060, stack(0x000000fd4bf00000,0x000000fd4c000000) (1024K)]
  0x000002c607043e40 JavaThread "ForkJoinPool.commonPool-worker-17" daemon [_thread_blocked, id=13156, stack(0x000000fd4c000000,0x000000fd4c100000) (1024K)]
  0x000002c607047fe0 JavaThread "Worker-16"                         [_thread_blocked, id=18668, stack(0x000000fd4c200000,0x000000fd4c300000) (1024K)]
  0x000002c607046c30 JavaThread "Worker-17"                         [_thread_blocked, id=17448, stack(0x000000fd4d000000,0x000000fd4d100000) (1024K)]
  0x000002c6070444d0 JavaThread "Compiler Source File Reader" daemon [_thread_blocked, id=19216, stack(0x000000fd4d200000,0x000000fd4d300000) (1024K)]
  0x000002c607043120 JavaThread "Compiler Processing Task"   daemon [_thread_blocked, id=9520, stack(0x000000fd4d300000,0x000000fd4d400000) (1024K)]
  0x000002c607044b60 JavaThread "Compiler Source File Reader" daemon [_thread_blocked, id=19236, stack(0x000000fd4d400000,0x000000fd4d500000) (1024K)]
  0x000002c607045f10 JavaThread "Compiler Source File Reader" daemon [_thread_blocked, id=20568, stack(0x000000fd4d500000,0x000000fd4d600000) (1024K)]
  0x000002c6094660d0 JavaThread "Compiler Source File Reader" daemon [_thread_blocked, id=17616, stack(0x000000fd4d600000,0x000000fd4d700000) (1024K)]
  0x000002c609464d20 JavaThread "Compiler Source File Reader" daemon [_thread_blocked, id=3904, stack(0x000000fd4d700000,0x000000fd4d800000) (1024K)]
  0x000002c609465a40 JavaThread "Worker-18"                         [_thread_blocked, id=632, stack(0x000000fd4d800000,0x000000fd4d900000) (1024K)]
Total: 57

Other Threads:
  0x000002c5a80afbe0 VMThread "VM Thread"                           [id=8444, stack(0x000000fd4a000000,0x000000fd4a100000) (1024K)]
  0x000002c5a805c620 WatcherThread "VM Periodic Task Thread"        [id=10968, stack(0x000000fd49f00000,0x000000fd4a000000) (1024K)]
  0x000002c5a800f9d0 WorkerThread "GC Thread#0"                     [id=12980, stack(0x000000fd49e00000,0x000000fd49f00000) (1024K)]
  0x000002c6018f9570 WorkerThread "GC Thread#1"                     [id=2752, stack(0x000000fd4ab00000,0x000000fd4ac00000) (1024K)]
  0x000002c6018f9910 WorkerThread "GC Thread#2"                     [id=9460, stack(0x000000fd4ac00000,0x000000fd4ad00000) (1024K)]
  0x000002c601cd60e0 WorkerThread "GC Thread#3"                     [id=13164, stack(0x000000fd4ad00000,0x000000fd4ae00000) (1024K)]
  0x000002c601cd6480 WorkerThread "GC Thread#4"                     [id=18904, stack(0x000000fd4ae00000,0x000000fd4af00000) (1024K)]
  0x000002c601cd6820 WorkerThread "GC Thread#5"                     [id=15112, stack(0x000000fd4af00000,0x000000fd4b000000) (1024K)]
  0x000002c601cd6bc0 WorkerThread "GC Thread#6"                     [id=10808, stack(0x000000fd4b000000,0x000000fd4b100000) (1024K)]
  0x000002c601d5a610 WorkerThread "GC Thread#7"                     [id=4300, stack(0x000000fd4b300000,0x000000fd4b400000) (1024K)]
Total: 10

Threads with active compile tasks:
C2 CompilerThread0  1724136 20129       4       lombok.eclipse.EclipseAST::buildTypeUse (294 bytes)
Total: 1

VM state: not at safepoint (normal execution)

VM Mutex/Monitor currently owned by a thread: None

Heap address: 0x0000000080000000, size: 2048 MB, Compressed Oops mode: 32-bit

CDS archive(s) mapped at: [0x000002c5bf000000-0x000002c5bfba0000-0x000002c5bfba0000), size 12189696, SharedBaseAddress: 0x000002c5bf000000, ArchiveRelocationMode: 1.
Compressed class space mapped at: 0x000002c5c0000000-0x000002c600000000, reserved size: 1073741824
Narrow klass base: 0x000002c5bf000000, Narrow klass shift: 0, Narrow klass range: 0x100000000

GC Precious Log:
 CardTable entry size: 512
 CPUs: 8 total, 8 available
 Memory: 6030M
 Large Page Support: Disabled
 NUMA Support: Disabled
 Compressed Oops: Enabled (32-bit)
 Alignments: Space 512K, Generation 512K, Heap 2M
 Heap Min Capacity: 100M
 Heap Initial Capacity: 100M
 Heap Max Capacity: 2G
 Pre-touch: Disabled
 Parallel Workers: 8

Heap:
 PSYoungGen      total 5120K, used 1447K [0x00000000d5580000, 0x00000000d5d80000, 0x0000000100000000)
  eden space 4096K, 16% used [0x00000000d5580000,0x00000000d5624d08,0x00000000d5980000)
  from space 1024K, 77% used [0x00000000d5c80000,0x00000000d5d45200,0x00000000d5d80000)
  to   space 1024K, 0% used [0x00000000d5b80000,0x00000000d5b80000,0x00000000d5c80000)
 ParOldGen       total 913920K, used 564381K [0x0000000080000000, 0x00000000b7c80000, 0x00000000d5580000)
  object space 913920K, 61% used [0x0000000080000000,0x00000000a2727658,0x00000000b7c80000)
 Metaspace       used 89968K, committed 91840K, reserved 1179648K
  class space    used 9386K, committed 10240K, reserved 1048576K

Card table byte_map: [0x000002c5a79b0000,0x000002c5a7dc0000] _byte_map_base: 0x000002c5a75b0000

Marking Bits: (ParMarkBitMap*) 0x00007fffe383a340
 Begin Bits: [0x000002c5ba4a0000, 0x000002c5bc4a0000)
 End Bits:   [0x000002c5bc4a0000, 0x000002c5be4a0000)

Polling page: 0x000002c5a5ff0000

Metaspace:

Usage:
  Non-class:     78.69 MB used.
      Class:      9.17 MB used.
       Both:     87.86 MB used.

Virtual space:
  Non-class space:      128.00 MB reserved,      79.69 MB ( 62%) committed,  2 nodes.
      Class space:        1.00 GB reserved,      10.00 MB ( <1%) committed,  1 nodes.
             Both:        1.12 GB reserved,      89.69 MB (  8%) committed. 

Chunk freelists:
   Non-Class:  15.52 MB
       Class:  6.02 MB
        Both:  21.54 MB

MaxMetaspaceSize: unlimited
CompressedClassSpaceSize: 1.00 GB
Initial GC threshold: 21.00 MB
Current GC threshold: 142.75 MB
CDS: on
 - commit_granule_bytes: 65536.
 - commit_granule_words: 8192.
 - virtual_space_node_default_size: 8388608.
 - enlarge_chunks_in_place: 1.
 - use_allocation_guard: 0.


Internal statistics:

num_allocs_failed_limit: 9.
num_arena_births: 1720.
num_arena_deaths: 26.
num_vsnodes_births: 3.
num_vsnodes_deaths: 0.
num_space_committed: 1437.
num_space_uncommitted: 1.
num_chunks_returned_to_freelist: 57.
num_chunks_taken_from_freelist: 6148.
num_chunk_merges: 19.
num_chunk_splits: 3639.
num_chunks_enlarged: 1913.
num_inconsistent_stats: 0.

CodeHeap 'non-profiled nmethods': size=120000Kb used=18083Kb max_used=18083Kb free=101916Kb
 bounds [0x000002c5b2cc0000, 0x000002c5b3e70000, 0x000002c5ba1f0000]
CodeHeap 'profiled nmethods': size=120000Kb used=47229Kb max_used=47229Kb free=72770Kb
 bounds [0x000002c5ab1f0000, 0x000002c5ae010000, 0x000002c5b2720000]
CodeHeap 'non-nmethods': size=5760Kb used=1538Kb max_used=1605Kb free=4221Kb
 bounds [0x000002c5b2720000, 0x000002c5b2990000, 0x000002c5b2cc0000]
CodeCache: size=245760Kb, used=66850Kb, max_used=66917Kb, free=178907Kb
 total_blobs=19235, nmethods=18372, adapters=762, full_count=0
Compilation: enabled, stopped_count=0, restarted_count=0

Compilation events (20 events):
Event: 1723.765 Thread 0x000002c5bea9d400 20137       3       org.eclipse.jdt.internal.compiler.lookup.Scope::getConstructor (95 bytes)
Event: 1723.767 Thread 0x000002c5bea9d400 nmethod 20137 0x000002c5adffff90 code [0x000002c5ae0001e0, 0x000002c5ae000cb0]
Event: 1723.767 Thread 0x000002c5bea9d400 20138   !   3       org.eclipse.jdt.internal.compiler.lookup.Scope::getConstructor0 (453 bytes)
Event: 1723.771 Thread 0x000002c5bea9d400 nmethod 20138 0x000002c5ae000f90 code [0x000002c5ae001320, 0x000002c5ae002b88]
Event: 1723.829 Thread 0x000002c5bea9d400 20140       3       org.eclipse.jdt.internal.compiler.lookup.TypeBinding::findSuperTypeOriginatingFrom (754 bytes)
Event: 1723.834 Thread 0x000002c5bea9d400 nmethod 20140 0x000002c5ae003d10 code [0x000002c5ae0042a0, 0x000002c5ae0075a8]
Event: 1723.843 Thread 0x000002c5bea9d400 20141       3       org.eclipse.jdt.internal.compiler.codegen.StackMapFrame::duplicate (165 bytes)
Event: 1723.844 Thread 0x000002c5bea9d400 nmethod 20141 0x000002c5ae008410 code [0x000002c5ae008660, 0x000002c5ae0092a0]
Event: 1723.860 Thread 0x000002c5bea9d400 20142       3       lombok.core.LombokNode::rebuild (47 bytes)
Event: 1723.862 Thread 0x000002c5bea9d400 nmethod 20142 0x000002c5ae009790 code [0x000002c5ae0099c0, 0x000002c5ae00a2f8]
Event: 1723.916 Thread 0x000002c5bea9d400 20143       3       org.eclipse.jdt.internal.core.CompilationUnit::getImports (85 bytes)
Event: 1723.918 Thread 0x000002c5bea9d400 nmethod 20143 0x000002c5ae00a690 code [0x000002c5ae00a900, 0x000002c5ae00b3a8]
Event: 1723.926 Thread 0x000002c5bea9d400 20144       3       org.eclipse.jdt.internal.compiler.lookup.ParameterizedTypeBinding::superclass (98 bytes)
Event: 1723.927 Thread 0x000002c5bea9d400 nmethod 20144 0x000002c5ae00b710 code [0x000002c5ae00b940, 0x000002c5ae00c2a0]
Event: 1723.931 Thread 0x000002c5bea9d400 20145       3       org.eclipse.jdt.internal.compiler.lookup.ParameterizedGenericMethodBinding::computeCompatibleMethod (299 bytes)
Event: 1723.943 Thread 0x000002c5bea9d400 nmethod 20145 0x000002c5ae00c510 code [0x000002c5ae00c860, 0x000002c5ae00dd00]
Event: 1723.980 Thread 0x000002c5bea9d400 20146       3       org.eclipse.jdt.internal.compiler.codegen.OperandStack::peek (11 bytes)
Event: 1723.981 Thread 0x000002c5bea9d400 nmethod 20146 0x000002c5ae00e590 code [0x000002c5ae00e780, 0x000002c5ae00ede8]
Event: 1723.983 Thread 0x000002c5bea9d400 20147       3       org.eclipse.jdt.internal.compiler.lookup.ParameterizedTypeBinding::signature (23 bytes)
Event: 1723.983 Thread 0x000002c5bea9d400 nmethod 20147 0x000002c5ae00f090 code [0x000002c5ae00f240, 0x000002c5ae00f470]

GC Heap History (20 events):
Event: 1717.423 GC heap before
{Heap before GC invocations=1929 (full 4):
 PSYoungGen      total 8704K, used 8372K [0x00000000d5580000, 0x00000000d6180000, 0x0000000100000000)
  eden space 7680K, 100% used [0x00000000d5580000,0x00000000d5d00000,0x00000000d5d00000)
  from space 1024K, 67% used [0x00000000d6080000,0x00000000d612d200,0x00000000d6180000)
  to   space 1024K, 0% used [0x00000000d5f80000,0x00000000d5f80000,0x00000000d6080000)
 ParOldGen       total 913920K, used 552721K [0x0000000080000000, 0x00000000b7c80000, 0x00000000d5580000)
  object space 913920K, 60% used [0x0000000080000000,0x00000000a1bc47c0,0x00000000b7c80000)
 Metaspace       used 89895K, committed 91776K, reserved 1179648K
  class space    used 9377K, committed 10240K, reserved 1048576K
}
Event: 1717.427 GC heap after
{Heap after GC invocations=1929 (full 4):
 PSYoungGen      total 8704K, used 692K [0x00000000d5580000, 0x00000000d6100000, 0x0000000100000000)
  eden space 7680K, 0% used [0x00000000d5580000,0x00000000d5580000,0x00000000d5d00000)
  from space 1024K, 67% used [0x00000000d5f80000,0x00000000d602d200,0x00000000d6080000)
  to   space 512K, 0% used [0x00000000d6080000,0x00000000d6080000,0x00000000d6100000)
 ParOldGen       total 913920K, used 552833K [0x0000000080000000, 0x00000000b7c80000, 0x00000000d5580000)
  object space 913920K, 60% used [0x0000000080000000,0x00000000a1be07c0,0x00000000b7c80000)
 Metaspace       used 89895K, committed 91776K, reserved 1179648K
  class space    used 9377K, committed 10240K, reserved 1048576K
}
Event: 1718.019 GC heap before
{Heap before GC invocations=1930 (full 4):
 PSYoungGen      total 8704K, used 8372K [0x00000000d5580000, 0x00000000d6100000, 0x0000000100000000)
  eden space 7680K, 100% used [0x00000000d5580000,0x00000000d5d00000,0x00000000d5d00000)
  from space 1024K, 67% used [0x00000000d5f80000,0x00000000d602d200,0x00000000d6080000)
  to   space 512K, 0% used [0x00000000d6080000,0x00000000d6080000,0x00000000d6100000)
 ParOldGen       total 913920K, used 552833K [0x0000000080000000, 0x00000000b7c80000, 0x00000000d5580000)
  object space 913920K, 60% used [0x0000000080000000,0x00000000a1be07c0,0x00000000b7c80000)
 Metaspace       used 89907K, committed 91776K, reserved 1179648K
  class space    used 9378K, committed 10240K, reserved 1048576K
}
Event: 1718.067 GC heap after
{Heap after GC invocations=1930 (full 4):
 PSYoungGen      total 4608K, used 506K [0x00000000d5580000, 0x00000000d6b00000, 0x0000000100000000)
  eden space 4096K, 0% used [0x00000000d5580000,0x00000000d5580000,0x00000000d5980000)
  from space 512K, 98% used [0x00000000d6080000,0x00000000d60fe900,0x00000000d6100000)
  to   space 7168K, 0% used [0x00000000d5980000,0x00000000d5980000,0x00000000d6080000)
 ParOldGen       total 913920K, used 558505K [0x0000000080000000, 0x00000000b7c80000, 0x00000000d5580000)
  object space 913920K, 61% used [0x0000000080000000,0x00000000a216a6b0,0x00000000b7c80000)
 Metaspace       used 89907K, committed 91776K, reserved 1179648K
  class space    used 9378K, committed 10240K, reserved 1048576K
}
Event: 1718.129 GC heap before
{Heap before GC invocations=1931 (full 4):
 PSYoungGen      total 4608K, used 4602K [0x00000000d5580000, 0x00000000d6b00000, 0x0000000100000000)
  eden space 4096K, 100% used [0x00000000d5580000,0x00000000d5980000,0x00000000d5980000)
  from space 512K, 98% used [0x00000000d6080000,0x00000000d60fe900,0x00000000d6100000)
  to   space 7168K, 0% used [0x00000000d5980000,0x00000000d5980000,0x00000000d6080000)
 ParOldGen       total 913920K, used 558505K [0x0000000080000000, 0x00000000b7c80000, 0x00000000d5580000)
  object space 913920K, 61% used [0x0000000080000000,0x00000000a216a6b0,0x00000000b7c80000)
 Metaspace       used 89907K, committed 91776K, reserved 1179648K
  class space    used 9378K, committed 10240K, reserved 1048576K
}
Event: 1718.139 GC heap after
{Heap after GC invocations=1931 (full 4):
 PSYoungGen      total 7168K, used 2932K [0x00000000d5580000, 0x00000000d6180000, 0x0000000100000000)
  eden space 4096K, 0% used [0x00000000d5580000,0x00000000d5580000,0x00000000d5980000)
  from space 3072K, 95% used [0x00000000d5980000,0x00000000d5c5d200,0x00000000d5c80000)
  to   space 4096K, 0% used [0x00000000d5d80000,0x00000000d5d80000,0x00000000d6180000)
 ParOldGen       total 913920K, used 558997K [0x0000000080000000, 0x00000000b7c80000, 0x00000000d5580000)
  object space 913920K, 61% used [0x0000000080000000,0x00000000a21e56c0,0x00000000b7c80000)
 Metaspace       used 89907K, committed 91776K, reserved 1179648K
  class space    used 9378K, committed 10240K, reserved 1048576K
}
Event: 1719.004 GC heap before
{Heap before GC invocations=1932 (full 4):
 PSYoungGen      total 7168K, used 7028K [0x00000000d5580000, 0x00000000d6180000, 0x0000000100000000)
  eden space 4096K, 99% used [0x00000000d5580000,0x00000000d597ff98,0x00000000d5980000)
  from space 3072K, 95% used [0x00000000d5980000,0x00000000d5c5d200,0x00000000d5c80000)
  to   space 4096K, 0% used [0x00000000d5d80000,0x00000000d5d80000,0x00000000d6180000)
 ParOldGen       total 913920K, used 558997K [0x0000000080000000, 0x00000000b7c80000, 0x00000000d5580000)
  object space 913920K, 61% used [0x0000000080000000,0x00000000a21e56c0,0x00000000b7c80000)
 Metaspace       used 89929K, committed 91840K, reserved 1179648K
  class space    used 9383K, committed 10240K, reserved 1048576K
}
Event: 1719.021 GC heap after
{Heap after GC invocations=1932 (full 4):
 PSYoungGen      total 4608K, used 160K [0x00000000d5580000, 0x00000000d5e00000, 0x0000000100000000)
  eden space 4096K, 0% used [0x00000000d5580000,0x00000000d5580000,0x00000000d5980000)
  from space 512K, 31% used [0x00000000d5d80000,0x00000000d5da8000,0x00000000d5e00000)
  to   space 1536K, 0% used [0x00000000d5b00000,0x00000000d5b00000,0x00000000d5c80000)
 ParOldGen       total 913920K, used 561586K [0x0000000080000000, 0x00000000b7c80000, 0x00000000d5580000)
  object space 913920K, 61% used [0x0000000080000000,0x00000000a246c8c0,0x00000000b7c80000)
 Metaspace       used 89929K, committed 91840K, reserved 1179648K
  class space    used 9383K, committed 10240K, reserved 1048576K
}
Event: 1722.269 GC heap before
{Heap before GC invocations=1933 (full 4):
 PSYoungGen      total 4608K, used 4256K [0x00000000d5580000, 0x00000000d5e00000, 0x0000000100000000)
  eden space 4096K, 100% used [0x00000000d5580000,0x00000000d5980000,0x00000000d5980000)
  from space 512K, 31% used [0x00000000d5d80000,0x00000000d5da8000,0x00000000d5e00000)
  to   space 1536K, 0% used [0x00000000d5b00000,0x00000000d5b00000,0x00000000d5c80000)
 ParOldGen       total 913920K, used 561586K [0x0000000080000000, 0x00000000b7c80000, 0x00000000d5580000)
  object space 913920K, 61% used [0x0000000080000000,0x00000000a246c8c0,0x00000000b7c80000)
 Metaspace       used 89931K, committed 91840K, reserved 1179648K
  class space    used 9383K, committed 10240K, reserved 1048576K
}
Event: 1722.275 GC heap after
{Heap after GC invocations=1933 (full 4):
 PSYoungGen      total 5632K, used 756K [0x00000000d5580000, 0x00000000d5e00000, 0x0000000100000000)
  eden space 4096K, 0% used [0x00000000d5580000,0x00000000d5580000,0x00000000d5980000)
  from space 1536K, 49% used [0x00000000d5b00000,0x00000000d5bbd200,0x00000000d5c80000)
  to   space 1024K, 0% used [0x00000000d5d00000,0x00000000d5d00000,0x00000000d5e00000)
 ParOldGen       total 913920K, used 561642K [0x0000000080000000, 0x00000000b7c80000, 0x00000000d5580000)
  object space 913920K, 61% used [0x0000000080000000,0x00000000a247a8c0,0x00000000b7c80000)
 Metaspace       used 89931K, committed 91840K, reserved 1179648K
  class space    used 9383K, committed 10240K, reserved 1048576K
}
Event: 1723.011 GC heap before
{Heap before GC invocations=1934 (full 4):
 PSYoungGen      total 5632K, used 4852K [0x00000000d5580000, 0x00000000d5e00000, 0x0000000100000000)
  eden space 4096K, 100% used [0x00000000d5580000,0x00000000d5980000,0x00000000d5980000)
  from space 1536K, 49% used [0x00000000d5b00000,0x00000000d5bbd200,0x00000000d5c80000)
  to   space 1024K, 0% used [0x00000000d5d00000,0x00000000d5d00000,0x00000000d5e00000)
 ParOldGen       total 913920K, used 561642K [0x0000000080000000, 0x00000000b7c80000, 0x00000000d5580000)
  object space 913920K, 61% used [0x0000000080000000,0x00000000a247a8c0,0x00000000b7c80000)
 Metaspace       used 89935K, committed 91840K, reserved 1179648K
  class space    used 9383K, committed 10240K, reserved 1048576K
}
Event: 1723.019 GC heap after
{Heap after GC invocations=1934 (full 4):
 PSYoungGen      total 5120K, used 676K [0x00000000d5580000, 0x00000000d5e00000, 0x0000000100000000)
  eden space 4096K, 0% used [0x00000000d5580000,0x00000000d5580000,0x00000000d5980000)
  from space 1024K, 66% used [0x00000000d5d00000,0x00000000d5da9210,0x00000000d5e00000)
  to   space 1024K, 0% used [0x00000000d5c00000,0x00000000d5c00000,0x00000000d5d00000)
 ParOldGen       total 913920K, used 562235K [0x0000000080000000, 0x00000000b7c80000, 0x00000000d5580000)
  object space 913920K, 61% used [0x0000000080000000,0x00000000a250ee20,0x00000000b7c80000)
 Metaspace       used 89935K, committed 91840K, reserved 1179648K
  class space    used 9383K, committed 10240K, reserved 1048576K
}
Event: 1723.126 GC heap before
{Heap before GC invocations=1935 (full 4):
 PSYoungGen      total 5120K, used 4772K [0x00000000d5580000, 0x00000000d5e00000, 0x0000000100000000)
  eden space 4096K, 99% used [0x00000000d5580000,0x00000000d597fff0,0x00000000d5980000)
  from space 1024K, 66% used [0x00000000d5d00000,0x00000000d5da9210,0x00000000d5e00000)
  to   space 1024K, 0% used [0x00000000d5c00000,0x00000000d5c00000,0x00000000d5d00000)
 ParOldGen       total 913920K, used 562235K [0x0000000080000000, 0x00000000b7c80000, 0x00000000d5580000)
  object space 913920K, 61% used [0x0000000080000000,0x00000000a250ee20,0x00000000b7c80000)
 Metaspace       used 89935K, committed 91840K, reserved 1179648K
  class space    used 9383K, committed 10240K, reserved 1048576K
}
Event: 1723.132 GC heap after
{Heap after GC invocations=1935 (full 4):
 PSYoungGen      total 5120K, used 852K [0x00000000d5580000, 0x00000000d5d80000, 0x0000000100000000)
  eden space 4096K, 0% used [0x00000000d5580000,0x00000000d5580000,0x00000000d5980000)
  from space 1024K, 83% used [0x00000000d5c00000,0x00000000d5cd5220,0x00000000d5d00000)
  to   space 512K, 0% used [0x00000000d5d00000,0x00000000d5d00000,0x00000000d5d80000)
 ParOldGen       total 913920K, used 562792K [0x0000000080000000, 0x00000000b7c80000, 0x00000000d5580000)
  object space 913920K, 61% used [0x0000000080000000,0x00000000a259a0d0,0x00000000b7c80000)
 Metaspace       used 89935K, committed 91840K, reserved 1179648K
  class space    used 9383K, committed 10240K, reserved 1048576K
}
Event: 1723.345 GC heap before
{Heap before GC invocations=1936 (full 4):
 PSYoungGen      total 5120K, used 4948K [0x00000000d5580000, 0x00000000d5d80000, 0x0000000100000000)
  eden space 4096K, 100% used [0x00000000d5580000,0x00000000d5980000,0x00000000d5980000)
  from space 1024K, 83% used [0x00000000d5c00000,0x00000000d5cd5220,0x00000000d5d00000)
  to   space 512K, 0% used [0x00000000d5d00000,0x00000000d5d00000,0x00000000d5d80000)
 ParOldGen       total 913920K, used 562792K [0x0000000080000000, 0x00000000b7c80000, 0x00000000d5580000)
  object space 913920K, 61% used [0x0000000080000000,0x00000000a259a0d0,0x00000000b7c80000)
 Metaspace       used 89942K, committed 91840K, reserved 1179648K
  class space    used 9384K, committed 10240K, reserved 1048576K
}
Event: 1723.357 GC heap after
{Heap after GC invocations=1936 (full 4):
 PSYoungGen      total 4608K, used 512K [0x00000000d5580000, 0x00000000d5d80000, 0x0000000100000000)
  eden space 4096K, 0% used [0x00000000d5580000,0x00000000d5580000,0x00000000d5980000)
  from space 512K, 100% used [0x00000000d5d00000,0x00000000d5d80000,0x00000000d5d80000)
  to   space 2048K, 0% used [0x00000000d5980000,0x00000000d5980000,0x00000000d5b80000)
 ParOldGen       total 913920K, used 563752K [0x0000000080000000, 0x00000000b7c80000, 0x00000000d5580000)
  object space 913920K, 61% used [0x0000000080000000,0x00000000a268a3d0,0x00000000b7c80000)
 Metaspace       used 89942K, committed 91840K, reserved 1179648K
  class space    used 9384K, committed 10240K, reserved 1048576K
}
Event: 1723.646 GC heap before
{Heap before GC invocations=1937 (full 4):
 PSYoungGen      total 4608K, used 4607K [0x00000000d5580000, 0x00000000d5d80000, 0x0000000100000000)
  eden space 4096K, 99% used [0x00000000d5580000,0x00000000d597fff0,0x00000000d5980000)
  from space 512K, 100% used [0x00000000d5d00000,0x00000000d5d80000,0x00000000d5d80000)
  to   space 2048K, 0% used [0x00000000d5980000,0x00000000d5980000,0x00000000d5b80000)
 ParOldGen       total 913920K, used 563752K [0x0000000080000000, 0x00000000b7c80000, 0x00000000d5580000)
  object space 913920K, 61% used [0x0000000080000000,0x00000000a268a3d0,0x00000000b7c80000)
 Metaspace       used 89944K, committed 91840K, reserved 1179648K
  class space    used 9384K, committed 10240K, reserved 1048576K
}
Event: 1723.653 GC heap after
{Heap after GC invocations=1937 (full 4):
 PSYoungGen      total 6144K, used 724K [0x00000000d5580000, 0x00000000d5d80000, 0x0000000100000000)
  eden space 4096K, 0% used [0x00000000d5580000,0x00000000d5580000,0x00000000d5980000)
  from space 2048K, 35% used [0x00000000d5980000,0x00000000d5a35200,0x00000000d5b80000)
  to   space 1024K, 0% used [0x00000000d5c80000,0x00000000d5c80000,0x00000000d5d80000)
 ParOldGen       total 913920K, used 564272K [0x0000000080000000, 0x00000000b7c80000, 0x00000000d5580000)
  object space 913920K, 61% used [0x0000000080000000,0x00000000a270c3d0,0x00000000b7c80000)
 Metaspace       used 89944K, committed 91840K, reserved 1179648K
  class space    used 9384K, committed 10240K, reserved 1048576K
}
Event: 1723.934 GC heap before
{Heap before GC invocations=1938 (full 4):
 PSYoungGen      total 6144K, used 4820K [0x00000000d5580000, 0x00000000d5d80000, 0x0000000100000000)
  eden space 4096K, 100% used [0x00000000d5580000,0x00000000d5980000,0x00000000d5980000)
  from space 2048K, 35% used [0x00000000d5980000,0x00000000d5a35200,0x00000000d5b80000)
  to   space 1024K, 0% used [0x00000000d5c80000,0x00000000d5c80000,0x00000000d5d80000)
 ParOldGen       total 913920K, used 564272K [0x0000000080000000, 0x00000000b7c80000, 0x00000000d5580000)
  object space 913920K, 61% used [0x0000000080000000,0x00000000a270c3d0,0x00000000b7c80000)
 Metaspace       used 89968K, committed 91840K, reserved 1179648K
  class space    used 9386K, committed 10240K, reserved 1048576K
}
Event: 1723.941 GC heap after
{Heap after GC invocations=1938 (full 4):
 PSYoungGen      total 5120K, used 788K [0x00000000d5580000, 0x00000000d5d80000, 0x0000000100000000)
  eden space 4096K, 0% used [0x00000000d5580000,0x00000000d5580000,0x00000000d5980000)
  from space 1024K, 77% used [0x00000000d5c80000,0x00000000d5d45200,0x00000000d5d80000)
  to   space 1024K, 0% used [0x00000000d5b80000,0x00000000d5b80000,0x00000000d5c80000)
 ParOldGen       total 913920K, used 564381K [0x0000000080000000, 0x00000000b7c80000, 0x00000000d5580000)
  object space 913920K, 61% used [0x0000000080000000,0x00000000a2727658,0x00000000b7c80000)
 Metaspace       used 89968K, committed 91840K, reserved 1179648K
  class space    used 9386K, committed 10240K, reserved 1048576K
}

Dll operation events (14 events):
Event: 0.084 Loaded shared library c:\Users\CETECOM\.vscode\extensions\redhat.java-1.47.0-win32-x64\jre\21.0.8-win32-x86_64\bin\java.dll
Event: 0.519 Loaded shared library c:\Users\CETECOM\.vscode\extensions\redhat.java-1.47.0-win32-x64\jre\21.0.8-win32-x86_64\bin\zip.dll
Event: 0.719 Loaded shared library C:\Users\CETECOM\.vscode\extensions\redhat.java-1.47.0-win32-x64\jre\21.0.8-win32-x86_64\bin\instrument.dll
Event: 0.773 Loaded shared library C:\Users\CETECOM\.vscode\extensions\redhat.java-1.47.0-win32-x64\jre\21.0.8-win32-x86_64\bin\net.dll
Event: 0.785 Loaded shared library C:\Users\CETECOM\.vscode\extensions\redhat.java-1.47.0-win32-x64\jre\21.0.8-win32-x86_64\bin\nio.dll
Event: 0.799 Loaded shared library C:\Users\CETECOM\.vscode\extensions\redhat.java-1.47.0-win32-x64\jre\21.0.8-win32-x86_64\bin\zip.dll
Event: 0.962 Loaded shared library C:\Users\CETECOM\.vscode\extensions\redhat.java-1.47.0-win32-x64\jre\21.0.8-win32-x86_64\bin\jimage.dll
Event: 1.984 Loaded shared library c:\Users\CETECOM\.vscode\extensions\redhat.java-1.47.0-win32-x64\jre\21.0.8-win32-x86_64\bin\verify.dll
Event: 14.946 Loaded shared library C:\Users\CETECOM\AppData\Roaming\Code\User\globalStorage\redhat.java\1.47.0\config_win\org.eclipse.equinox.launcher\org.eclipse.equinox.launcher.win32.win32.x86_64_1.2.1400.v20250801-0854\eclipse_11916.dll
Event: 31.625 Loaded shared library C:\Users\CETECOM\.vscode\extensions\redhat.java-1.47.0-win32-x64\jre\21.0.8-win32-x86_64\bin\management.dll
Event: 31.648 Loaded shared library C:\Users\CETECOM\.vscode\extensions\redhat.java-1.47.0-win32-x64\jre\21.0.8-win32-x86_64\bin\management_ext.dll
Event: 46.346 Loaded shared library C:\Users\CETECOM\AppData\Local\Temp\jna-1388314158\jna6287997567375303067.dll
Event: 50.992 Loaded shared library C:\Users\CETECOM\.vscode\extensions\redhat.java-1.47.0-win32-x64\jre\21.0.8-win32-x86_64\bin\sunmscapi.dll
Event: 52.418 Loaded shared library C:\Users\CETECOM\.vscode\extensions\redhat.java-1.47.0-win32-x64\jre\21.0.8-win32-x86_64\bin\extnet.dll

Deoptimization events (20 events):
Event: 1715.710 Thread 0x000002c609465a40 DEOPT PACKING pc=0x000002c5b3e2a800 sp=0x000000fd4d8fe140
Event: 1715.710 Thread 0x000002c609465a40 DEOPT UNPACKING pc=0x000002c5b2773aa2 sp=0x000000fd4d8fe0f8 mode 2
Event: 1715.711 Thread 0x000002c609465a40 Uncommon trap: trap_request=0xffffffbe fr.pc=0x000002c5b3e2a800 relative=0x0000000000001180
Event: 1715.713 Thread 0x000002c609465a40 Uncommon trap: reason=profile_predicate action=maybe_recompile pc=0x000002c5b3e2a800 method=org.eclipse.jdt.internal.compiler.lookup.SplitPackageBinding.combineWithSiblings(Lorg/eclipse/jdt/internal/compiler/lookup/PackageBinding;[CLorg/eclipse/jdt/intern
Event: 1715.713 Thread 0x000002c609465a40 DEOPT PACKING pc=0x000002c5b3e2a800 sp=0x000000fd4d8fe140
Event: 1715.713 Thread 0x000002c609465a40 DEOPT UNPACKING pc=0x000002c5b2773aa2 sp=0x000000fd4d8fe0f8 mode 2
Event: 1715.713 Thread 0x000002c609465a40 Uncommon trap: trap_request=0xffffffbe fr.pc=0x000002c5b3e2a800 relative=0x0000000000001180
Event: 1715.714 Thread 0x000002c609465a40 Uncommon trap: reason=profile_predicate action=maybe_recompile pc=0x000002c5b3e2a800 method=org.eclipse.jdt.internal.compiler.lookup.SplitPackageBinding.combineWithSiblings(Lorg/eclipse/jdt/internal/compiler/lookup/PackageBinding;[CLorg/eclipse/jdt/intern
Event: 1715.714 Thread 0x000002c609465a40 DEOPT PACKING pc=0x000002c5b3e2a800 sp=0x000000fd4d8fe140
Event: 1715.714 Thread 0x000002c609465a40 DEOPT UNPACKING pc=0x000002c5b2773aa2 sp=0x000000fd4d8fe0f8 mode 2
Event: 1716.735 Thread 0x000002c607043e40 Uncommon trap: trap_request=0xffffff45 fr.pc=0x000002c5b3dcdecc relative=0x000000000000092c
Event: 1716.735 Thread 0x000002c607043e40 Uncommon trap: reason=unstable_if action=reinterpret pc=0x000002c5b3dcdecc method=org.eclipse.jdt.internal.compiler.lookup.ModuleBinding$UnNamedModule.canAccess(Lorg/eclipse/jdt/internal/compiler/lookup/PackageBinding;)Z @ 49 c2
Event: 1716.735 Thread 0x000002c607043e40 DEOPT PACKING pc=0x000002c5b3dcdecc sp=0x000000fd4c0fe4e0
Event: 1716.743 Thread 0x000002c607043e40 DEOPT UNPACKING pc=0x000002c5b2773aa2 sp=0x000000fd4c0fe428 mode 2
Event: 1716.747 Thread 0x000002c607043e40 Uncommon trap: trap_request=0xffffff45 fr.pc=0x000002c5b3c55474 relative=0x00000000000003d4
Event: 1716.747 Thread 0x000002c607043e40 Uncommon trap: reason=unstable_if action=reinterpret pc=0x000002c5b3c55474 method=org.eclipse.jdt.internal.compiler.lookup.ModuleBinding$UnNamedModule.canAccess(Lorg/eclipse/jdt/internal/compiler/lookup/PackageBinding;)Z @ 49 c2
Event: 1716.747 Thread 0x000002c607043e40 DEOPT PACKING pc=0x000002c5b3c55474 sp=0x000000fd4c0fe460
Event: 1716.749 Thread 0x000002c607043e40 DEOPT UNPACKING pc=0x000002c5b2773aa2 sp=0x000000fd4c0fe420 mode 2
Event: 1717.950 Thread 0x000002c607042a90 DEOPT PACKING pc=0x000002c5ade694cc sp=0x000000fd49cfda50
Event: 1717.951 Thread 0x000002c607042a90 DEOPT UNPACKING pc=0x000002c5b2774242 sp=0x000000fd49cfd000 mode 0

Classes loaded (20 events):
Event: 239.552 Loading class java/util/concurrent/ScheduledThreadPoolExecutor$DelayedWorkQueue$Itr
Event: 239.553 Loading class java/util/concurrent/ScheduledThreadPoolExecutor$DelayedWorkQueue$Itr done
Event: 245.644 Loading class java/lang/ProcessHandleImpl$ExitCompletion
Event: 245.645 Loading class java/lang/ProcessHandleImpl$ExitCompletion done
Event: 245.651 Loading class java/lang/ProcessHandleImpl$1
Event: 245.655 Loading class java/lang/ProcessHandleImpl$1 done
Event: 245.665 Loading class java/util/concurrent/CompletableFuture$UniHandle
Event: 245.667 Loading class java/util/concurrent/CompletableFuture$UniHandle done
Event: 314.083 Loading class jdk/internal/ref/CleanerImpl$InnocuousThreadFactory
Event: 314.104 Loading class jdk/internal/ref/CleanerImpl$InnocuousThreadFactory done
Event: 329.199 Loading class java/util/Spliterators$IntArraySpliterator
Event: 329.213 Loading class java/util/Spliterators$IntArraySpliterator done
Event: 331.375 Loading class java/io/CharArrayReader
Event: 331.376 Loading class java/io/CharArrayReader done
Event: 331.377 Loading class java/util/regex/Pattern$Bound
Event: 331.378 Loading class java/util/regex/Pattern$Bound done
Event: 428.259 Loading class java/nio/BufferMismatch
Event: 428.260 Loading class java/nio/BufferMismatch done
Event: 516.171 Loading class java/util/Collections$EmptyListIterator
Event: 516.173 Loading class java/util/Collections$EmptyListIterator done

Classes unloaded (20 events):
Event: 344.014 Thread 0x000002c5a80afbe0 Unloading class 0x000002c5c07eece0 'org/apache/maven/shared/filtering/MavenReaderFilterRequest'
Event: 344.014 Thread 0x000002c5a80afbe0 Unloading class 0x000002c5c07ee9c8 'org/apache/maven/shared/filtering/MavenFileFilterRequest'
Event: 344.014 Thread 0x000002c5a80afbe0 Unloading class 0x000002c5c07ee7c8 'org/codehaus/plexus/interpolation/Interpolator'
Event: 344.014 Thread 0x000002c5a80afbe0 Unloading class 0x000002c5c07ee5c8 'org/codehaus/plexus/interpolation/BasicInterpolator'
Event: 344.014 Thread 0x000002c5a80afbe0 Unloading class 0x000002c5c07ee3c8 'org/codehaus/plexus/interpolation/ValueSource'
Event: 344.014 Thread 0x000002c5a80afbe0 Unloading class 0x000002c5c07ee000 'org/apache/maven/shared/filtering/MavenResourcesExecution'
Event: 344.014 Thread 0x000002c5a80afbe0 Unloading class 0x000002c5c07edcd8 'org/apache/maven/shared/filtering/AbstractMavenFilteringRequest'
Event: 344.015 Thread 0x000002c5a80afbe0 Unloading class 0x000002c5c07eda78 'org/apache/maven/shared/filtering/MavenFilteringException'
Event: 344.015 Thread 0x000002c5a80afbe0 Unloading class 0x000002c5c07ed828 'org/apache/maven/shared/filtering/DefaultMavenResourcesFiltering'
Event: 344.015 Thread 0x000002c5a80afbe0 Unloading class 0x000002c5c07ed628 'org/apache/maven/shared/filtering/MavenResourcesFiltering'
Event: 344.015 Thread 0x000002c5a80afbe0 Unloading class 0x000002c5c07ed398 'org/apache/maven/shared/filtering/DefaultMavenReaderFilter'
Event: 344.015 Thread 0x000002c5a80afbe0 Unloading class 0x000002c5c07ed198 'org/apache/maven/shared/filtering/MavenReaderFilter'
Event: 344.016 Thread 0x000002c5a80afbe0 Unloading class 0x000002c5c07ecef8 'org/apache/maven/shared/filtering/DefaultMavenFileFilter'
Event: 344.016 Thread 0x000002c5a80afbe0 Unloading class 0x000002c5c07ecca8 'org/apache/maven/shared/filtering/BaseFilter'
Event: 344.016 Thread 0x000002c5a80afbe0 Unloading class 0x000002c5c07ecaa8 'org/apache/maven/shared/filtering/MavenFileFilter'
Event: 344.016 Thread 0x000002c5a80afbe0 Unloading class 0x000002c5c07ec8a8 'org/apache/maven/shared/filtering/DefaultFilterInfo'
Event: 344.016 Thread 0x000002c5a80afbe0 Unloading class 0x000002c5c07ec598 'org/apache/maven/plugins/resources/TestResourcesMojo'
Event: 344.016 Thread 0x000002c5a80afbe0 Unloading class 0x000002c5c07ec310 'org/apache/maven/plugins/maven_resources_plugin/HelpMojo'
Event: 344.016 Thread 0x000002c5a80afbe0 Unloading class 0x000002c5c07ec000 'org/apache/maven/plugins/resources/CopyResourcesMojo'
Event: 344.016 Thread 0x000002c5a80afbe0 Unloading class 0x000002c5c07e1400 'org/apache/maven/plugins/resources/ResourcesMojo'

Classes redefined (0 events):
No events

Internal exceptions (20 events):
Event: 517.219 Thread 0x000002c6076d7920 Exception <a 'java/lang/ClassNotFoundException'{0x00000000d55f7630}: sun/net/www/protocol/jdt/Handler> (0x00000000d55f7630) 
thrown [s\src\hotspot\share\classfile\systemDictionary.cpp, line 312]
Event: 517.222 Thread 0x000002c6076d7920 Exception <a 'java/lang/ClassNotFoundException'{0x00000000d55f9d00}: sun/net/www/protocol/jdt/Handler> (0x00000000d55f9d00) 
thrown [s\src\hotspot\share\classfile\systemDictionary.cpp, line 312]
Event: 517.224 Thread 0x000002c6076d7920 Exception <a 'java/lang/ClassNotFoundException'{0x00000000d55fcc70}: sun/net/www/protocol/jdt/Handler> (0x00000000d55fcc70) 
thrown [s\src\hotspot\share\classfile\systemDictionary.cpp, line 312]
Event: 517.225 Thread 0x000002c6076d7920 Exception <a 'java/lang/ClassNotFoundException'{0x00000000d55ff3a8}: sun/net/www/protocol/jdt/Handler> (0x00000000d55ff3a8) 
thrown [s\src\hotspot\share\classfile\systemDictionary.cpp, line 312]
Event: 517.226 Thread 0x000002c6076d7920 Exception <a 'java/lang/ClassNotFoundException'{0x00000000d5604d80}: sun/net/www/protocol/jdt/Handler> (0x00000000d5604d80) 
thrown [s\src\hotspot\share\classfile\systemDictionary.cpp, line 312]
Event: 517.226 Thread 0x000002c6076d7920 Exception <a 'java/lang/ClassNotFoundException'{0x00000000d56077f8}: sun/net/www/protocol/jdt/Handler> (0x00000000d56077f8) 
thrown [s\src\hotspot\share\classfile\systemDictionary.cpp, line 312]
Event: 517.227 Thread 0x000002c6076d7920 Exception <a 'java/lang/ClassNotFoundException'{0x00000000d560a290}: sun/net/www/protocol/jdt/Handler> (0x00000000d560a290) 
thrown [s\src\hotspot\share\classfile\systemDictionary.cpp, line 312]
Event: 517.228 Thread 0x000002c6076d7920 Exception <a 'java/lang/ClassNotFoundException'{0x00000000d560cd70}: sun/net/www/protocol/jdt/Handler> (0x00000000d560cd70) 
thrown [s\src\hotspot\share\classfile\systemDictionary.cpp, line 312]
Event: 517.228 Thread 0x000002c6076d7920 Exception <a 'java/lang/ClassNotFoundException'{0x00000000d560f828}: sun/net/www/protocol/jdt/Handler> (0x00000000d560f828) 
thrown [s\src\hotspot\share\classfile\systemDictionary.cpp, line 312]
Event: 623.750 Thread 0x000002c6076d8cd0 Implicit null exception at 0x000002c5b3b44c8f to 0x000002c5b3b45394
Event: 666.455 Thread 0x000002c601c36960 Exception <a 'sun/nio/fs/WindowsException'{0x00000000d57a3638}> (0x00000000d57a3638) 
thrown [s\src\hotspot\share\prims\jni.cpp, line 520]
Event: 668.426 Thread 0x000002c601c36960 Exception <a 'sun/nio/fs/WindowsException'{0x00000000d56be850}> (0x00000000d56be850) 
thrown [s\src\hotspot\share\prims\jni.cpp, line 520]
Event: 668.499 Thread 0x000002c601c36960 Implicit null exception at 0x000002c5b361ce06 to 0x000002c5b361cf80
Event: 720.305 Thread 0x000002c607861b90 Exception <a 'sun/nio/fs/WindowsException'{0x00000000d56a82e0}> (0x00000000d56a82e0) 
thrown [s\src\hotspot\share\prims\jni.cpp, line 520]
Event: 720.306 Thread 0x000002c607861b90 Exception <a 'sun/nio/fs/WindowsException'{0x00000000d56a8de0}> (0x00000000d56a8de0) 
thrown [s\src\hotspot\share\prims\jni.cpp, line 520]
Event: 1682.201 Thread 0x000002c607042a90 Exception <a 'java/lang/ArrayIndexOutOfBoundsException'{0x00000000d56c1d48}: Index 92 out of bounds for length 92> (0x00000000d56c1d48) 
thrown [s\src\hotspot\share\interpreter\interpreterRuntime.cpp, line 439]
Event: 1684.435 Thread 0x000002c607042a90 Exception <a 'java/lang/ArrayIndexOutOfBoundsException'{0x00000000d5647878}: Index 92 out of bounds for length 92> (0x00000000d5647878) 
thrown [s\src\hotspot\share\interpreter\interpreterRuntime.cpp, line 439]
Event: 1691.463 Thread 0x000002c601c36960 Exception <a 'sun/nio/fs/WindowsException'{0x00000000d55dce30}> (0x00000000d55dce30) 
thrown [s\src\hotspot\share\prims\jni.cpp, line 520]
Event: 1692.026 Thread 0x000002c601c36960 Exception <a 'sun/nio/fs/WindowsException'{0x00000000d5810ae0}> (0x00000000d5810ae0) 
thrown [s\src\hotspot\share\prims\jni.cpp, line 520]
Event: 1692.468 Thread 0x000002c607043120 Exception <a 'java/lang/NoSuchMethodError'{0x00000000d5c06508}: 'void java.lang.invoke.DirectMethodHandle$Holder.invokeVirtual(java.lang.Object, java.lang.Object, java.lang.Object, java.lang.Object, java.lang.Object)'> (0x00000000d5c06508) 
thrown [s\src\hotspot\share\interpreter\linkResolver.cpp, line 773]

ZGC Phase Switch (0 events):
No events

VM Operations (20 events):
Event: 1718.128 Executing VM operation: ParallelGCFailedAllocation (Allocation Failure)
Event: 1718.139 Executing VM operation: ParallelGCFailedAllocation (Allocation Failure) done
Event: 1719.004 Executing VM operation: ParallelGCFailedAllocation (Allocation Failure)
Event: 1719.021 Executing VM operation: ParallelGCFailedAllocation (Allocation Failure) done
Event: 1721.039 Executing VM operation: Cleanup
Event: 1721.039 Executing VM operation: Cleanup done
Event: 1722.050 Executing VM operation: Cleanup
Event: 1722.050 Executing VM operation: Cleanup done
Event: 1722.269 Executing VM operation: ParallelGCFailedAllocation (Allocation Failure)
Event: 1722.275 Executing VM operation: ParallelGCFailedAllocation (Allocation Failure) done
Event: 1723.010 Executing VM operation: ParallelGCFailedAllocation (Allocation Failure)
Event: 1723.019 Executing VM operation: ParallelGCFailedAllocation (Allocation Failure) done
Event: 1723.126 Executing VM operation: ParallelGCFailedAllocation (Allocation Failure)
Event: 1723.132 Executing VM operation: ParallelGCFailedAllocation (Allocation Failure) done
Event: 1723.345 Executing VM operation: ParallelGCFailedAllocation (Allocation Failure)
Event: 1723.357 Executing VM operation: ParallelGCFailedAllocation (Allocation Failure) done
Event: 1723.646 Executing VM operation: ParallelGCFailedAllocation (Allocation Failure)
Event: 1723.653 Executing VM operation: ParallelGCFailedAllocation (Allocation Failure) done
Event: 1723.933 Executing VM operation: ParallelGCFailedAllocation (Allocation Failure)
Event: 1723.941 Executing VM operation: ParallelGCFailedAllocation (Allocation Failure) done

Memory protections (0 events):
No events

Nmethod flushes (20 events):
Event: 346.907 Thread 0x000002c5a80afbe0 flushing  nmethod 0x000002c5ac4c8f90
Event: 346.907 Thread 0x000002c5a80afbe0 flushing  nmethod 0x000002c5ac4ca610
Event: 346.907 Thread 0x000002c5a80afbe0 flushing  nmethod 0x000002c5ac4cfb90
Event: 346.907 Thread 0x000002c5a80afbe0 flushing  nmethod 0x000002c5ac4ed290
Event: 346.908 Thread 0x000002c5a80afbe0 flushing  nmethod 0x000002c5ac4ef790
Event: 346.908 Thread 0x000002c5a80afbe0 flushing  nmethod 0x000002c5ac4f1c90
Event: 346.908 Thread 0x000002c5a80afbe0 flushing  nmethod 0x000002c5ac4f8010
Event: 346.908 Thread 0x000002c5a80afbe0 flushing  nmethod 0x000002c5ac4f9890
Event: 346.908 Thread 0x000002c5a80afbe0 flushing  nmethod 0x000002c5ac4fc190
Event: 346.908 Thread 0x000002c5a80afbe0 flushing  nmethod 0x000002c5ac505d10
Event: 346.908 Thread 0x000002c5a80afbe0 flushing  nmethod 0x000002c5ac509690
Event: 346.908 Thread 0x000002c5a80afbe0 flushing  nmethod 0x000002c5ac514410
Event: 346.908 Thread 0x000002c5a80afbe0 flushing  nmethod 0x000002c5ac526f10
Event: 346.908 Thread 0x000002c5a80afbe0 flushing  nmethod 0x000002c5ac531e90
Event: 346.908 Thread 0x000002c5a80afbe0 flushing  nmethod 0x000002c5ac533990
Event: 346.909 Thread 0x000002c5a80afbe0 flushing  nmethod 0x000002c5ac535610
Event: 346.909 Thread 0x000002c5a80afbe0 flushing  nmethod 0x000002c5acad5390
Event: 346.909 Thread 0x000002c5a80afbe0 flushing  nmethod 0x000002c5acad5890
Event: 346.909 Thread 0x000002c5a80afbe0 flushing  nmethod 0x000002c5acad7290
Event: 346.909 Thread 0x000002c5a80afbe0 flushing  nmethod 0x000002c5acae0510

Events (20 events):
Event: 1255.546 Thread 0x000002c601af1f70 Thread added: 0x000002c607045f10
Event: 1255.677 Thread 0x000002c607045f10 Thread added: 0x000002c607046c30
Event: 1322.053 Thread 0x000002c607045f10 Thread exited: 0x000002c607045f10
Event: 1382.061 Thread 0x000002c607046c30 Thread exited: 0x000002c607046c30
Event: 1671.737 Thread 0x000002c601af1f70 Thread added: 0x000002c6070472c0
Event: 1672.985 Thread 0x000002c6070472c0 Thread added: 0x000002c6070416e0
Event: 1673.359 Thread 0x000002c601af1f70 Thread added: 0x000002c607042a90
Event: 1675.439 Thread 0x000002c6070416e0 Thread added: 0x000002c607041d70
Event: 1675.462 Thread 0x000002c601af1f70 Thread added: 0x000002c607048670
Event: 1675.476 Thread 0x000002c601af1f70 Thread added: 0x000002c607047950
Event: 1675.478 Thread 0x000002c607047950 Thread added: 0x000002c607043e40
Event: 1682.429 Thread 0x000002c607861b90 Thread added: 0x000002c607047fe0
Event: 1691.399 Thread 0x000002c607047fe0 Thread added: 0x000002c607046c30
Event: 1691.823 Thread 0x000002c607046c30 Thread added: 0x000002c6070444d0
Event: 1692.031 Thread 0x000002c607046c30 Thread added: 0x000002c607043120
Event: 1692.091 Thread 0x000002c607046c30 Thread added: 0x000002c607044b60
Event: 1692.093 Thread 0x000002c607046c30 Thread added: 0x000002c607045f10
Event: 1692.095 Thread 0x000002c607046c30 Thread added: 0x000002c6094660d0
Event: 1692.097 Thread 0x000002c607046c30 Thread added: 0x000002c609464d20
Event: 1693.597 Thread 0x000002c6070465a0 Thread added: 0x000002c609465a40


Dynamic libraries:
0x00007ff742520000 - 0x00007ff74252e000 	c:\Users\CETECOM\.vscode\extensions\redhat.java-1.47.0-win32-x64\jre\21.0.8-win32-x86_64\bin\java.exe
0x00007ff82ae10000 - 0x00007ff82b008000 	C:\WINDOWS\SYSTEM32\ntdll.dll
0x00007ff829b80000 - 0x00007ff829c42000 	C:\WINDOWS\System32\KERNEL32.DLL
0x00007ff8286f0000 - 0x00007ff8289e6000 	C:\WINDOWS\System32\KERNELBASE.dll
0x00007ff8285f0000 - 0x00007ff8286f0000 	C:\WINDOWS\System32\ucrtbase.dll
0x00007ff805ef0000 - 0x00007ff805f0e000 	c:\Users\CETECOM\.vscode\extensions\redhat.java-1.47.0-win32-x64\jre\21.0.8-win32-x86_64\bin\VCRUNTIME140.dll
0x00007ffff57c0000 - 0x00007ffff57d8000 	c:\Users\CETECOM\.vscode\extensions\redhat.java-1.47.0-win32-x64\jre\21.0.8-win32-x86_64\bin\jli.dll
0x00007ff82a780000 - 0x00007ff82a921000 	C:\WINDOWS\System32\USER32.dll
0x00007ff828d50000 - 0x00007ff828d72000 	C:\WINDOWS\System32\win32u.dll
0x00007ff829150000 - 0x00007ff82917b000 	C:\WINDOWS\System32\GDI32.dll
0x00007ff8284a0000 - 0x00007ff8285b9000 	C:\WINDOWS\System32\gdi32full.dll
0x00007ff828a80000 - 0x00007ff828b1d000 	C:\WINDOWS\System32\msvcp_win.dll
0x00007ff8155f0000 - 0x00007ff81588b000 	C:\WINDOWS\WinSxS\amd64_microsoft.windows.common-controls_6595b64144ccf1df_6.0.19041.6456_none_60b8a6cb71f64256\COMCTL32.dll
0x00007ff82aba0000 - 0x00007ff82ac3e000 	C:\WINDOWS\System32\msvcrt.dll
0x00007ff829000000 - 0x00007ff82902f000 	C:\WINDOWS\System32\IMM32.DLL
0x00007ff806060000 - 0x00007ff80606c000 	c:\Users\CETECOM\.vscode\extensions\redhat.java-1.47.0-win32-x64\jre\21.0.8-win32-x86_64\bin\vcruntime140_1.dll
0x00007fffe7c50000 - 0x00007fffe7cdd000 	c:\Users\CETECOM\.vscode\extensions\redhat.java-1.47.0-win32-x64\jre\21.0.8-win32-x86_64\bin\msvcp140.dll
0x00007fffe2b80000 - 0x00007fffe3917000 	c:\Users\CETECOM\.vscode\extensions\redhat.java-1.47.0-win32-x64\jre\21.0.8-win32-x86_64\bin\server\jvm.dll
0x00007ff829180000 - 0x00007ff829231000 	C:\WINDOWS\System32\ADVAPI32.dll
0x00007ff82a6e0000 - 0x00007ff82a77f000 	C:\WINDOWS\System32\sechost.dll
0x00007ff8292f0000 - 0x00007ff829410000 	C:\WINDOWS\System32\RPCRT4.dll
0x00007ff8285c0000 - 0x00007ff8285e7000 	C:\WINDOWS\System32\bcrypt.dll
0x00007ff829c50000 - 0x00007ff829cbb000 	C:\WINDOWS\System32\WS2_32.dll
0x00007ff828250000 - 0x00007ff82829b000 	C:\WINDOWS\SYSTEM32\POWRPROF.dll
0x00007ff81d360000 - 0x00007ff81d387000 	C:\WINDOWS\SYSTEM32\WINMM.dll
0x00007ff81d350000 - 0x00007ff81d35a000 	C:\WINDOWS\SYSTEM32\VERSION.dll
0x00007ff828230000 - 0x00007ff828242000 	C:\WINDOWS\SYSTEM32\UMPDC.dll
0x00007ff8262d0000 - 0x00007ff8262e2000 	C:\WINDOWS\SYSTEM32\kernel.appcore.dll
0x00007ff805ee0000 - 0x00007ff805eea000 	c:\Users\CETECOM\.vscode\extensions\redhat.java-1.47.0-win32-x64\jre\21.0.8-win32-x86_64\bin\jimage.dll
0x00007ff81c840000 - 0x00007ff81ca41000 	C:\WINDOWS\SYSTEM32\DBGHELP.DLL
0x00007ff814a70000 - 0x00007ff814aa4000 	C:\WINDOWS\SYSTEM32\dbgcore.DLL
0x00007ff8289f0000 - 0x00007ff828a72000 	C:\WINDOWS\System32\bcryptPrimitives.dll
0x00007ff805eb0000 - 0x00007ff805ebf000 	c:\Users\CETECOM\.vscode\extensions\redhat.java-1.47.0-win32-x64\jre\21.0.8-win32-x86_64\bin\instrument.dll
0x00007fffea9f0000 - 0x00007fffeaa0f000 	c:\Users\CETECOM\.vscode\extensions\redhat.java-1.47.0-win32-x64\jre\21.0.8-win32-x86_64\bin\java.dll
0x00007ff829410000 - 0x00007ff829b80000 	C:\WINDOWS\System32\SHELL32.dll
0x00007ff8264d0000 - 0x00007ff826c75000 	C:\WINDOWS\SYSTEM32\windows.storage.dll
0x00007ff82a2a0000 - 0x00007ff82a5f4000 	C:\WINDOWS\System32\combase.dll
0x00007ff827d10000 - 0x00007ff827d3b000 	C:\WINDOWS\SYSTEM32\Wldp.dll
0x00007ff829ce0000 - 0x00007ff829dad000 	C:\WINDOWS\System32\OLEAUT32.dll
0x00007ff829240000 - 0x00007ff8292ed000 	C:\WINDOWS\System32\SHCORE.dll
0x00007ff82ab40000 - 0x00007ff82ab9b000 	C:\WINDOWS\System32\shlwapi.dll
0x00007ff8283d0000 - 0x00007ff8283f4000 	C:\WINDOWS\SYSTEM32\profapi.dll
0x00007fffe9d50000 - 0x00007fffe9d68000 	c:\Users\CETECOM\.vscode\extensions\redhat.java-1.47.0-win32-x64\jre\21.0.8-win32-x86_64\bin\zip.dll
0x00007ff805e80000 - 0x00007ff805e90000 	C:\Users\CETECOM\.vscode\extensions\redhat.java-1.47.0-win32-x64\jre\21.0.8-win32-x86_64\bin\net.dll
0x00007ff8211b0000 - 0x00007ff8212ba000 	C:\WINDOWS\SYSTEM32\WINHTTP.dll
0x00007ff827af0000 - 0x00007ff827b5a000 	C:\WINDOWS\system32\mswsock.dll
0x00007fffe9d30000 - 0x00007fffe9d46000 	C:\Users\CETECOM\.vscode\extensions\redhat.java-1.47.0-win32-x64\jre\21.0.8-win32-x86_64\bin\nio.dll
0x00007ff814610000 - 0x00007ff814620000 	c:\Users\CETECOM\.vscode\extensions\redhat.java-1.47.0-win32-x64\jre\21.0.8-win32-x86_64\bin\verify.dll
0x00007fffe7c00000 - 0x00007fffe7c44000 	C:\Users\CETECOM\AppData\Roaming\Code\User\globalStorage\redhat.java\1.47.0\config_win\org.eclipse.equinox.launcher\org.eclipse.equinox.launcher.win32.win32.x86_64_1.2.1400.v20250801-0854\eclipse_11916.dll
0x00007ff82aca0000 - 0x00007ff82adcb000 	C:\WINDOWS\System32\ole32.dll
0x00007ff814600000 - 0x00007ff81460a000 	C:\Users\CETECOM\.vscode\extensions\redhat.java-1.47.0-win32-x64\jre\21.0.8-win32-x86_64\bin\management.dll
0x00007ff8145f0000 - 0x00007ff8145fb000 	C:\Users\CETECOM\.vscode\extensions\redhat.java-1.47.0-win32-x64\jre\21.0.8-win32-x86_64\bin\management_ext.dll
0x00007ff829cd0000 - 0x00007ff829cd8000 	C:\WINDOWS\System32\PSAPI.DLL
0x00007ff827d50000 - 0x00007ff827d68000 	C:\WINDOWS\SYSTEM32\CRYPTSP.dll
0x00007ff827430000 - 0x00007ff827468000 	C:\WINDOWS\system32\rsaenh.dll
0x00007ff828350000 - 0x00007ff82837e000 	C:\WINDOWS\SYSTEM32\USERENV.dll
0x00007ff827c80000 - 0x00007ff827c8c000 	C:\WINDOWS\SYSTEM32\CRYPTBASE.dll
0x00007ff8277f0000 - 0x00007ff82782b000 	C:\WINDOWS\SYSTEM32\IPHLPAPI.DLL
0x00007ff8290b0000 - 0x00007ff8290b8000 	C:\WINDOWS\System32\NSI.dll
0x00007fffe7b60000 - 0x00007fffe7ba9000 	C:\Users\CETECOM\AppData\Local\Temp\jna-1388314158\jna6287997567375303067.dll
0x00007ff821410000 - 0x00007ff821427000 	C:\WINDOWS\SYSTEM32\dhcpcsvc6.DLL
0x00007ff821680000 - 0x00007ff82169d000 	C:\WINDOWS\SYSTEM32\dhcpcsvc.DLL
0x00007ff8145e0000 - 0x00007ff8145ee000 	C:\Users\CETECOM\.vscode\extensions\redhat.java-1.47.0-win32-x64\jre\21.0.8-win32-x86_64\bin\sunmscapi.dll
0x00007ff828b20000 - 0x00007ff828c7d000 	C:\WINDOWS\System32\CRYPT32.dll
0x00007ff827ed0000 - 0x00007ff827ef7000 	C:\WINDOWS\SYSTEM32\ncrypt.dll
0x00007ff827e90000 - 0x00007ff827ecb000 	C:\WINDOWS\SYSTEM32\NTASN1.dll
0x00007ff827830000 - 0x00007ff8278fa000 	C:\WINDOWS\SYSTEM32\DNSAPI.dll
0x00007ff813800000 - 0x00007ff81380a000 	C:\Windows\System32\rasadhlp.dll
0x00007ff81d990000 - 0x00007ff81da10000 	C:\WINDOWS\System32\fwpuclnt.dll
0x00007ff8200b0000 - 0x00007ff8200b9000 	C:\Users\CETECOM\.vscode\extensions\redhat.java-1.47.0-win32-x64\jre\21.0.8-win32-x86_64\bin\extnet.dll

JVMTI agents:
c:\Users\CETECOM\.vscode\extensions\redhat.java-1.47.0-win32-x64\lombok\lombok-1.18.39-4050.jar path:c:\Users\CETECOM\.vscode\extensions\redhat.java-1.47.0-win32-x64\jre\21.0.8-win32-x86_64\bin\instrument.dll, loaded, initialized, instrumentlib options:none

dbghelp: loaded successfully - version: 4.0.5 - missing functions: none
symbol engine: initialized successfully - sym options: 0x614 - pdb path: .;c:\Users\CETECOM\.vscode\extensions\redhat.java-1.47.0-win32-x64\jre\21.0.8-win32-x86_64\bin;C:\WINDOWS\SYSTEM32;C:\WINDOWS\WinSxS\amd64_microsoft.windows.common-controls_6595b64144ccf1df_6.0.19041.6456_none_60b8a6cb71f64256;c:\Users\CETECOM\.vscode\extensions\redhat.java-1.47.0-win32-x64\jre\21.0.8-win32-x86_64\bin\server;C:\Users\CETECOM\AppData\Roaming\Code\User\globalStorage\redhat.java\1.47.0\config_win\org.eclipse.equinox.launcher\org.eclipse.equinox.launcher.win32.win32.x86_64_1.2.1400.v20250801-0854;C:\Users\CETECOM\AppData\Local\Temp\jna-1388314158

VM Arguments:
jvm_args: --add-modules=ALL-SYSTEM --add-opens=java.base/java.util=ALL-UNNAMED --add-opens=java.base/java.lang=ALL-UNNAMED --add-opens=java.base/sun.nio.fs=ALL-UNNAMED -Declipse.application=org.eclipse.jdt.ls.core.id1 -Dosgi.bundles.defaultStartLevel=4 -Declipse.product=org.eclipse.jdt.ls.core.product -Djava.import.generatesMetadataFilesAtProjectRoot=false -DDetectVMInstallationsJob.disabled=true -Dfile.encoding=utf8 -XX:+UseParallelGC -XX:GCTimeRatio=4 -XX:AdaptiveSizePolicyWeight=90 -Dsun.zip.disableMemoryMapping=true -Xmx2G -Xms100m -Xlog:disable -javaagent:c:\Users\CETECOM\.vscode\extensions\redhat.java-1.47.0-win32-x64\lombok\lombok-1.18.39-4050.jar -XX:+HeapDumpOnOutOfMemoryError -XX:HeapDumpPath=c:\Users\CETECOM\AppData\Roaming\Code\User\workspaceStorage\438abb12451724bc9da75856e9f568c6\redhat.java -Daether.dependencyCollector.impl=bf 
java_command: c:\Users\CETECOM\.vscode\extensions\redhat.java-1.47.0-win32-x64\server\plugins\org.eclipse.equinox.launcher_1.7.100.v20251014-1222.jar -configuration c:\Users\CETECOM\AppData\Roaming\Code\User\globalStorage\redhat.java\1.47.0\config_win -data c:\Users\CETECOM\AppData\Roaming\Code\User\workspaceStorage\438abb12451724bc9da75856e9f568c6\redhat.java\jdt_ws --pipe=\\.\pipe\lsp-3221361d37ba1fb1d69ae3d05a4bd110-sock
java_class_path (initial): c:\Users\CETECOM\.vscode\extensions\redhat.java-1.47.0-win32-x64\server\plugins\org.eclipse.equinox.launcher_1.7.100.v20251014-1222.jar
Launcher Type: SUN_STANDARD

[Global flags]
    uintx AdaptiveSizePolicyWeight                 = 90                                        {product} {command line}
     intx CICompilerCount                          = 4                                         {product} {ergonomic}
    uintx GCTimeRatio                              = 4                                         {product} {command line}
     bool HeapDumpOnOutOfMemoryError               = true                                   {manageable} {command line}
    ccstr HeapDumpPath                             = c:\Users\CETECOM\AppData\Roaming\Code\User\workspaceStorage\438abb12451724bc9da75856e9f568c6\redhat.java         {manageable} {command line}
   size_t InitialHeapSize                          = 104857600                                 {product} {command line}
   size_t MaxHeapSize                              = 2147483648                                {product} {command line}
   size_t MaxNewSize                               = 715653120                                 {product} {ergonomic}
   size_t MinHeapDeltaBytes                        = 524288                                    {product} {ergonomic}
   size_t MinHeapSize                              = 104857600                                 {product} {command line}
   size_t NewSize                                  = 34603008                                  {product} {ergonomic}
    uintx NonNMethodCodeHeapSize                   = 5839372                                {pd product} {ergonomic}
    uintx NonProfiledCodeHeapSize                  = 122909434                              {pd product} {ergonomic}
   size_t OldSize                                  = 70254592                                  {product} {ergonomic}
    uintx ProfiledCodeHeapSize                     = 122909434                              {pd product} {ergonomic}
    uintx ReservedCodeCacheSize                    = 251658240                              {pd product} {ergonomic}
     bool SegmentedCodeCache                       = true                                      {product} {ergonomic}
   size_t SoftMaxHeapSize                          = 2147483648                             {manageable} {ergonomic}
     bool UseCompressedOops                        = true                           {product lp64_product} {ergonomic}
     bool UseLargePagesIndividualAllocation        = false                                  {pd product} {ergonomic}
     bool UseParallelGC                            = true                                      {product} {command line}

Logging:
Log output configuration:
 #0: stdout all=off uptime,level,tags foldmultilines=false
 #1: stderr all=off uptime,level,tags foldmultilines=false

Environment Variables:
PATH=C:\Program Files\Git\mingw64\bin;C:\Program Files\Git\usr\bin;C:\Users\CETECOM\bin;C:\Program Files\Common Files\Oracle\Java\javapath;C:\app\CETECOM\product\21c\dbhomeXE\bin;C:\WINDOWS\system32;C:\WINDOWS;C:\WINDOWS\System32\Wbem;C:\WINDOWS\System32\WindowsPowerShell\v1.0;C:\WINDOWS\System32\OpenSSH;C:\Program Files\WezTerm;C:\Program Files\Git\cmd;C:\Users\CETECOM\AppData\Local\Microsoft\WindowsApps;C:\Users\CETECOM\AppData\Local\Programs\Microsoft VS Code\bin
USERNAME=CETECOM
TERM=xterm-256color
OS=Windows_NT
PROCESSOR_IDENTIFIER=AMD64 Family 23 Model 24 Stepping 1, AuthenticAMD
TMP=C:\Users\CETECOM\AppData\Local\Temp
TEMP=C:\Users\CETECOM\AppData\Local\Temp




Periodic native trim disabled

---------------  S Y S T E M  ---------------

OS:
 Windows 10 , 64 bit Build 19041 (10.0.19041.5915)
OS uptime: 12 days 13:25 hours
Hyper-V role detected

CPU: total 8 (initial active 8) (8 cores per cpu, 2 threads per core) family 23 model 24 stepping 1 microcode 0x0, cx8, cmov, fxsr, ht, mmx, 3dnowpref, sse, sse2, sse3, ssse3, sse4a, sse4.1, sse4.2, popcnt, lzcnt, tsc, tscinvbit, avx, avx2, aes, clmul, bmi1, bmi2, adx, sha, fma, vzeroupper, clflush, clflushopt, hv, rdtscp, f16c
Processor Information for the first 8 processors :
  Max Mhz: 2100, Current Mhz: 2100, Mhz Limit: 2100

Memory: 4k page, system-wide physical 6030M (172M free)
TotalPageFile size 24462M (AvailPageFile size 1M)
current process WorkingSet (physical memory assigned to process): 255M, peak: 433M
current process commit charge ("private bytes"): 1263M, peak: 1279M

vm_info: OpenJDK 64-Bit Server VM (21.0.8+9-LTS) for windows-amd64 JRE (21.0.8+9-LTS), built on 2025-07-15T00:00:00Z by "admin" with MS VC++ 17.7 (VS2022)

END.
