#
# There is insufficient memory for the Java Runtime Environment to continue.
# Native memory allocation (malloc) failed to allocate 1048576 bytes. Error detail: AllocateHeap
# Possible reasons:
#   The system is out of physical RAM or swap space
#   This process is running with CompressedOops enabled, and the Java Heap may be blocking the growth of the native heap
# Possible solutions:
#   Reduce memory load on the system
#   Increase physical memory or swap space
#   Check if swap backing store is full
#   Decrease Java heap size (-Xmx/-Xms)
#   Decrease number of Java threads
#   Decrease Java thread stack sizes (-Xss)
#   Set larger code cache with -XX:ReservedCodeCacheSize=
#   JVM is running with Unscaled Compressed Oops mode in which the Java heap is
#     placed in the first 4GB address space. The Java Heap base address is the
#     maximum limit for the native heap growth. Please use -XX:HeapBaseMinAddress
#     to set the Java Heap base and to place the Java Heap above 4GB virtual address.
# This output file may be truncated or incomplete.
#
#  Out of Memory Error (allocation.cpp:44), pid=18912, tid=2868
#
# JRE version: OpenJDK Runtime Environment Temurin-21.0.9+10 (21.0.9+10) (build 21.0.9+10-LTS)
# Java VM: OpenJDK 64-Bit Server VM Temurin-21.0.9+10 (21.0.9+10-LTS, mixed mode, sharing, tiered, compressed oops, compressed class ptrs, parallel gc, windows-amd64)
# No core dump will be written. Minidumps are not enabled by default on client versions of Windows
#

---------------  S U M M A R Y ------------

Command Line: --add-modules=ALL-SYSTEM --add-opens=java.base/java.util=ALL-UNNAMED --add-opens=java.base/java.lang=ALL-UNNAMED --add-opens=java.base/sun.nio.fs=ALL-UNNAMED -Declipse.application=org.eclipse.jdt.ls.core.id1 -Dosgi.bundles.defaultStartLevel=4 -Declipse.product=org.eclipse.jdt.ls.core.product -Djava.import.generatesMetadataFilesAtProjectRoot=false -DDetectVMInstallationsJob.disabled=true -Dfile.encoding=utf8 -XX:+UseParallelGC -XX:GCTimeRatio=4 -XX:AdaptiveSizePolicyWeight=90 -Dsun.zip.disableMemoryMapping=true -Xmx2G -Xms100m -Xlog:disable -javaagent:c:\Users\CETECOM\.vscode\extensions\redhat.java-1.50.0-win32-x64\lombok\lombok-1.18.39-4050.jar -XX:+HeapDumpOnOutOfMemoryError -XX:HeapDumpPath=c:\Users\CETECOM\AppData\Roaming\Code\User\workspaceStorage\57ae672ed4960f5eec4c251ee6551935\redhat.java -Daether.dependencyCollector.impl=bf c:\Users\CETECOM\.vscode\extensions\redhat.java-1.50.0-win32-x64\server\plugins\org.eclipse.equinox.launcher_1.7.100.v20251111-0406.jar -configuration c:\Users\CETECOM\AppData\Roaming\Code\User\globalStorage\redhat.java\1.50.0\config_win -data c:\Users\CETECOM\AppData\Roaming\Code\User\workspaceStorage\57ae672ed4960f5eec4c251ee6551935\redhat.java\jdt_ws --pipe=\\.\pipe\lsp-6508e83a8db52a84ee04b6aec037de42-sock

Host: AMD Ryzen 5 3450U with Radeon Vega Mobile Gfx  , 8 cores, 5G,  Windows 10 , 64 bit Build 19041 (10.0.19041.5915)
Time: Fri Nov 28 12:05:33 2025 Hora estándar central (México) elapsed time: 573.157642 seconds (0d 0h 9m 33s)

---------------  T H R E A D  ---------------

Current thread (0x0000020f9d2f5180):  JavaThread "Attach Listener" daemon [_thread_in_vm, id=2868, stack(0x000000ebd9b00000,0x000000ebd9c00000) (1024K)]

Stack: [0x000000ebd9b00000,0x000000ebd9c00000]
Native frames: (J=compiled Java code, j=interpreted, Vv=VM code, C=native code)
V  [jvm.dll+0x6d6e29]
V  [jvm.dll+0x8b4b76]
V  [jvm.dll+0x8b712e]
V  [jvm.dll+0x8b7813]
V  [jvm.dll+0x283d86]
V  [jvm.dll+0xc1277]
V  [jvm.dll+0x6d76d9]
V  [jvm.dll+0x133466]
V  [jvm.dll+0x3f7ea6]
V  [jvm.dll+0x85e9ad]
V  [jvm.dll+0x6d565d]
C  [ucrtbase.dll+0x21bb2]
C  [KERNEL32.DLL+0x17374]
C  [ntdll.dll+0x4cc91]


---------------  P R O C E S S  ---------------

Threads class SMR info:
_java_thread_list=0x0000020fe7adfdf0, length=42, elements={
0x0000020f8687f020, 0x0000020f9d2ef1a0, 0x0000020f9d2f07f0, 0x0000020f9d2f41d0,
0x0000020f9d2f5180, 0x0000020f9d2fa540, 0x0000020f9d2f70c0, 0x0000020f9d304150,
0x0000020f9d305430, 0x0000020f9d2f7750, 0x0000020f9d2f7de0, 0x0000020f9d2f8470,
0x0000020f9d2f8b00, 0x0000020f9d2f9190, 0x0000020f9d2f9820, 0x0000020f9d2f9eb0,
0x0000020fe49c0820, 0x0000020fe49c2260, 0x0000020fe49c0eb0, 0x0000020fe49c1540,
0x0000020fe49c5050, 0x0000020fe49c1bd0, 0x0000020fe49c49c0, 0x0000020fe49c28f0,
0x0000020fe49c5d70, 0x0000020fe49c56e0, 0x0000020fe49c2f80, 0x0000020fe49c6a90,
0x0000020fe49c3ca0, 0x0000020fe49c7120, 0x0000020fe49c77b0, 0x0000020fe6f4db00,
0x0000020fe6f508f0, 0x0000020fe6f4e820, 0x0000020fe412ecb0, 0x0000020fec9a8410,
0x0000020fec9a7d80, 0x0000020fec9ad960, 0x0000020fec9a97c0, 0x0000020fec9a9130,
0x0000020fec9a76f0, 0x0000020fec9a7060
}

Java Threads: ( => current thread )
  0x0000020f8687f020 JavaThread "main"                              [_thread_blocked, id=7244, stack(0x000000ebd9400000,0x000000ebd9500000) (1024K)]
  0x0000020f9d2ef1a0 JavaThread "Reference Handler"          daemon [_thread_blocked, id=4780, stack(0x000000ebd9800000,0x000000ebd9900000) (1024K)]
  0x0000020f9d2f07f0 JavaThread "Finalizer"                  daemon [_thread_blocked, id=16068, stack(0x000000ebd9900000,0x000000ebd9a00000) (1024K)]
  0x0000020f9d2f41d0 JavaThread "Signal Dispatcher"          daemon [_thread_blocked, id=15896, stack(0x000000ebd9a00000,0x000000ebd9b00000) (1024K)]
=>0x0000020f9d2f5180 JavaThread "Attach Listener"            daemon [_thread_in_vm, id=2868, stack(0x000000ebd9b00000,0x000000ebd9c00000) (1024K)]
  0x0000020f9d2fa540 JavaThread "Service Thread"             daemon [_thread_blocked, id=11400, stack(0x000000ebd9c00000,0x000000ebd9d00000) (1024K)]
  0x0000020f9d2f70c0 JavaThread "Monitor Deflation Thread"   daemon [_thread_blocked, id=2576, stack(0x000000ebd9d00000,0x000000ebd9e00000) (1024K)]
  0x0000020f9d304150 JavaThread "C2 CompilerThread0"         daemon [_thread_blocked, id=1000, stack(0x000000ebd9e00000,0x000000ebd9f00000) (1024K)]
  0x0000020f9d305430 JavaThread "C1 CompilerThread0"         daemon [_thread_blocked, id=17540, stack(0x000000ebd9f00000,0x000000ebda000000) (1024K)]
  0x0000020f9d2f7750 JavaThread "Common-Cleaner"             daemon [_thread_blocked, id=13644, stack(0x000000ebda000000,0x000000ebda100000) (1024K)]
  0x0000020f9d2f7de0 JavaThread "Notification Thread"        daemon [_thread_blocked, id=2816, stack(0x000000ebda100000,0x000000ebda200000) (1024K)]
  0x0000020f9d2f8470 JavaThread "Active Thread: Equinox Container: 634c2b44-a7dc-4cfe-9099-347203844343"        [_thread_blocked, id=13984, stack(0x000000ebda800000,0x000000ebda900000) (1024K)]
  0x0000020f9d2f8b00 JavaThread "Refresh Thread: Equinox Container: 634c2b44-a7dc-4cfe-9099-347203844343" daemon [_thread_blocked, id=19976, stack(0x000000ebda900000,0x000000ebdaa00000) (1024K)]
  0x0000020f9d2f9190 JavaThread "Framework Event Dispatcher: Equinox Container: 634c2b44-a7dc-4cfe-9099-347203844343" daemon [_thread_blocked, id=17336, stack(0x000000ebdab00000,0x000000ebdac00000) (1024K)]
  0x0000020f9d2f9820 JavaThread "Start Level: Equinox Container: 634c2b44-a7dc-4cfe-9099-347203844343" daemon [_thread_blocked, id=16168, stack(0x000000ebdac00000,0x000000ebdad00000) (1024K)]
  0x0000020f9d2f9eb0 JavaThread "Bundle File Closer"         daemon [_thread_blocked, id=22448, stack(0x000000ebdad00000,0x000000ebdae00000) (1024K)]
  0x0000020fe49c0820 JavaThread "SCR Component Actor"        daemon [_thread_blocked, id=22516, stack(0x000000ebdae00000,0x000000ebdaf00000) (1024K)]
  0x0000020fe49c2260 JavaThread "Worker-JM"                         [_thread_blocked, id=8156, stack(0x000000ebdaf00000,0x000000ebdb000000) (1024K)]
  0x0000020fe49c0eb0 JavaThread "JNA Cleaner"                daemon [_thread_blocked, id=9524, stack(0x000000ebdb000000,0x000000ebdb100000) (1024K)]
  0x0000020fe49c1540 JavaThread "Java indexing"              daemon [_thread_blocked, id=15944, stack(0x000000ebdb400000,0x000000ebdb500000) (1024K)]
  0x0000020fe49c5050 JavaThread "Worker-3"                          [_thread_blocked, id=4520, stack(0x000000ebdb700000,0x000000ebdb800000) (1024K)]
  0x0000020fe49c1bd0 JavaThread "Thread-1"                   daemon [_thread_in_native, id=9612, stack(0x000000ebdb900000,0x000000ebdba00000) (1024K)]
  0x0000020fe49c49c0 JavaThread "Thread-2"                   daemon [_thread_in_native, id=13704, stack(0x000000ebdba00000,0x000000ebdbb00000) (1024K)]
  0x0000020fe49c28f0 JavaThread "Thread-3"                   daemon [_thread_in_native, id=22416, stack(0x000000ebdbb00000,0x000000ebdbc00000) (1024K)]
  0x0000020fe49c5d70 JavaThread "Thread-4"                   daemon [_thread_in_native, id=10516, stack(0x000000ebdbc00000,0x000000ebdbd00000) (1024K)]
  0x0000020fe49c56e0 JavaThread "Thread-5"                   daemon [_thread_in_native, id=2680, stack(0x000000ebdbd00000,0x000000ebdbe00000) (1024K)]
  0x0000020fe49c2f80 JavaThread "Thread-6"                   daemon [_thread_in_native, id=16512, stack(0x000000ebdbe00000,0x000000ebdbf00000) (1024K)]
  0x0000020fe49c6a90 JavaThread "Thread-7"                   daemon [_thread_in_native, id=16840, stack(0x000000ebdbf00000,0x000000ebdc000000) (1024K)]
  0x0000020fe49c3ca0 JavaThread "Thread-8"                   daemon [_thread_in_native, id=20960, stack(0x000000ebdc000000,0x000000ebdc100000) (1024K)]
  0x0000020fe49c7120 JavaThread "Thread-9"                   daemon [_thread_in_native, id=2324, stack(0x000000ebdc100000,0x000000ebdc200000) (1024K)]
  0x0000020fe49c77b0 JavaThread "pool-2-thread-1"                   [_thread_blocked, id=9068, stack(0x000000ebdc300000,0x000000ebdc400000) (1024K)]
  0x0000020fe6f4db00 JavaThread "WorkspaceEventsHandler"            [_thread_blocked, id=5604, stack(0x000000ebd9300000,0x000000ebd9400000) (1024K)]
  0x0000020fe6f508f0 JavaThread "pool-1-thread-1"                   [_thread_blocked, id=13056, stack(0x000000ebdc400000,0x000000ebdc500000) (1024K)]
  0x0000020fe6f4e820 JavaThread "ForkJoinPool.commonPool-worker-3" daemon [_thread_blocked, id=7264, stack(0x000000ebdc600000,0x000000ebdc700000) (1024K)]
  0x0000020fe412ecb0 JavaThread "Worker-6"                          [_thread_blocked, id=17812, stack(0x000000ebdda00000,0x000000ebddb00000) (1024K)]
  0x0000020fec9a8410 JavaThread "Cleaner-0"                  daemon [_thread_blocked, id=14020, stack(0x000000ebde800000,0x000000ebde900000) (1024K)]
  0x0000020fec9a7d80 JavaThread "Java Debug Server"          daemon [_thread_in_native, id=18704, stack(0x000000ebd9100000,0x000000ebd9200000) (1024K)]
  0x0000020fec9ad960 JavaThread "pool-5-thread-1"                   [_thread_in_native, id=11080, stack(0x000000ebdb100000,0x000000ebdb200000) (1024K)]
  0x0000020fec9a97c0 JavaThread "RxSchedulerPurge-1"         daemon [_thread_blocked, id=20184, stack(0x000000ebdb200000,0x000000ebdb300000) (1024K)]
  0x0000020fec9a9130 JavaThread "RxCachedWorkerPoolEvictor-1" daemon [_thread_blocked, id=21284, stack(0x000000ebdb300000,0x000000ebdb400000) (1024K)]
  0x0000020fec9a76f0 JavaThread "RxNewThreadScheduler-1"     daemon [_thread_blocked, id=5452, stack(0x000000ebdb500000,0x000000ebdb600000) (1024K)]
  0x0000020fec9a7060 JavaThread "process reaper (pid 6148)"  daemon [_thread_in_native, id=19532, stack(0x000000ebd8d60000,0x000000ebd8d80000) (128K)]
Total: 42

Other Threads:
  0x0000020f9d2e2510 VMThread "VM Thread"                           [id=5636, stack(0x000000ebd9700000,0x000000ebd9800000) (1024K)]
  0x0000020f868ee6d0 WatcherThread "VM Periodic Task Thread"        [id=17184, stack(0x000000ebd9600000,0x000000ebd9700000) (1024K)]
  0x0000020f8689e820 WorkerThread "GC Thread#0"                     [id=5696, stack(0x000000ebd9500000,0x000000ebd9600000) (1024K)]
  0x0000020fe448d010 WorkerThread "GC Thread#1"                     [id=18932, stack(0x000000ebda200000,0x000000ebda300000) (1024K)]
  0x0000020fe40cd780 WorkerThread "GC Thread#2"                     [id=8852, stack(0x000000ebda300000,0x000000ebda400000) (1024K)]
  0x0000020fe40cdb20 WorkerThread "GC Thread#3"                     [id=7288, stack(0x000000ebda400000,0x000000ebda500000) (1024K)]
  0x0000020fe40cdec0 WorkerThread "GC Thread#4"                     [id=6140, stack(0x000000ebda500000,0x000000ebda600000) (1024K)]
  0x0000020fe40ce260 WorkerThread "GC Thread#5"                     [id=11128, stack(0x000000ebda600000,0x000000ebda700000) (1024K)]
  0x0000020fe40cee10 WorkerThread "GC Thread#6"                     [id=11228, stack(0x000000ebda700000,0x000000ebda800000) (1024K)]
  0x0000020fdfbe3680 WorkerThread "GC Thread#7"                     [id=12552, stack(0x000000ebdaa00000,0x000000ebdab00000) (1024K)]
Total: 10

Threads with active compile tasks:
Total: 0

VM state: not at safepoint (normal execution)

VM Mutex/Monitor currently owned by a thread: None

Heap address: 0x0000000080000000, size: 2048 MB, Compressed Oops mode: 32-bit

CDS archive(s) mapped at: [0x0000020f9e000000-0x0000020f9eba0000-0x0000020f9eba0000), size 12189696, SharedBaseAddress: 0x0000020f9e000000, ArchiveRelocationMode: 1.
Compressed class space mapped at: 0x0000020f9f000000-0x0000020fdf000000, reserved size: 1073741824
Narrow klass base: 0x0000020f9e000000, Narrow klass shift: 0, Narrow klass range: 0x100000000

GC Precious Log:
 CardTable entry size: 512
 CPUs: 8 total, 8 available
 Memory: 6030M
 Large Page Support: Disabled
 NUMA Support: Disabled
 Compressed Oops: Enabled (32-bit)
 Alignments: Space 512K, Generation 512K, Heap 2M
 Heap Min Capacity: 100M
 Heap Initial Capacity: 100M
 Heap Max Capacity: 2G
 Pre-touch: Disabled
 Parallel Workers: 8

Heap:
 PSYoungGen      total 4608K, used 4032K [0x00000000d5580000, 0x00000000d5b00000, 0x0000000100000000)
  eden space 4096K, 89% used [0x00000000d5580000,0x00000000d5918128,0x00000000d5980000)
  from space 512K, 68% used [0x00000000d5a80000,0x00000000d5ad8000,0x00000000d5b00000)
  to   space 512K, 0% used [0x00000000d5a00000,0x00000000d5a00000,0x00000000d5a80000)
 ParOldGen       total 258048K, used 257683K [0x0000000080000000, 0x000000008fc00000, 0x00000000d5580000)
  object space 258048K, 99% used [0x0000000080000000,0x000000008fba4dc0,0x000000008fc00000)
 Metaspace       used 74454K, committed 76160K, reserved 1179648K
  class space    used 7869K, committed 8576K, reserved 1048576K

Card table byte_map: [0x0000020f86260000,0x0000020f86670000] _byte_map_base: 0x0000020f85e60000

Marking Bits: (ParMarkBitMap*) 0x00007ff9f39a2460
 Begin Bits: [0x0000020f98d40000, 0x0000020f9ad40000)
 End Bits:   [0x0000020f9ad40000, 0x0000020f9cd40000)

Polling page: 0x0000020f86050000

Metaspace:

Usage:
  Non-class:     65.02 MB used.
      Class:      7.69 MB used.
       Both:     72.71 MB used.

Virtual space:
  Non-class space:      128.00 MB reserved,      66.00 MB ( 52%) committed,  2 nodes.
      Class space:        1.00 GB reserved,       8.38 MB ( <1%) committed,  1 nodes.
             Both:        1.12 GB reserved,      74.38 MB (  6%) committed. 

Chunk freelists:
   Non-Class:  14.00 MB
       Class:  7.62 MB
        Both:  21.62 MB

MaxMetaspaceSize: unlimited
CompressedClassSpaceSize: 1.00 GB
Initial GC threshold: 21.00 MB
Current GC threshold: 97.31 MB
CDS: on
 - commit_granule_bytes: 65536.
 - commit_granule_words: 8192.
 - virtual_space_node_default_size: 8388608.
 - enlarge_chunks_in_place: 1.
 - use_allocation_guard: 0.


Internal statistics:

num_allocs_failed_limit: 9.
num_arena_births: 1440.
num_arena_deaths: 14.
num_vsnodes_births: 3.
num_vsnodes_deaths: 0.
num_space_committed: 1190.
num_space_uncommitted: 0.
num_chunks_returned_to_freelist: 23.
num_chunks_taken_from_freelist: 5070.
num_chunk_merges: 12.
num_chunk_splits: 3096.
num_chunks_enlarged: 1670.
num_inconsistent_stats: 0.

CodeHeap 'non-profiled nmethods': size=120000Kb used=8585Kb max_used=8585Kb free=111414Kb
 bounds [0x0000020f91560000, 0x0000020f91dd0000, 0x0000020f98a90000]
CodeHeap 'profiled nmethods': size=120000Kb used=28786Kb max_used=28786Kb free=91213Kb
 bounds [0x0000020f89a90000, 0x0000020f8b6b0000, 0x0000020f90fc0000]
CodeHeap 'non-nmethods': size=5760Kb used=1481Kb max_used=1530Kb free=4278Kb
 bounds [0x0000020f90fc0000, 0x0000020f91230000, 0x0000020f91560000]
CodeCache: size=245760Kb, used=38852Kb, max_used=38901Kb, free=206905Kb
 total_blobs=13220, nmethods=12411, adapters=713, full_count=0
Compilation: enabled, stopped_count=0, restarted_count=0

Compilation events (20 events):
Event: 391.339 Thread 0x0000020f9d304150 13172       4       java.util.concurrent.ConcurrentHashMap$Traverser::<init> (36 bytes)
Event: 391.347 Thread 0x0000020f9d304150 nmethod 13172 0x0000020f91dc1b90 code [0x0000020f91dc1d20, 0x0000020f91dc1dd8]
Event: 395.326 Thread 0x0000020f9d305430 13173       3       java.util.concurrent.locks.AbstractQueuedSynchronizer$Node::setStatusRelaxed (12 bytes)
Event: 395.382 Thread 0x0000020f9d305430 nmethod 13173 0x0000020f8b6a4110 code [0x0000020f8b6a42a0, 0x0000020f8b6a43b8]
Event: 396.331 Thread 0x0000020f9d304150 13174       4       jdk.internal.misc.Unsafe::putIntOpaque (9 bytes)
Event: 396.332 Thread 0x0000020f9d304150 nmethod 13174 0x0000020f91dc1e90 code [0x0000020f91dc2020, 0x0000020f91dc20b8]
Event: 398.363 Thread 0x0000020f9d304150 13175       4       java.util.concurrent.ConcurrentHashMap$BaseIterator::<init> (21 bytes)
Event: 398.474 Thread 0x0000020f9d304150 nmethod 13175 0x0000020f91dc2190 code [0x0000020f91dc2320, 0x0000020f91dc2540]
Event: 415.326 Thread 0x0000020f9d305430 13176       3       java.util.concurrent.ConcurrentHashMap$CollectionView::toArray (145 bytes)
Event: 415.809 Thread 0x0000020f9d305430 nmethod 13176 0x0000020f8b6a4490 code [0x0000020f8b6a4700, 0x0000020f8b6a5288]
Event: 416.327 Thread 0x0000020f9d305430 13177       3       io.reactivex.internal.schedulers.SchedulerPoolFactory$ScheduledTask::run (66 bytes)
Event: 416.405 Thread 0x0000020f9d305430 nmethod 13177 0x0000020f8b6a5690 code [0x0000020f8b6a5900, 0x0000020f8b6a65f0]
Event: 424.318 Thread 0x0000020f9d305430 13178       3       java.util.concurrent.ScheduledThreadPoolExecutor$DelayedWorkQueue::finishPoll (43 bytes)
Event: 424.437 Thread 0x0000020f9d305430 nmethod 13178 0x0000020f8b6a6990 code [0x0000020f8b6a6b60, 0x0000020f8b6a70e8]
Event: 426.329 Thread 0x0000020f9d305430 13180   !   3       java.util.concurrent.ScheduledThreadPoolExecutor$DelayedWorkQueue::offer (123 bytes)
Event: 426.488 Thread 0x0000020f9d305430 nmethod 13180 0x0000020f8b6a7290 code [0x0000020f8b6a75a0, 0x0000020f8b6a8930]
Event: 429.747 Thread 0x0000020f9d305430 13181   !   3       java.util.concurrent.FutureTask::runAndReset (125 bytes)
Event: 429.888 Thread 0x0000020f9d305430 nmethod 13181 0x0000020f8b6a9190 code [0x0000020f8b6a9600, 0x0000020f8b6aba20]
Event: 540.534 Thread 0x0000020f9d305430 13185       3       java.util.concurrent.ScheduledThreadPoolExecutor$ScheduledFutureTask::setNextRunTime (38 bytes)
Event: 540.746 Thread 0x0000020f9d305430 nmethod 13185 0x0000020f8b6ac590 code [0x0000020f8b6ac740, 0x0000020f8b6ac9d0]

GC Heap History (20 events):
Event: 210.646 GC heap before
{Heap before GC invocations=182 (full 3):
 PSYoungGen      total 5120K, used 4632K [0x00000000d5580000, 0x00000000d5b80000, 0x0000000100000000)
  eden space 4096K, 99% used [0x00000000d5580000,0x00000000d597f900,0x00000000d5980000)
  from space 1024K, 52% used [0x00000000d5a80000,0x00000000d5b06900,0x00000000d5b80000)
  to   space 1024K, 0% used [0x00000000d5980000,0x00000000d5980000,0x00000000d5a80000)
 ParOldGen       total 256000K, used 255753K [0x0000000080000000, 0x000000008fa00000, 0x00000000d5580000)
  object space 256000K, 99% used [0x0000000080000000,0x000000008f9c2490,0x000000008fa00000)
 Metaspace       used 70717K, committed 72448K, reserved 1114112K
  class space    used 7380K, committed 8128K, reserved 1048576K
}
Event: 210.648 GC heap after
{Heap after GC invocations=182 (full 3):
 PSYoungGen      total 5120K, used 256K [0x00000000d5580000, 0x00000000d5b00000, 0x0000000100000000)
  eden space 4096K, 0% used [0x00000000d5580000,0x00000000d5580000,0x00000000d5980000)
  from space 1024K, 25% used [0x00000000d5980000,0x00000000d59c0000,0x00000000d5a80000)
  to   space 512K, 0% used [0x00000000d5a80000,0x00000000d5a80000,0x00000000d5b00000)
 ParOldGen       total 256000K, used 255785K [0x0000000080000000, 0x000000008fa00000, 0x00000000d5580000)
  object space 256000K, 99% used [0x0000000080000000,0x000000008f9ca490,0x000000008fa00000)
 Metaspace       used 70717K, committed 72448K, reserved 1114112K
  class space    used 7380K, committed 8128K, reserved 1048576K
}
Event: 210.685 GC heap before
{Heap before GC invocations=183 (full 3):
 PSYoungGen      total 5120K, used 4338K [0x00000000d5580000, 0x00000000d5b00000, 0x0000000100000000)
  eden space 4096K, 99% used [0x00000000d5580000,0x00000000d597c858,0x00000000d5980000)
  from space 1024K, 25% used [0x00000000d5980000,0x00000000d59c0000,0x00000000d5a80000)
  to   space 512K, 0% used [0x00000000d5a80000,0x00000000d5a80000,0x00000000d5b00000)
 ParOldGen       total 256000K, used 255785K [0x0000000080000000, 0x000000008fa00000, 0x00000000d5580000)
  object space 256000K, 99% used [0x0000000080000000,0x000000008f9ca490,0x000000008fa00000)
 Metaspace       used 70904K, committed 72576K, reserved 1114112K
  class space    used 7401K, committed 8128K, reserved 1048576K
}
Event: 210.688 GC heap after
{Heap after GC invocations=183 (full 3):
 PSYoungGen      total 4608K, used 432K [0x00000000d5580000, 0x00000000d5b00000, 0x0000000100000000)
  eden space 4096K, 0% used [0x00000000d5580000,0x00000000d5580000,0x00000000d5980000)
  from space 512K, 84% used [0x00000000d5a80000,0x00000000d5aec020,0x00000000d5b00000)
  to   space 512K, 0% used [0x00000000d5a00000,0x00000000d5a00000,0x00000000d5a80000)
 ParOldGen       total 257024K, used 256780K [0x0000000080000000, 0x000000008fb00000, 0x00000000d5580000)
  object space 257024K, 99% used [0x0000000080000000,0x000000008fac31a0,0x000000008fb00000)
 Metaspace       used 70904K, committed 72576K, reserved 1114112K
  class space    used 7401K, committed 8128K, reserved 1048576K
}
Event: 210.711 GC heap before
{Heap before GC invocations=184 (full 3):
 PSYoungGen      total 4608K, used 4528K [0x00000000d5580000, 0x00000000d5b00000, 0x0000000100000000)
  eden space 4096K, 100% used [0x00000000d5580000,0x00000000d5980000,0x00000000d5980000)
  from space 512K, 84% used [0x00000000d5a80000,0x00000000d5aec020,0x00000000d5b00000)
  to   space 512K, 0% used [0x00000000d5a00000,0x00000000d5a00000,0x00000000d5a80000)
 ParOldGen       total 257024K, used 256780K [0x0000000080000000, 0x000000008fb00000, 0x00000000d5580000)
  object space 257024K, 99% used [0x0000000080000000,0x000000008fac31a0,0x000000008fb00000)
 Metaspace       used 70905K, committed 72576K, reserved 1114112K
  class space    used 7401K, committed 8128K, reserved 1048576K
}
Event: 210.712 GC heap after
{Heap after GC invocations=184 (full 3):
 PSYoungGen      total 4608K, used 324K [0x00000000d5580000, 0x00000000d5b00000, 0x0000000100000000)
  eden space 4096K, 0% used [0x00000000d5580000,0x00000000d5580000,0x00000000d5980000)
  from space 512K, 63% used [0x00000000d5a00000,0x00000000d5a510c0,0x00000000d5a80000)
  to   space 512K, 0% used [0x00000000d5a80000,0x00000000d5a80000,0x00000000d5b00000)
 ParOldGen       total 257024K, used 256948K [0x0000000080000000, 0x000000008fb00000, 0x00000000d5580000)
  object space 257024K, 99% used [0x0000000080000000,0x000000008faed1b0,0x000000008fb00000)
 Metaspace       used 70905K, committed 72576K, reserved 1114112K
  class space    used 7401K, committed 8128K, reserved 1048576K
}
Event: 210.898 GC heap before
{Heap before GC invocations=185 (full 3):
 PSYoungGen      total 4608K, used 4420K [0x00000000d5580000, 0x00000000d5b00000, 0x0000000100000000)
  eden space 4096K, 100% used [0x00000000d5580000,0x00000000d5980000,0x00000000d5980000)
  from space 512K, 63% used [0x00000000d5a00000,0x00000000d5a510c0,0x00000000d5a80000)
  to   space 512K, 0% used [0x00000000d5a80000,0x00000000d5a80000,0x00000000d5b00000)
 ParOldGen       total 257024K, used 256948K [0x0000000080000000, 0x000000008fb00000, 0x00000000d5580000)
  object space 257024K, 99% used [0x0000000080000000,0x000000008faed1b0,0x000000008fb00000)
 Metaspace       used 70942K, committed 72640K, reserved 1114112K
  class space    used 7404K, committed 8128K, reserved 1048576K
}
Event: 210.899 GC heap after
{Heap after GC invocations=185 (full 3):
 PSYoungGen      total 4608K, used 320K [0x00000000d5580000, 0x00000000d5b00000, 0x0000000100000000)
  eden space 4096K, 0% used [0x00000000d5580000,0x00000000d5580000,0x00000000d5980000)
  from space 512K, 62% used [0x00000000d5a80000,0x00000000d5ad0000,0x00000000d5b00000)
  to   space 512K, 0% used [0x00000000d5a00000,0x00000000d5a00000,0x00000000d5a80000)
 ParOldGen       total 257024K, used 256980K [0x0000000080000000, 0x000000008fb00000, 0x00000000d5580000)
  object space 257024K, 99% used [0x0000000080000000,0x000000008faf51b0,0x000000008fb00000)
 Metaspace       used 70942K, committed 72640K, reserved 1114112K
  class space    used 7404K, committed 8128K, reserved 1048576K
}
Event: 211.168 GC heap before
{Heap before GC invocations=186 (full 3):
 PSYoungGen      total 4608K, used 4354K [0x00000000d5580000, 0x00000000d5b00000, 0x0000000100000000)
  eden space 4096K, 98% used [0x00000000d5580000,0x00000000d5970928,0x00000000d5980000)
  from space 512K, 62% used [0x00000000d5a80000,0x00000000d5ad0000,0x00000000d5b00000)
  to   space 512K, 0% used [0x00000000d5a00000,0x00000000d5a00000,0x00000000d5a80000)
 ParOldGen       total 257024K, used 256980K [0x0000000080000000, 0x000000008fb00000, 0x00000000d5580000)
  object space 257024K, 99% used [0x0000000080000000,0x000000008faf51b0,0x000000008fb00000)
 Metaspace       used 71658K, committed 73280K, reserved 1114112K
  class space    used 7476K, committed 8192K, reserved 1048576K
}
Event: 211.170 GC heap after
{Heap after GC invocations=186 (full 3):
 PSYoungGen      total 4608K, used 369K [0x00000000d5580000, 0x00000000d5b00000, 0x0000000100000000)
  eden space 4096K, 0% used [0x00000000d5580000,0x00000000d5580000,0x00000000d5980000)
  from space 512K, 72% used [0x00000000d5a00000,0x00000000d5a5c5c8,0x00000000d5a80000)
  to   space 512K, 0% used [0x00000000d5a80000,0x00000000d5a80000,0x00000000d5b00000)
 ParOldGen       total 257536K, used 257116K [0x0000000080000000, 0x000000008fb80000, 0x00000000d5580000)
  object space 257536K, 99% used [0x0000000080000000,0x000000008fb171b0,0x000000008fb80000)
 Metaspace       used 71658K, committed 73280K, reserved 1114112K
  class space    used 7476K, committed 8192K, reserved 1048576K
}
Event: 211.230 GC heap before
{Heap before GC invocations=187 (full 3):
 PSYoungGen      total 4608K, used 4465K [0x00000000d5580000, 0x00000000d5b00000, 0x0000000100000000)
  eden space 4096K, 100% used [0x00000000d5580000,0x00000000d5980000,0x00000000d5980000)
  from space 512K, 72% used [0x00000000d5a00000,0x00000000d5a5c5c8,0x00000000d5a80000)
  to   space 512K, 0% used [0x00000000d5a80000,0x00000000d5a80000,0x00000000d5b00000)
 ParOldGen       total 257536K, used 257116K [0x0000000080000000, 0x000000008fb80000, 0x00000000d5580000)
  object space 257536K, 99% used [0x0000000080000000,0x000000008fb171b0,0x000000008fb80000)
 Metaspace       used 72127K, committed 73728K, reserved 1179648K
  class space    used 7533K, committed 8256K, reserved 1048576K
}
Event: 211.233 GC heap after
{Heap after GC invocations=187 (full 3):
 PSYoungGen      total 4608K, used 160K [0x00000000d5580000, 0x00000000d5b00000, 0x0000000100000000)
  eden space 4096K, 0% used [0x00000000d5580000,0x00000000d5580000,0x00000000d5980000)
  from space 512K, 31% used [0x00000000d5a80000,0x00000000d5aa8000,0x00000000d5b00000)
  to   space 512K, 0% used [0x00000000d5a00000,0x00000000d5a00000,0x00000000d5a80000)
 ParOldGen       total 257536K, used 257355K [0x0000000080000000, 0x000000008fb80000, 0x00000000d5580000)
  object space 257536K, 99% used [0x0000000080000000,0x000000008fb52d90,0x000000008fb80000)
 Metaspace       used 72127K, committed 73728K, reserved 1179648K
  class space    used 7533K, committed 8256K, reserved 1048576K
}
Event: 211.305 GC heap before
{Heap before GC invocations=188 (full 3):
 PSYoungGen      total 4608K, used 4256K [0x00000000d5580000, 0x00000000d5b00000, 0x0000000100000000)
  eden space 4096K, 100% used [0x00000000d5580000,0x00000000d5980000,0x00000000d5980000)
  from space 512K, 31% used [0x00000000d5a80000,0x00000000d5aa8000,0x00000000d5b00000)
  to   space 512K, 0% used [0x00000000d5a00000,0x00000000d5a00000,0x00000000d5a80000)
 ParOldGen       total 257536K, used 257355K [0x0000000080000000, 0x000000008fb80000, 0x00000000d5580000)
  object space 257536K, 99% used [0x0000000080000000,0x000000008fb52d90,0x000000008fb80000)
 Metaspace       used 72710K, committed 74368K, reserved 1179648K
  class space    used 7597K, committed 8320K, reserved 1048576K
}
Event: 211.307 GC heap after
{Heap after GC invocations=188 (full 3):
 PSYoungGen      total 4608K, used 224K [0x00000000d5580000, 0x00000000d5b00000, 0x0000000100000000)
  eden space 4096K, 0% used [0x00000000d5580000,0x00000000d5580000,0x00000000d5980000)
  from space 512K, 43% used [0x00000000d5a00000,0x00000000d5a38000,0x00000000d5a80000)
  to   space 512K, 0% used [0x00000000d5a80000,0x00000000d5a80000,0x00000000d5b00000)
 ParOldGen       total 257536K, used 257411K [0x0000000080000000, 0x000000008fb80000, 0x00000000d5580000)
  object space 257536K, 99% used [0x0000000080000000,0x000000008fb60d90,0x000000008fb80000)
 Metaspace       used 72710K, committed 74368K, reserved 1179648K
  class space    used 7597K, committed 8320K, reserved 1048576K
}
Event: 211.371 GC heap before
{Heap before GC invocations=189 (full 3):
 PSYoungGen      total 4608K, used 4318K [0x00000000d5580000, 0x00000000d5b00000, 0x0000000100000000)
  eden space 4096K, 99% used [0x00000000d5580000,0x00000000d597fa00,0x00000000d5980000)
  from space 512K, 43% used [0x00000000d5a00000,0x00000000d5a38000,0x00000000d5a80000)
  to   space 512K, 0% used [0x00000000d5a80000,0x00000000d5a80000,0x00000000d5b00000)
 ParOldGen       total 257536K, used 257411K [0x0000000080000000, 0x000000008fb80000, 0x00000000d5580000)
  object space 257536K, 99% used [0x0000000080000000,0x000000008fb60d90,0x000000008fb80000)
 Metaspace       used 73006K, committed 74624K, reserved 1179648K
  class space    used 7675K, committed 8384K, reserved 1048576K
}
Event: 211.372 GC heap after
{Heap after GC invocations=189 (full 3):
 PSYoungGen      total 4608K, used 160K [0x00000000d5580000, 0x00000000d5b00000, 0x0000000100000000)
  eden space 4096K, 0% used [0x00000000d5580000,0x00000000d5580000,0x00000000d5980000)
  from space 512K, 31% used [0x00000000d5a80000,0x00000000d5aa8000,0x00000000d5b00000)
  to   space 512K, 0% used [0x00000000d5a00000,0x00000000d5a00000,0x00000000d5a80000)
 ParOldGen       total 257536K, used 257523K [0x0000000080000000, 0x000000008fb80000, 0x00000000d5580000)
  object space 257536K, 99% used [0x0000000080000000,0x000000008fb7cdc0,0x000000008fb80000)
 Metaspace       used 73006K, committed 74624K, reserved 1179648K
  class space    used 7675K, committed 8384K, reserved 1048576K
}
Event: 211.437 GC heap before
{Heap before GC invocations=190 (full 3):
 PSYoungGen      total 4608K, used 4256K [0x00000000d5580000, 0x00000000d5b00000, 0x0000000100000000)
  eden space 4096K, 100% used [0x00000000d5580000,0x00000000d5980000,0x00000000d5980000)
  from space 512K, 31% used [0x00000000d5a80000,0x00000000d5aa8000,0x00000000d5b00000)
  to   space 512K, 0% used [0x00000000d5a00000,0x00000000d5a00000,0x00000000d5a80000)
 ParOldGen       total 257536K, used 257523K [0x0000000080000000, 0x000000008fb80000, 0x00000000d5580000)
  object space 257536K, 99% used [0x0000000080000000,0x000000008fb7cdc0,0x000000008fb80000)
 Metaspace       used 73403K, committed 75072K, reserved 1179648K
  class space    used 7755K, committed 8512K, reserved 1048576K
}
Event: 211.439 GC heap after
{Heap after GC invocations=190 (full 3):
 PSYoungGen      total 4608K, used 314K [0x00000000d5580000, 0x00000000d5b00000, 0x0000000100000000)
  eden space 4096K, 0% used [0x00000000d5580000,0x00000000d5580000,0x00000000d5980000)
  from space 512K, 61% used [0x00000000d5a00000,0x00000000d5a4ea58,0x00000000d5a80000)
  to   space 512K, 0% used [0x00000000d5a80000,0x00000000d5a80000,0x00000000d5b00000)
 ParOldGen       total 258048K, used 257587K [0x0000000080000000, 0x000000008fc00000, 0x00000000d5580000)
  object space 258048K, 99% used [0x0000000080000000,0x000000008fb8cdc0,0x000000008fc00000)
 Metaspace       used 73403K, committed 75072K, reserved 1179648K
  class space    used 7755K, committed 8512K, reserved 1048576K
}
Event: 213.814 GC heap before
{Heap before GC invocations=191 (full 3):
 PSYoungGen      total 4608K, used 4410K [0x00000000d5580000, 0x00000000d5b00000, 0x0000000100000000)
  eden space 4096K, 100% used [0x00000000d5580000,0x00000000d5980000,0x00000000d5980000)
  from space 512K, 61% used [0x00000000d5a00000,0x00000000d5a4ea58,0x00000000d5a80000)
  to   space 512K, 0% used [0x00000000d5a80000,0x00000000d5a80000,0x00000000d5b00000)
 ParOldGen       total 258048K, used 257587K [0x0000000080000000, 0x000000008fc00000, 0x00000000d5580000)
  object space 258048K, 99% used [0x0000000080000000,0x000000008fb8cdc0,0x000000008fc00000)
 Metaspace       used 73947K, committed 75648K, reserved 1179648K
  class space    used 7820K, committed 8576K, reserved 1048576K
}
Event: 213.817 GC heap after
{Heap after GC invocations=191 (full 3):
 PSYoungGen      total 4608K, used 352K [0x00000000d5580000, 0x00000000d5b00000, 0x0000000100000000)
  eden space 4096K, 0% used [0x00000000d5580000,0x00000000d5580000,0x00000000d5980000)
  from space 512K, 68% used [0x00000000d5a80000,0x00000000d5ad8000,0x00000000d5b00000)
  to   space 512K, 0% used [0x00000000d5a00000,0x00000000d5a00000,0x00000000d5a80000)
 ParOldGen       total 258048K, used 257683K [0x0000000080000000, 0x000000008fc00000, 0x00000000d5580000)
  object space 258048K, 99% used [0x0000000080000000,0x000000008fba4dc0,0x000000008fc00000)
 Metaspace       used 73947K, committed 75648K, reserved 1179648K
  class space    used 7820K, committed 8576K, reserved 1048576K
}

Dll operation events (12 events):
Event: 0.176 Loaded shared library c:\Users\CETECOM\.vscode\extensions\redhat.java-1.50.0-win32-x64\jre\21.0.9-win32-x86_64\bin\java.dll
Event: 0.553 Loaded shared library c:\Users\CETECOM\.vscode\extensions\redhat.java-1.50.0-win32-x64\jre\21.0.9-win32-x86_64\bin\zip.dll
Event: 0.683 Loaded shared library C:\Users\CETECOM\.vscode\extensions\redhat.java-1.50.0-win32-x64\jre\21.0.9-win32-x86_64\bin\instrument.dll
Event: 0.698 Loaded shared library C:\Users\CETECOM\.vscode\extensions\redhat.java-1.50.0-win32-x64\jre\21.0.9-win32-x86_64\bin\net.dll
Event: 0.708 Loaded shared library C:\Users\CETECOM\.vscode\extensions\redhat.java-1.50.0-win32-x64\jre\21.0.9-win32-x86_64\bin\nio.dll
Event: 0.730 Loaded shared library C:\Users\CETECOM\.vscode\extensions\redhat.java-1.50.0-win32-x64\jre\21.0.9-win32-x86_64\bin\zip.dll
Event: 0.956 Loaded shared library C:\Users\CETECOM\.vscode\extensions\redhat.java-1.50.0-win32-x64\jre\21.0.9-win32-x86_64\bin\jimage.dll
Event: 1.618 Loaded shared library c:\Users\CETECOM\.vscode\extensions\redhat.java-1.50.0-win32-x64\jre\21.0.9-win32-x86_64\bin\verify.dll
Event: 11.029 Loaded shared library C:\Users\CETECOM\AppData\Roaming\Code\User\globalStorage\redhat.java\1.50.0\config_win\org.eclipse.equinox.launcher\org.eclipse.equinox.launcher.win32.win32.x86_64_1.2.1400.v20250801-0854\eclipse_11916.dll
Event: 17.972 Loaded shared library C:\Users\CETECOM\AppData\Local\Temp\jna-1388314158\jna7857491881935627429.dll
Event: 69.099 Loaded shared library C:\Users\CETECOM\.vscode\extensions\redhat.java-1.50.0-win32-x64\jre\21.0.9-win32-x86_64\bin\sunmscapi.dll
Event: 211.063 Loaded shared library C:\Users\CETECOM\.vscode\extensions\redhat.java-1.50.0-win32-x64\jre\21.0.9-win32-x86_64\bin\extnet.dll

Deoptimization events (20 events):
Event: 357.588 Thread 0x0000020fe49c5050 DEOPT PACKING pc=0x0000020f9181886c sp=0x000000ebdb7fee40
Event: 357.588 Thread 0x0000020fe49c5050 DEOPT UNPACKING pc=0x0000020f91013aa2 sp=0x000000ebdb7fedf8 mode 2
Event: 357.588 Thread 0x0000020fe49c5050 Uncommon trap: trap_request=0xffffffde fr.pc=0x0000020f91814d58 relative=0x0000000000000b98
Event: 357.588 Thread 0x0000020fe49c5050 Uncommon trap: reason=class_check action=maybe_recompile pc=0x0000020f91814d58 method=java.io.DataOutputStream.write([BII)V @ 7 c2
Event: 357.588 Thread 0x0000020fe49c5050 DEOPT PACKING pc=0x0000020f91814d58 sp=0x000000ebdb7fed70
Event: 357.588 Thread 0x0000020fe49c5050 DEOPT UNPACKING pc=0x0000020f91013aa2 sp=0x000000ebdb7feca0 mode 2
Event: 357.589 Thread 0x0000020fe49c5050 Uncommon trap: trap_request=0xffffffde fr.pc=0x0000020f91814d58 relative=0x0000000000000b98
Event: 357.589 Thread 0x0000020fe49c5050 Uncommon trap: reason=class_check action=maybe_recompile pc=0x0000020f91814d58 method=java.io.DataOutputStream.write([BII)V @ 7 c2
Event: 357.589 Thread 0x0000020fe49c5050 DEOPT PACKING pc=0x0000020f91814d58 sp=0x000000ebdb7fecc0
Event: 357.589 Thread 0x0000020fe49c5050 DEOPT UNPACKING pc=0x0000020f91013aa2 sp=0x000000ebdb7febf0 mode 2
Event: 357.589 Thread 0x0000020fe49c5050 Uncommon trap: trap_request=0xffffffde fr.pc=0x0000020f9181a764 relative=0x0000000000000424
Event: 357.589 Thread 0x0000020fe49c5050 Uncommon trap: reason=class_check action=maybe_recompile pc=0x0000020f9181a764 method=java.io.DataOutputStream.writeInt(I)V @ 19 c2
Event: 357.589 Thread 0x0000020fe49c5050 DEOPT PACKING pc=0x0000020f9181a764 sp=0x000000ebdb7fec40
Event: 357.589 Thread 0x0000020fe49c5050 DEOPT UNPACKING pc=0x0000020f91013aa2 sp=0x000000ebdb7febe8 mode 2
Event: 357.590 Thread 0x0000020fe49c5050 Uncommon trap: trap_request=0xffffffde fr.pc=0x0000020f9180f10c relative=0x0000000000000d2c
Event: 357.590 Thread 0x0000020fe49c5050 Uncommon trap: reason=class_check action=maybe_recompile pc=0x0000020f9180f10c method=java.io.DataOutputStream.write([BII)V @ 7 c2
Event: 357.590 Thread 0x0000020fe49c5050 DEOPT PACKING pc=0x0000020f9180f10c sp=0x000000ebdb7fe880
Event: 357.590 Thread 0x0000020fe49c5050 DEOPT UNPACKING pc=0x0000020f91013aa2 sp=0x000000ebdb7fe7a0 mode 2
Event: 375.248 Thread 0x0000020fe412f9d0 DEOPT PACKING pc=0x0000020f8b0ee894 sp=0x000000ebdd4ff440
Event: 375.252 Thread 0x0000020fe412f9d0 DEOPT UNPACKING pc=0x0000020f91014242 sp=0x000000ebdd4fe900 mode 0

Classes loaded (20 events):
Event: 213.953 Loading class java/lang/ProcessHandleImpl$1
Event: 213.953 Loading class java/lang/ProcessHandleImpl$1 done
Event: 213.954 Loading class java/util/concurrent/CompletableFuture$UniHandle
Event: 213.954 Loading class java/util/concurrent/CompletableFuture$UniHandle done
Event: 356.763 Loading class java/util/stream/Nodes$CollectorTask$OfRef
Event: 356.775 Loading class java/util/stream/Nodes$CollectorTask
Event: 356.781 Loading class java/util/stream/Nodes$CollectorTask done
Event: 356.781 Loading class java/util/stream/Nodes$CollectorTask$OfRef done
Event: 357.085 Loading class java/util/function/LongFunction
Event: 357.087 Loading class java/util/function/LongFunction done
Event: 357.094 Loading class java/util/stream/Nodes$ConcNode
Event: 357.100 Loading class java/util/stream/Nodes$AbstractConcNode
Event: 357.104 Loading class java/util/stream/Nodes$AbstractConcNode done
Event: 357.104 Loading class java/util/stream/Nodes$ConcNode done
Event: 357.142 Loading class java/io/ObjectOutputStream$BlockDataOutputStream
Event: 357.152 Loading class java/io/ObjectOutputStream$BlockDataOutputStream done
Event: 357.153 Loading class java/io/ObjectOutputStream$HandleTable
Event: 357.159 Loading class java/io/ObjectOutputStream$HandleTable done
Event: 357.160 Loading class java/io/ObjectOutputStream$ReplaceTable
Event: 357.164 Loading class java/io/ObjectOutputStream$ReplaceTable done

Classes unloaded (7 events):
Event: 21.550 Thread 0x0000020f9d2e2510 Unloading class 0x0000020f9f1af400 'java/lang/invoke/LambdaForm$MH+0x0000020f9f1af400'
Event: 21.550 Thread 0x0000020f9d2e2510 Unloading class 0x0000020f9f1af000 'java/lang/invoke/LambdaForm$MH+0x0000020f9f1af000'
Event: 21.550 Thread 0x0000020f9d2e2510 Unloading class 0x0000020f9f1aec00 'java/lang/invoke/LambdaForm$MH+0x0000020f9f1aec00'
Event: 21.550 Thread 0x0000020f9d2e2510 Unloading class 0x0000020f9f1ae800 'java/lang/invoke/LambdaForm$MH+0x0000020f9f1ae800'
Event: 21.550 Thread 0x0000020f9d2e2510 Unloading class 0x0000020f9f1ae400 'java/lang/invoke/LambdaForm$BMH+0x0000020f9f1ae400'
Event: 21.550 Thread 0x0000020f9d2e2510 Unloading class 0x0000020f9f1ae000 'java/lang/invoke/LambdaForm$DMH+0x0000020f9f1ae000'
Event: 21.550 Thread 0x0000020f9d2e2510 Unloading class 0x0000020f9f1acc00 'java/lang/invoke/LambdaForm$DMH+0x0000020f9f1acc00'

Classes redefined (0 events):
No events

Internal exceptions (20 events):
Event: 210.665 Thread 0x0000020fe6f4eeb0 Exception <a 'sun/nio/fs/WindowsException'{0x00000000d56db880}> (0x00000000d56db880) 
thrown [s\src\hotspot\share\prims\jni.cpp, line 520]
Event: 210.665 Thread 0x0000020fe6f4eeb0 Exception <a 'sun/nio/fs/WindowsException'{0x00000000d56dc0e8}> (0x00000000d56dc0e8) 
thrown [s\src\hotspot\share\prims\jni.cpp, line 520]
Event: 210.671 Thread 0x0000020fe6f4eeb0 Exception <a 'sun/nio/fs/WindowsException'{0x00000000d56fb498}> (0x00000000d56fb498) 
thrown [s\src\hotspot\share\prims\jni.cpp, line 520]
Event: 210.671 Thread 0x0000020fe6f4eeb0 Exception <a 'sun/nio/fs/WindowsException'{0x00000000d56fbfb0}> (0x00000000d56fbfb0) 
thrown [s\src\hotspot\share\prims\jni.cpp, line 520]
Event: 211.151 Thread 0x0000020fec9ad960 Exception <a 'java/io/FileNotFoundException'{0x00000000d59021e8}> (0x00000000d59021e8) 
thrown [s\src\hotspot\share\prims\jni.cpp, line 520]
Event: 211.416 Thread 0x0000020fec9ad960 Exception <a 'java/lang/NoSuchMethodError'{0x00000000d57bee98}: 'java.lang.Object java.lang.invoke.DirectMethodHandle$Holder.invokeVirtual(java.lang.Object, java.lang.Object, java.lang.Object, java.lang.Object)'> (0x00000000d57bee98) 
thrown [s\src\hotspot\share\interpreter\linkResolver.cpp, line 773]
Event: 211.480 Thread 0x0000020fec9a76f0 Exception <a 'java/lang/NoSuchMethodError'{0x00000000d57d6e28}: 'java.lang.Object java.lang.invoke.DirectMethodHandle$Holder.invokeStatic(java.lang.Object, long, java.lang.Object, java.lang.Object)'> (0x00000000d57d6e28) 
thrown [s\src\hotspot\share\interpreter\linkResolver.cpp, line 773]
Event: 211.520 Thread 0x0000020fec9a76f0 Exception <a 'sun/nio/fs/WindowsException'{0x00000000d5873790}> (0x00000000d5873790) 
thrown [s\src\hotspot\share\prims\jni.cpp, line 520]
Event: 211.520 Thread 0x0000020fec9a76f0 Exception <a 'sun/nio/fs/WindowsException'{0x00000000d5874790}> (0x00000000d5874790) 
thrown [s\src\hotspot\share\prims\jni.cpp, line 520]
Event: 211.554 Thread 0x0000020fec9a76f0 Exception <a 'java/lang/NoSuchMethodError'{0x00000000d591c648}: 'void java.lang.invoke.DirectMethodHandle$Holder.invokeStatic(java.lang.Object, java.lang.Object, java.lang.Object, java.lang.Object, java.lang.Object, java.lang.Object, java.lang.Object)'> (0x00000000d591c648) 
thrown [s\src\hotspot\share\interpreter\linkResolver.cpp, line 773]
Event: 211.656 Thread 0x0000020fe6f508f0 Exception <a 'java/lang/IncompatibleClassChangeError'{0x00000000d5945750}: Found class java.lang.Object, but interface was expected> (0x00000000d5945750) 
thrown [s\src\hotspot\share\interpreter\linkResolver.cpp, line 840]
Event: 213.803 Thread 0x0000020fec9adff0 Exception <a 'java/lang/NoSuchMethodError'{0x00000000d5967fa8}: 'long java.lang.invoke.DelegatingMethodHandle$Holder.reinvoke_L(java.lang.Object, java.lang.Object)'> (0x00000000d5967fa8) 
thrown [s\src\hotspot\share\interpreter\linkResolver.cpp, line 773]
Event: 213.806 Thread 0x0000020fec9adff0 Exception <a 'java/lang/NoSuchMethodError'{0x00000000d5971eb8}: 'void java.lang.invoke.DelegatingMethodHandle$Holder.reinvoke_L(java.lang.Object, java.lang.Object, long)'> (0x00000000d5971eb8) 
thrown [s\src\hotspot\share\interpreter\linkResolver.cpp, line 773]
Event: 213.956 Thread 0x0000020fec9adff0 Exception <a 'java/lang/NoSuchMethodError'{0x00000000d5652678}: 'long java.lang.invoke.Invokers$Holder.invokeExact_MT(java.lang.Object, java.lang.Object, java.lang.Object)'> (0x00000000d5652678) 
thrown [s\src\hotspot\share\interpreter\linkResolver.cpp, line 773]
Event: 221.602 Thread 0x0000020fe6f4eeb0 Exception <a 'java/lang/ArrayIndexOutOfBoundsException'{0x00000000d56b1ac8}> (0x00000000d56b1ac8) 
thrown [s\src\hotspot\share\runtime\sharedRuntime.cpp, line 625]
Event: 356.647 Thread 0x0000020fe49c5050 Exception <a 'sun/nio/fs/WindowsException'{0x00000000d5737110}> (0x00000000d5737110) 
thrown [s\src\hotspot\share\prims\jni.cpp, line 520]
Event: 356.650 Thread 0x0000020fe49c5050 Exception <a 'sun/nio/fs/WindowsException'{0x00000000d5737c28}> (0x00000000d5737c28) 
thrown [s\src\hotspot\share\prims\jni.cpp, line 520]
Event: 356.682 Thread 0x0000020fe49c5050 Implicit null exception at 0x0000020f91c6b006 to 0x0000020f91c6b2a0
Event: 357.362 Thread 0x0000020fe49c5050 Exception <a 'java/lang/NoSuchMethodError'{0x00000000d57eb858}: static [J.<clinit>()V> (0x00000000d57eb858) 
thrown [s\src\hotspot\share\prims\jni.cpp, line 1111]
Event: 357.609 Thread 0x0000020fe49c5050 Exception <a 'java/lang/NoSuchMethodError'{0x00000000d58ab9d0}: 'java.lang.Object java.lang.invoke.DirectMethodHandle$Holder.newInvokeSpecial(java.lang.Object, java.lang.Object, java.lang.Object, java.lang.Object, java.lang.Object, java.lang.Object, java.lang.Object, java.lang.Object)'> (0x00000000d58ab9d0) 
thrown [s\src\hotspot\share\interpreter\linkResolver.cpp, line 773]

ZGC Phase Switch (0 events):
No events

VM Operations (20 events):
Event: 300.857 Executing VM operation: RendezvousGCThreads
Event: 300.857 Executing VM operation: RendezvousGCThreads done
Event: 319.879 Executing VM operation: Cleanup
Event: 319.880 Executing VM operation: Cleanup done
Event: 356.911 Executing VM operation: Cleanup
Event: 357.069 Executing VM operation: Cleanup done
Event: 357.069 Executing VM operation: HandshakeAllThreads (Deoptimize)
Event: 357.080 Executing VM operation: HandshakeAllThreads (Deoptimize) done
Event: 357.637 Executing VM operation: HandshakeAllThreads (Deoptimize)
Event: 357.637 Executing VM operation: HandshakeAllThreads (Deoptimize) done
Event: 358.645 Executing VM operation: Cleanup
Event: 358.645 Executing VM operation: Cleanup done
Event: 361.043 Executing VM operation: HandshakeAllThreads (HandshakeForDeflation)
Event: 361.044 Executing VM operation: HandshakeAllThreads (HandshakeForDeflation) done
Event: 361.044 Executing VM operation: RendezvousGCThreads
Event: 361.044 Executing VM operation: RendezvousGCThreads done
Event: 541.613 Executing VM operation: HandshakeAllThreads (HandshakeForDeflation)
Event: 541.651 Executing VM operation: HandshakeAllThreads (HandshakeForDeflation) done
Event: 541.651 Executing VM operation: RendezvousGCThreads
Event: 541.652 Executing VM operation: RendezvousGCThreads done

Memory protections (0 events):
No events

Nmethod flushes (20 events):
Event: 61.775 Thread 0x0000020f9d2e2510 flushing  nmethod 0x0000020f8a318690
Event: 61.775 Thread 0x0000020f9d2e2510 flushing  nmethod 0x0000020f8a331b10
Event: 61.775 Thread 0x0000020f9d2e2510 flushing  nmethod 0x0000020f8a340710
Event: 61.775 Thread 0x0000020f9d2e2510 flushing  nmethod 0x0000020f8a378490
Event: 61.775 Thread 0x0000020f9d2e2510 flushing  nmethod 0x0000020f8a381d10
Event: 61.775 Thread 0x0000020f9d2e2510 flushing  nmethod 0x0000020f8a38d790
Event: 61.775 Thread 0x0000020f9d2e2510 flushing  nmethod 0x0000020f8a390b90
Event: 61.775 Thread 0x0000020f9d2e2510 flushing  nmethod 0x0000020f8a395790
Event: 61.775 Thread 0x0000020f9d2e2510 flushing  nmethod 0x0000020f8a39f690
Event: 61.775 Thread 0x0000020f9d2e2510 flushing  nmethod 0x0000020f8a3afb10
Event: 61.775 Thread 0x0000020f9d2e2510 flushing  nmethod 0x0000020f8a3b7f10
Event: 61.775 Thread 0x0000020f9d2e2510 flushing  nmethod 0x0000020f8a3be210
Event: 61.775 Thread 0x0000020f9d2e2510 flushing  nmethod 0x0000020f8a405b90
Event: 61.775 Thread 0x0000020f9d2e2510 flushing  nmethod 0x0000020f8a406190
Event: 61.775 Thread 0x0000020f9d2e2510 flushing  nmethod 0x0000020f8a406a10
Event: 61.775 Thread 0x0000020f9d2e2510 flushing  nmethod 0x0000020f8a409f10
Event: 61.775 Thread 0x0000020f9d2e2510 flushing  nmethod 0x0000020f8a410710
Event: 61.775 Thread 0x0000020f9d2e2510 flushing  nmethod 0x0000020f8a412f10
Event: 61.775 Thread 0x0000020f9d2e2510 flushing  nmethod 0x0000020f8a427490
Event: 61.775 Thread 0x0000020f9d2e2510 flushing  nmethod 0x0000020f8a429a90

Events (20 events):
Event: 357.466 Thread 0x0000020fe49c5050 Thread added: 0x0000020fec9a9e50
Event: 357.483 Thread 0x0000020fec9a9e50 Thread exited: 0x0000020fec9a9e50
Event: 359.377 Thread 0x0000020fe412b830 Thread exited: 0x0000020fe412b830
Event: 359.377 Thread 0x0000020fe412cbe0 Thread exited: 0x0000020fe412cbe0
Event: 359.409 Thread 0x0000020fe412df90 Thread exited: 0x0000020fe412df90
Event: 359.409 Thread 0x0000020fe412c550 Thread exited: 0x0000020fe412c550
Event: 363.774 Thread 0x0000020fe412b1a0 Thread exited: 0x0000020fe412b1a0
Event: 363.902 Thread 0x0000020fe41306f0 Thread exited: 0x0000020fe41306f0
Event: 364.015 Thread 0x0000020fe412ab10 Thread exited: 0x0000020fe412ab10
Event: 364.072 Thread 0x0000020fe412d900 Thread exited: 0x0000020fe412d900
Event: 364.164 Thread 0x0000020fe4131410 Thread exited: 0x0000020fe4131410
Event: 364.271 Thread 0x0000020fe412f340 Thread exited: 0x0000020fe412f340
Event: 364.304 Thread 0x0000020fe6f52330 Thread exited: 0x0000020fe6f52330
Event: 364.514 Thread 0x0000020fe4130060 Thread exited: 0x0000020fe4130060
Event: 375.276 Thread 0x0000020fe412f9d0 Thread exited: 0x0000020fe412f9d0
Event: 401.631 Thread 0x0000020fe6f51610 Thread exited: 0x0000020fe6f51610
Event: 424.408 Thread 0x0000020fe6f529c0 Thread exited: 0x0000020fe6f529c0
Event: 461.630 Thread 0x0000020fe6f4cde0 Thread exited: 0x0000020fe6f4cde0
Event: 484.356 Thread 0x0000020fe6f4c750 Thread exited: 0x0000020fe6f4c750
Event: 521.821 Thread 0x0000020fe6f50f80 Thread exited: 0x0000020fe6f50f80


Dynamic libraries:
0x00007ff6023d0000 - 0x00007ff6023de000 	c:\Users\CETECOM\.vscode\extensions\redhat.java-1.50.0-win32-x64\jre\21.0.9-win32-x86_64\bin\java.exe
0x00007ffa51590000 - 0x00007ffa51788000 	C:\WINDOWS\SYSTEM32\ntdll.dll
0x00007ffa4fbd0000 - 0x00007ffa4fc92000 	C:\WINDOWS\System32\KERNEL32.DLL
0x00007ffa4efa0000 - 0x00007ffa4f296000 	C:\WINDOWS\System32\KERNELBASE.dll
0x00007ffa4f4b0000 - 0x00007ffa4f5b0000 	C:\WINDOWS\System32\ucrtbase.dll
0x00007ffa25de0000 - 0x00007ffa25dfe000 	c:\Users\CETECOM\.vscode\extensions\redhat.java-1.50.0-win32-x64\jre\21.0.9-win32-x86_64\bin\VCRUNTIME140.dll
0x00007ffa3cb30000 - 0x00007ffa3cb48000 	c:\Users\CETECOM\.vscode\extensions\redhat.java-1.50.0-win32-x64\jre\21.0.9-win32-x86_64\bin\jli.dll
0x00007ffa512e0000 - 0x00007ffa51481000 	C:\WINDOWS\System32\USER32.dll
0x00007ffa3f490000 - 0x00007ffa3f72b000 	C:\WINDOWS\WinSxS\amd64_microsoft.windows.common-controls_6595b64144ccf1df_6.0.19041.6456_none_60b8a6cb71f64256\COMCTL32.dll
0x00007ffa510d0000 - 0x00007ffa5116e000 	C:\WINDOWS\System32\msvcrt.dll
0x00007ffa4f480000 - 0x00007ffa4f4a2000 	C:\WINDOWS\System32\win32u.dll
0x00007ffa4f5b0000 - 0x00007ffa4f5db000 	C:\WINDOWS\System32\GDI32.dll
0x00007ffa4f2a0000 - 0x00007ffa4f3b9000 	C:\WINDOWS\System32\gdi32full.dll
0x00007ffa4ec20000 - 0x00007ffa4ecbd000 	C:\WINDOWS\System32\msvcp_win.dll
0x00007ffa512b0000 - 0x00007ffa512df000 	C:\WINDOWS\System32\IMM32.DLL
0x00007ffa3f440000 - 0x00007ffa3f44c000 	c:\Users\CETECOM\.vscode\extensions\redhat.java-1.50.0-win32-x64\jre\21.0.9-win32-x86_64\bin\vcruntime140_1.dll
0x00007ffa11a70000 - 0x00007ffa11afd000 	c:\Users\CETECOM\.vscode\extensions\redhat.java-1.50.0-win32-x64\jre\21.0.9-win32-x86_64\bin\msvcp140.dll
0x00007ff9f2ce0000 - 0x00007ff9f3a80000 	c:\Users\CETECOM\.vscode\extensions\redhat.java-1.50.0-win32-x64\jre\21.0.9-win32-x86_64\bin\server\jvm.dll
0x00007ffa51490000 - 0x00007ffa51541000 	C:\WINDOWS\System32\ADVAPI32.dll
0x00007ffa4fca0000 - 0x00007ffa4fd3f000 	C:\WINDOWS\System32\sechost.dll
0x00007ffa4fa20000 - 0x00007ffa4fb40000 	C:\WINDOWS\System32\RPCRT4.dll
0x00007ffa4f450000 - 0x00007ffa4f477000 	C:\WINDOWS\System32\bcrypt.dll
0x00007ffa50650000 - 0x00007ffa506bb000 	C:\WINDOWS\System32\WS2_32.dll
0x00007ffa4e9d0000 - 0x00007ffa4ea1b000 	C:\WINDOWS\SYSTEM32\POWRPROF.dll
0x00007ffa437d0000 - 0x00007ffa437f7000 	C:\WINDOWS\SYSTEM32\WINMM.dll
0x00007ffa45810000 - 0x00007ffa4581a000 	C:\WINDOWS\SYSTEM32\VERSION.dll
0x00007ffa4e9b0000 - 0x00007ffa4e9c2000 	C:\WINDOWS\SYSTEM32\UMPDC.dll
0x00007ffa4ca50000 - 0x00007ffa4ca62000 	C:\WINDOWS\SYSTEM32\kernel.appcore.dll
0x00007ffa3e270000 - 0x00007ffa3e27a000 	c:\Users\CETECOM\.vscode\extensions\redhat.java-1.50.0-win32-x64\jre\21.0.9-win32-x86_64\bin\jimage.dll
0x00007ffa44200000 - 0x00007ffa44401000 	C:\WINDOWS\SYSTEM32\DBGHELP.DLL
0x00007ffa27fb0000 - 0x00007ffa27fe4000 	C:\WINDOWS\SYSTEM32\dbgcore.DLL
0x00007ffa4f3c0000 - 0x00007ffa4f442000 	C:\WINDOWS\System32\bcryptPrimitives.dll
0x00007ffa3ce00000 - 0x00007ffa3ce0f000 	c:\Users\CETECOM\.vscode\extensions\redhat.java-1.50.0-win32-x64\jre\21.0.9-win32-x86_64\bin\instrument.dll
0x00007ffa25dc0000 - 0x00007ffa25de0000 	c:\Users\CETECOM\.vscode\extensions\redhat.java-1.50.0-win32-x64\jre\21.0.9-win32-x86_64\bin\java.dll
0x00007ffa4fee0000 - 0x00007ffa50650000 	C:\WINDOWS\System32\SHELL32.dll
0x00007ffa4cc50000 - 0x00007ffa4d3f5000 	C:\WINDOWS\SYSTEM32\windows.storage.dll
0x00007ffa507f0000 - 0x00007ffa50b44000 	C:\WINDOWS\System32\combase.dll
0x00007ffa4e490000 - 0x00007ffa4e4bb000 	C:\WINDOWS\SYSTEM32\Wldp.dll
0x00007ffa506c0000 - 0x00007ffa5078d000 	C:\WINDOWS\System32\OLEAUT32.dll
0x00007ffa4f970000 - 0x00007ffa4fa1d000 	C:\WINDOWS\System32\SHCORE.dll
0x00007ffa50fc0000 - 0x00007ffa5101b000 	C:\WINDOWS\System32\shlwapi.dll
0x00007ffa4eb50000 - 0x00007ffa4eb74000 	C:\WINDOWS\SYSTEM32\profapi.dll
0x00007ffa25d30000 - 0x00007ffa25d48000 	c:\Users\CETECOM\.vscode\extensions\redhat.java-1.50.0-win32-x64\jre\21.0.9-win32-x86_64\bin\zip.dll
0x00007ffa3d3f0000 - 0x00007ffa3d400000 	C:\Users\CETECOM\.vscode\extensions\redhat.java-1.50.0-win32-x64\jre\21.0.9-win32-x86_64\bin\net.dll
0x00007ffa46b30000 - 0x00007ffa46c3a000 	C:\WINDOWS\SYSTEM32\WINHTTP.dll
0x00007ffa4e270000 - 0x00007ffa4e2da000 	C:\WINDOWS\system32\mswsock.dll
0x00007ffa1e330000 - 0x00007ffa1e346000 	C:\Users\CETECOM\.vscode\extensions\redhat.java-1.50.0-win32-x64\jre\21.0.9-win32-x86_64\bin\nio.dll
0x00007ffa3cb50000 - 0x00007ffa3cb60000 	c:\Users\CETECOM\.vscode\extensions\redhat.java-1.50.0-win32-x64\jre\21.0.9-win32-x86_64\bin\verify.dll
0x00007ffa0fe30000 - 0x00007ffa0fe74000 	C:\Users\CETECOM\AppData\Roaming\Code\User\globalStorage\redhat.java\1.50.0\config_win\org.eclipse.equinox.launcher\org.eclipse.equinox.launcher.win32.win32.x86_64_1.2.1400.v20250801-0854\eclipse_11916.dll
0x00007ffa51170000 - 0x00007ffa5129b000 	C:\WINDOWS\System32\ole32.dll
0x00007ffa4e4d0000 - 0x00007ffa4e4e8000 	C:\WINDOWS\SYSTEM32\CRYPTSP.dll
0x00007ffa4dbb0000 - 0x00007ffa4dbe8000 	C:\WINDOWS\system32\rsaenh.dll
0x00007ffa4ead0000 - 0x00007ffa4eafe000 	C:\WINDOWS\SYSTEM32\USERENV.dll
0x00007ffa4e400000 - 0x00007ffa4e40c000 	C:\WINDOWS\SYSTEM32\CRYPTBASE.dll
0x00007ffa4df70000 - 0x00007ffa4dfab000 	C:\WINDOWS\SYSTEM32\IPHLPAPI.DLL
0x00007ffa4fdb0000 - 0x00007ffa4fdb8000 	C:\WINDOWS\System32\NSI.dll
0x00007ffa0d500000 - 0x00007ffa0d549000 	C:\Users\CETECOM\AppData\Local\Temp\jna-1388314158\jna7857491881935627429.dll
0x00007ffa512a0000 - 0x00007ffa512a8000 	C:\WINDOWS\System32\PSAPI.DLL
0x00007ffa45910000 - 0x00007ffa45927000 	C:\WINDOWS\SYSTEM32\dhcpcsvc6.DLL
0x00007ffa46480000 - 0x00007ffa4649d000 	C:\WINDOWS\SYSTEM32\dhcpcsvc.DLL
0x00007ffa25c90000 - 0x00007ffa25c9e000 	C:\Users\CETECOM\.vscode\extensions\redhat.java-1.50.0-win32-x64\jre\21.0.9-win32-x86_64\bin\sunmscapi.dll
0x00007ffa4ed90000 - 0x00007ffa4eeed000 	C:\WINDOWS\System32\CRYPT32.dll
0x00007ffa4e650000 - 0x00007ffa4e677000 	C:\WINDOWS\SYSTEM32\ncrypt.dll
0x00007ffa4e610000 - 0x00007ffa4e64b000 	C:\WINDOWS\SYSTEM32\NTASN1.dll
0x00007ffa25aa0000 - 0x00007ffa25aa9000 	C:\Users\CETECOM\.vscode\extensions\redhat.java-1.50.0-win32-x64\jre\21.0.9-win32-x86_64\bin\extnet.dll

JVMTI agents:
c:\Users\CETECOM\.vscode\extensions\redhat.java-1.50.0-win32-x64\lombok\lombok-1.18.39-4050.jar path:c:\Users\CETECOM\.vscode\extensions\redhat.java-1.50.0-win32-x64\jre\21.0.9-win32-x86_64\bin\instrument.dll, loaded, initialized, instrumentlib options:none

dbghelp: loaded successfully - version: 4.0.5 - missing functions: none
symbol engine: initialized successfully - sym options: 0x614 - pdb path: .;c:\Users\CETECOM\.vscode\extensions\redhat.java-1.50.0-win32-x64\jre\21.0.9-win32-x86_64\bin;C:\WINDOWS\SYSTEM32;C:\WINDOWS\WinSxS\amd64_microsoft.windows.common-controls_6595b64144ccf1df_6.0.19041.6456_none_60b8a6cb71f64256;c:\Users\CETECOM\.vscode\extensions\redhat.java-1.50.0-win32-x64\jre\21.0.9-win32-x86_64\bin\server;C:\Users\CETECOM\AppData\Roaming\Code\User\globalStorage\redhat.java\1.50.0\config_win\org.eclipse.equinox.launcher\org.eclipse.equinox.launcher.win32.win32.x86_64_1.2.1400.v20250801-0854;C:\Users\CETECOM\AppData\Local\Temp\jna-1388314158

VM Arguments:
jvm_args: --add-modules=ALL-SYSTEM --add-opens=java.base/java.util=ALL-UNNAMED --add-opens=java.base/java.lang=ALL-UNNAMED --add-opens=java.base/sun.nio.fs=ALL-UNNAMED -Declipse.application=org.eclipse.jdt.ls.core.id1 -Dosgi.bundles.defaultStartLevel=4 -Declipse.product=org.eclipse.jdt.ls.core.product -Djava.import.generatesMetadataFilesAtProjectRoot=false -DDetectVMInstallationsJob.disabled=true -Dfile.encoding=utf8 -XX:+UseParallelGC -XX:GCTimeRatio=4 -XX:AdaptiveSizePolicyWeight=90 -Dsun.zip.disableMemoryMapping=true -Xmx2G -Xms100m -Xlog:disable -javaagent:c:\Users\CETECOM\.vscode\extensions\redhat.java-1.50.0-win32-x64\lombok\lombok-1.18.39-4050.jar -XX:+HeapDumpOnOutOfMemoryError -XX:HeapDumpPath=c:\Users\CETECOM\AppData\Roaming\Code\User\workspaceStorage\57ae672ed4960f5eec4c251ee6551935\redhat.java -Daether.dependencyCollector.impl=bf 
java_command: c:\Users\CETECOM\.vscode\extensions\redhat.java-1.50.0-win32-x64\server\plugins\org.eclipse.equinox.launcher_1.7.100.v20251111-0406.jar -configuration c:\Users\CETECOM\AppData\Roaming\Code\User\globalStorage\redhat.java\1.50.0\config_win -data c:\Users\CETECOM\AppData\Roaming\Code\User\workspaceStorage\57ae672ed4960f5eec4c251ee6551935\redhat.java\jdt_ws --pipe=\\.\pipe\lsp-6508e83a8db52a84ee04b6aec037de42-sock
java_class_path (initial): c:\Users\CETECOM\.vscode\extensions\redhat.java-1.50.0-win32-x64\server\plugins\org.eclipse.equinox.launcher_1.7.100.v20251111-0406.jar
Launcher Type: SUN_STANDARD

[Global flags]
    uintx AdaptiveSizePolicyWeight                 = 90                                        {product} {command line}
     intx CICompilerCount                          = 4                                         {product} {ergonomic}
    uintx GCTimeRatio                              = 4                                         {product} {command line}
     bool HeapDumpOnOutOfMemoryError               = true                                   {manageable} {command line}
    ccstr HeapDumpPath                             = c:\Users\CETECOM\AppData\Roaming\Code\User\workspaceStorage\57ae672ed4960f5eec4c251ee6551935\redhat.java         {manageable} {command line}
   size_t InitialHeapSize                          = 104857600                                 {product} {command line}
   size_t MaxHeapSize                              = 2147483648                                {product} {command line}
   size_t MaxNewSize                               = 715653120                                 {product} {ergonomic}
   size_t MinHeapDeltaBytes                        = 524288                                    {product} {ergonomic}
   size_t MinHeapSize                              = 104857600                                 {product} {command line}
   size_t NewSize                                  = 34603008                                  {product} {ergonomic}
    uintx NonNMethodCodeHeapSize                   = 5839372                                {pd product} {ergonomic}
    uintx NonProfiledCodeHeapSize                  = 122909434                              {pd product} {ergonomic}
   size_t OldSize                                  = 70254592                                  {product} {ergonomic}
    uintx ProfiledCodeHeapSize                     = 122909434                              {pd product} {ergonomic}
    uintx ReservedCodeCacheSize                    = 251658240                              {pd product} {ergonomic}
     bool SegmentedCodeCache                       = true                                      {product} {ergonomic}
   size_t SoftMaxHeapSize                          = 2147483648                             {manageable} {ergonomic}
     bool UseCompressedOops                        = true                           {product lp64_product} {ergonomic}
     bool UseLargePagesIndividualAllocation        = false                                  {pd product} {ergonomic}
     bool UseParallelGC                            = true                                      {product} {command line}

Logging:
Log output configuration:
 #0: stdout all=off uptime,level,tags foldmultilines=false
 #1: stderr all=off uptime,level,tags foldmultilines=false

Release file:
JAVA_VERSION="21.0.9" 
MODULES="java.base java.compiler java.datatransfer java.xml java.prefs java.desktop java.instrument java.logging java.management java.security.sasl java.naming java.rmi java.management.rmi java.net.http java.scripting java.security.jgss java.transaction.xa java.sql java.sql.rowset java.xml.crypto java.se java.smartcardio jdk.accessibility jdk.internal.jvmstat jdk.attach jdk.charsets jdk.internal.opt jdk.zipfs jdk.compiler jdk.crypto.ec jdk.crypto.cryptoki jdk.crypto.mscapi jdk.dynalink jdk.internal.ed jdk.editpad jdk.hotspot.agent jdk.httpserver jdk.internal.le jdk.internal.vm.ci jdk.internal.vm.compiler jdk.internal.vm.compiler.management jdk.jartool jdk.javadoc jdk.jcmd jdk.management jdk.management.agent jdk.jconsole jdk.jdeps jdk.jdwp.agent jdk.jdi jdk.jfr jdk.jshell jdk.jsobject jdk.jstatd jdk.localedata jdk.management.jfr jdk.naming.dns jdk.naming.rmi jdk.net jdk.nio.mapmode jdk.random jdk.sctp jdk.security.auth jdk.security.jgss jdk.unsupported jdk.unsupported.desktop jdk.xml.dom" 

Environment Variables:
PATH=C:\Program Files\Common Files\Oracle\Java\javapath;C:\app\CETECOM\product\21c\dbhomeXE\bin;C:\WINDOWS\system32;C:\WINDOWS;C:\WINDOWS\System32\Wbem;C:\WINDOWS\System32\WindowsPowerShell\v1.0\;C:\WINDOWS\System32\OpenSSH\;C:\Program Files\WezTerm;C:\Program Files\Git\cmd;C:\Users\CETECOM\scoop\shims;C:\Users\CETECOM\AppData\Local\Microsoft\WindowsApps;C:\Users\CETECOM\AppData\Local\Programs\Microsoft VS Code\bin;C:\Program Files (x86)\MongoDB Atlas CLI\
USERNAME=CETECOM
OS=Windows_NT
PROCESSOR_IDENTIFIER=AMD64 Family 23 Model 24 Stepping 1, AuthenticAMD
TMP=C:\Users\CETECOM\AppData\Local\Temp
TEMP=C:\Users\CETECOM\AppData\Local\Temp




Periodic native trim disabled

---------------  S Y S T E M  ---------------

OS:
 Windows 10 , 64 bit Build 19041 (10.0.19041.5915)
OS uptime: 8 days 13:03 hours
Hyper-V role detected

CPU: total 8 (initial active 8) (8 cores per cpu, 2 threads per core) family 23 model 24 stepping 1 microcode 0x0, cx8, cmov, fxsr, ht, mmx, 3dnowpref, sse, sse2, sse3, ssse3, sse4a, sse4.1, sse4.2, popcnt, lzcnt, tsc, tscinvbit, avx, avx2, aes, clmul, bmi1, bmi2, adx, sha, fma, vzeroupper, clflush, clflushopt, hv, rdtscp, f16c
Processor Information for the first 8 processors :
  Max Mhz: 2100, Current Mhz: 2100, Mhz Limit: 2100

Memory: 4k page, system-wide physical 6030M (260M free)
TotalPageFile size 24462M (AvailPageFile size 16M)
current process WorkingSet (physical memory assigned to process): 9M, peak: 407M
current process commit charge ("private bytes"): 562M, peak: 565M

vm_info: OpenJDK 64-Bit Server VM (21.0.9+10-LTS) for windows-amd64 JRE (21.0.9+10-LTS), built on 2025-10-21T00:00:00Z by "admin" with unknown MS VC++:1942

END.
